<!DOCTYPE html>
<html>
<head>
<meta http-equiv="Content-Type" content="text/html; charset=utf-8"/>
<meta http-equiv="x-ua-compatible" content="IE=edge"/>
<title>Test results - Class com.dotcms.rest.api.v1.workflow.WorkflowResourceIntegrationTest</title>
<link href="../css/base-style.css" rel="stylesheet" type="text/css"/>
<link href="../css/style.css" rel="stylesheet" type="text/css"/>
<script src="../js/report.js" type="text/javascript"></script>
</head>
<body>
<div id="content">
<h1>Class com.dotcms.rest.api.v1.workflow.WorkflowResourceIntegrationTest</h1>
<div class="breadcrumbs">
<a href="../index.html">all</a> &gt; 
<a href="../packages/com.dotcms.rest.api.v1.workflow.html">com.dotcms.rest.api.v1.workflow</a> &gt; WorkflowResourceIntegrationTest</div>
<div id="summary">
<table>
<tr>
<td>
<div class="summaryGroup">
<table>
<tr>
<td>
<div class="infoBox" id="tests">
<div class="counter">26</div>
<p>tests</p>
</div>
</td>
<td>
<div class="infoBox" id="failures">
<div class="counter">1</div>
<p>failures</p>
</div>
</td>
<td>
<div class="infoBox" id="ignored">
<div class="counter">0</div>
<p>ignored</p>
</div>
</td>
<td>
<div class="infoBox" id="duration">
<div class="counter">3m9.74s</div>
<p>duration</p>
</div>
</td>
</tr>
</table>
</div>
</td>
<td>
<div class="infoBox failures" id="successRate">
<div class="percent">96%</div>
<p>successful</p>
</div>
</td>
</tr>
</table>
</div>
<div id="tabs">
<ul class="tabLinks">
<li>
<a href="#tab0">Failed tests</a>
</li>
<li>
<a href="#tab1">Tests</a>
</li>
<li>
<a href="#tab2">Standard output</a>
</li>
</ul>
<div id="tab0" class="tab">
<h2>Failed tests</h2>
<div class="test">
<a name="Test_Get_Bulk_Actions_For_Contentlet_Ids"></a>
<h3 class="failures">Test_Get_Bulk_Actions_For_Contentlet_Ids</h3>
<span class="code">
<pre>com.dotmarketing.exception.DotRuntimeException: An error occurred when executing the Lucene Query [ {&quot;size&quot;:10,&quot;timeout&quot;:&quot;15000ms&quot;,&quot;query&quot;:{&quot;match_all&quot;:{&quot;boost&quot;:1.0}},&quot;post_filter&quot;:{&quot;query_string&quot;:{&quot;query&quot;:&quot;+contenttype:testvarname1596052986706 +wfscheme:d61a59e1-a49c-46f2-a929-db2b4bfa88b2 +languageid:1 +deleted:false&quot;,&quot;fields&quot;:[],&quot;type&quot;:&quot;best_fields&quot;,&quot;default_operator&quot;:&quot;or&quot;,&quot;max_determinized_states&quot;:10000,&quot;enable_position_increments&quot;:true,&quot;fuzziness&quot;:&quot;AUTO&quot;,&quot;fuzzy_prefix_length&quot;:0,&quot;fuzzy_max_expansions&quot;:50,&quot;phrase_slop&quot;:0,&quot;escape&quot;:false,&quot;auto_generate_synonyms_phrase_query&quot;:true,&quot;fuzzy_transpositions&quot;:true,&quot;boost&quot;:1.0}},&quot;_source&quot;:{&quot;includes&quot;:[&quot;inode&quot;,&quot;identifier&quot;],&quot;excludes&quot;:[]},&quot;sort&quot;:[{&quot;moddate_dotraw&quot;:{&quot;order&quot;:&quot;desc&quot;}}]} ] : Timeout connecting to [elasticsearch/172.18.0.2:9200]
	at com.dotcms.content.elasticsearch.business.ESContentFactoryImpl.cachedIndexSearch(ESContentFactoryImpl.java:1614)
	at com.dotcms.content.elasticsearch.business.ESContentFactoryImpl.indexSearch(ESContentFactoryImpl.java:1687)
	at com.dotcms.content.elasticsearch.business.ESContentletAPIImpl.searchIndex(ESContentletAPIImpl.java:972)
	at com.dotcms.content.elasticsearch.business.ESContentletAPIImpl.search(ESContentletAPIImpl.java:830)
	at com.dotcms.content.elasticsearch.business.ESContentletAPIImpl.search(ESContentletAPIImpl.java:821)
	at com.dotmarketing.portlets.contentlet.business.ContentletAPIInterceptor.search(ContentletAPIInterceptor.java:1757)
	at com.dotcms.rest.api.v1.workflow.WorkflowTestUtil.findContentSamplesByType(WorkflowTestUtil.java:366)
	at com.dotcms.rest.api.v1.workflow.WorkflowTestUtil.collectSampleContent(WorkflowTestUtil.java:385)
	at com.dotcms.rest.api.v1.workflow.WorkflowResourceIntegrationTest.Test_Get_Bulk_Actions_For_Contentlet_Ids(WorkflowResourceIntegrationTest.java:848)
	at sun.reflect.NativeMethodAccessorImpl.invoke0(Native Method)
	at sun.reflect.NativeMethodAccessorImpl.invoke(NativeMethodAccessorImpl.java:62)
	at sun.reflect.DelegatingMethodAccessorImpl.invoke(DelegatingMethodAccessorImpl.java:43)
	at java.lang.reflect.Method.invoke(Method.java:498)
	at org.junit.runners.model.FrameworkMethod$1.runReflectiveCall(FrameworkMethod.java:50)
	at org.junit.internal.runners.model.ReflectiveCallable.run(ReflectiveCallable.java:12)
	at org.junit.runners.model.FrameworkMethod.invokeExplosively(FrameworkMethod.java:47)
	at org.junit.internal.runners.statements.InvokeMethod.evaluate(InvokeMethod.java:17)
	at org.junit.internal.runners.statements.RunBefores.evaluate(RunBefores.java:26)
	at org.junit.internal.runners.statements.RunAfters.evaluate(RunAfters.java:27)
	at org.junit.rules.TestWatcher$1.evaluate(TestWatcher.java:55)
	at org.junit.rules.RunRules.evaluate(RunRules.java:20)
	at org.junit.runners.ParentRunner.runLeaf(ParentRunner.java:325)
	at com.dotcms.junit.CustomDataProviderRunner.runChild(CustomDataProviderRunner.java:28)
	at com.dotcms.junit.CustomDataProviderRunner.runChild(CustomDataProviderRunner.java:13)
	at org.junit.runners.ParentRunner$3.run(ParentRunner.java:290)
	at org.junit.runners.ParentRunner$1.schedule(ParentRunner.java:71)
	at org.junit.runners.ParentRunner.runChildren(ParentRunner.java:288)
	at org.junit.runners.ParentRunner.access$000(ParentRunner.java:58)
	at org.junit.runners.ParentRunner$2.evaluate(ParentRunner.java:268)
	at org.junit.internal.runners.statements.RunBefores.evaluate(RunBefores.java:26)
	at org.junit.runners.ParentRunner.run(ParentRunner.java:363)
	at org.junit.runners.Suite.runChild(Suite.java:128)
	at org.junit.runners.Suite.runChild(Suite.java:27)
	at org.junit.runners.ParentRunner$3.run(ParentRunner.java:290)
	at org.junit.runners.ParentRunner$1.schedule(ParentRunner.java:71)
	at org.junit.runners.ParentRunner.runChildren(ParentRunner.java:288)
	at org.junit.runners.ParentRunner.access$000(ParentRunner.java:58)
	at org.junit.runners.ParentRunner$2.evaluate(ParentRunner.java:268)
	at org.junit.runners.ParentRunner.run(ParentRunner.java:363)
	at org.gradle.api.internal.tasks.testing.junit.JUnitTestClassExecuter.runTestClass(JUnitTestClassExecuter.java:114)
	at org.gradle.api.internal.tasks.testing.junit.JUnitTestClassExecuter.execute(JUnitTestClassExecuter.java:57)
	at org.gradle.api.internal.tasks.testing.junit.JUnitTestClassProcessor.processTestClass(JUnitTestClassProcessor.java:66)
	at org.gradle.api.internal.tasks.testing.SuiteTestClassProcessor.processTestClass(SuiteTestClassProcessor.java:51)
	at sun.reflect.NativeMethodAccessorImpl.invoke0(Native Method)
	at sun.reflect.NativeMethodAccessorImpl.invoke(NativeMethodAccessorImpl.java:62)
	at sun.reflect.DelegatingMethodAccessorImpl.invoke(DelegatingMethodAccessorImpl.java:43)
	at java.lang.reflect.Method.invoke(Method.java:498)
	at org.gradle.internal.dispatch.ReflectionDispatch.dispatch(ReflectionDispatch.java:35)
	at org.gradle.internal.dispatch.ReflectionDispatch.dispatch(ReflectionDispatch.java:24)
	at org.gradle.internal.dispatch.ContextClassLoaderDispatch.dispatch(ContextClassLoaderDispatch.java:32)
	at org.gradle.internal.dispatch.ProxyDispatchAdapter$DispatchingInvocationHandler.invoke(ProxyDispatchAdapter.java:93)
	at com.sun.proxy.$Proxy1.processTestClass(Unknown Source)
	at org.gradle.api.internal.tasks.testing.worker.TestWorker.processTestClass(TestWorker.java:108)
	at sun.reflect.NativeMethodAccessorImpl.invoke0(Native Method)
	at sun.reflect.NativeMethodAccessorImpl.invoke(NativeMethodAccessorImpl.java:62)
	at sun.reflect.DelegatingMethodAccessorImpl.invoke(DelegatingMethodAccessorImpl.java:43)
	at java.lang.reflect.Method.invoke(Method.java:498)
	at org.gradle.internal.dispatch.ReflectionDispatch.dispatch(ReflectionDispatch.java:35)
	at org.gradle.internal.dispatch.ReflectionDispatch.dispatch(ReflectionDispatch.java:24)
	at org.gradle.internal.remote.internal.hub.MessageHubBackedObjectConnection$DispatchWrapper.dispatch(MessageHubBackedObjectConnection.java:146)
	at org.gradle.internal.remote.internal.hub.MessageHubBackedObjectConnection$DispatchWrapper.dispatch(MessageHubBackedObjectConnection.java:128)
	at org.gradle.internal.remote.internal.hub.MessageHub$Handler.run(MessageHub.java:404)
	at org.gradle.internal.concurrent.ExecutorPolicy$CatchAndRecordFailures.onExecute(ExecutorPolicy.java:63)
	at org.gradle.internal.concurrent.ManagedExecutorImpl$1.run(ManagedExecutorImpl.java:46)
	at java.util.concurrent.ThreadPoolExecutor.runWorker(ThreadPoolExecutor.java:1149)
	at java.util.concurrent.ThreadPoolExecutor$Worker.run(ThreadPoolExecutor.java:624)
	at org.gradle.internal.concurrent.ThreadFactoryImpl$ManagedThreadRunnable.run(ThreadFactoryImpl.java:55)
	at java.lang.Thread.run(Thread.java:748)
Caused by: java.net.ConnectException: Timeout connecting to [elasticsearch/172.18.0.2:9200]
	at org.elasticsearch.client.RestClient.extractAndWrapCause(RestClient.java:788)
	at org.elasticsearch.client.RestClient.performRequest(RestClient.java:218)
	at org.elasticsearch.client.RestClient.performRequest(RestClient.java:205)
	at org.elasticsearch.client.RestHighLevelClient.internalPerformRequest(RestHighLevelClient.java:1454)
	at org.elasticsearch.client.RestHighLevelClient.performRequest(RestHighLevelClient.java:1424)
	at org.elasticsearch.client.RestHighLevelClient.performRequestAndParseEntity(RestHighLevelClient.java:1394)
	at org.elasticsearch.client.RestHighLevelClient.search(RestHighLevelClient.java:930)
	at com.dotcms.content.elasticsearch.business.ESContentFactoryImpl.cachedIndexSearch(ESContentFactoryImpl.java:1596)
	... 67 more
Caused by: java.net.ConnectException: Timeout connecting to [elasticsearch/172.18.0.2:9200]
	at org.apache.http.nio.pool.RouteSpecificPool.timeout(RouteSpecificPool.java:169)
	at org.apache.http.nio.pool.AbstractNIOConnPool.requestTimeout(AbstractNIOConnPool.java:628)
	at org.apache.http.nio.pool.AbstractNIOConnPool$InternalSessionRequestCallback.timeout(AbstractNIOConnPool.java:894)
	at org.apache.http.impl.nio.reactor.SessionRequestImpl.timeout(SessionRequestImpl.java:183)
	at org.apache.http.impl.nio.reactor.DefaultConnectingIOReactor.processTimeouts(DefaultConnectingIOReactor.java:210)
	at org.apache.http.impl.nio.reactor.DefaultConnectingIOReactor.processEvents(DefaultConnectingIOReactor.java:155)
	at org.apache.http.impl.nio.reactor.AbstractMultiworkerIOReactor.execute(AbstractMultiworkerIOReactor.java:351)
	at org.apache.http.impl.nio.conn.PoolingNHttpClientConnectionManager.execute(PoolingNHttpClientConnectionManager.java:221)
	at org.apache.http.impl.nio.client.CloseableHttpAsyncClientBase$1.run(CloseableHttpAsyncClientBase.java:64)
	... 1 more
</pre>
</span>
</div>
</div>
<div id="tab1" class="tab">
<h2>Tests</h2>
<table>
<thead>
<tr>
<th>Test</th>
<th>Duration</th>
<th>Result</th>
</tr>
</thead>
<tr>
<td class="success">Test_Create_Instance_Of_Content_With_Mandatory_Fields_Then_Send_Partial_Number_Of_Required_Fields_Issue_15340</td>
<td>0.568s</td>
<td class="success">passed</td>
</tr>
<tr>
<td class="success">Test_Create_Instance_Of_Content_With_Numeric_Fields_Verify_Message_When_Setting_Invalid_Values_Issue_15340</td>
<td>0.385s</td>
<td class="success">passed</td>
</tr>
<tr>
<td class="success">Test_Find_Bulk_Actions_Then_Fire_Bulk_Actions_On_Custom_Content_Type_Then_Verify_Workflow_Changed</td>
<td>17.052s</td>
<td class="success">passed</td>
</tr>
<tr>
<td class="success">Test_Find_Bulk_Actions_Then_Fire_Bulk_Actions_On_Custom_Content_Type_with_Errors_Then_Verify_Workflow_Did_Not_Changed</td>
<td>1.230s</td>
<td class="success">passed</td>
</tr>
<tr>
<td class="success">Test_Fire_Bulk_Actions_For_Contentlet_Id</td>
<td>2m34.36s</td>
<td class="success">passed</td>
</tr>
<tr>
<td class="success">Test_Fire_Save_Instance_Then_Fire_Update_Instance</td>
<td>0.561s</td>
<td class="success">passed</td>
</tr>
<tr>
<td class="success">Test_Fire_Save_Remove_Image_Then_Verify_Fields_Were_Cleared_Issue_15340</td>
<td>0.574s</td>
<td class="success">passed</td>
</tr>
<tr>
<td class="failures">Test_Get_Bulk_Actions_For_Contentlet_Ids</td>
<td>2.791s</td>
<td class="failures">failed</td>
</tr>
<tr>
<td class="success">Test_Get_Bulk_Actions_For_Query</td>
<td>1.995s</td>
<td class="success">passed</td>
</tr>
<tr>
<td class="success">Test_Set_Value_on_All_NonRequired_Fields_Then_Fire_Save_Set_Null_Then_Verify_Fields_Were_Cleared_Issue_15340</td>
<td>4.194s</td>
<td class="success">passed</td>
</tr>
<tr>
<td class="success">testAddSchemaThenFindIt</td>
<td>0.007s</td>
<td class="success">passed</td>
</tr>
<tr>
<td class="success">testCreateSchemeThenAddStepsThenAddActions</td>
<td>0.051s</td>
<td class="success">passed</td>
</tr>
<tr>
<td class="success">testCreateSchemeThenAddStepsThenDeleteSteps</td>
<td>2.556s</td>
<td class="success">passed</td>
</tr>
<tr>
<td class="success">testCreateSchemeThenFindStepsBySchemeId</td>
<td>0.036s</td>
<td class="success">passed</td>
</tr>
<tr>
<td class="success">testDeleteScheme</td>
<td>0.082s</td>
<td class="success">passed</td>
</tr>
<tr>
<td class="success">testFindActionsByStepThenDeleteThem</td>
<td>0.063s</td>
<td class="success">passed</td>
</tr>
<tr>
<td class="success">testFireActionDefault_ContentWithCategories_Success</td>
<td>0.753s</td>
<td class="success">passed</td>
</tr>
<tr>
<td class="success">testFireActionDefault_ContentWithRelationships_Success</td>
<td>1.309s</td>
<td class="success">passed</td>
</tr>
<tr>
<td class="success">testImportScheme</td>
<td>0.147s</td>
<td class="success">passed</td>
</tr>
<tr>
<td class="success">testReorderStep</td>
<td>0.101s</td>
<td class="success">passed</td>
</tr>
<tr>
<td class="success">testSaveActionToStepThenFindActionsBySchemeThenFindByStep</td>
<td>0.059s</td>
<td class="success">passed</td>
</tr>
<tr>
<td class="success">testUpdateAction</td>
<td>0.044s</td>
<td class="success">passed</td>
</tr>
<tr>
<td class="success">testUpdateSchema</td>
<td>0.012s</td>
<td class="success">passed</td>
</tr>
<tr>
<td class="success">testUpdateSchemaUsingDupeName</td>
<td>0.019s</td>
<td class="success">passed</td>
</tr>
<tr>
<td class="success">testUpdateStep</td>
<td>0.034s</td>
<td class="success">passed</td>
</tr>
<tr>
<td class="success">test_Fire_Save_Content_Type_Binary_File</td>
<td>0.756s</td>
<td class="success">passed</td>
</tr>
</table>
</div>
<div id="tab2" class="tab">
<h2>Standard output</h2>
<span class="code">
<pre>




</pre>
</span>
</div>
</div>
<div id="footer">
<p>
<div>
<label class="hidden" id="label-for-line-wrapping-toggle" for="line-wrapping-toggle">Wrap lines
<input id="line-wrapping-toggle" type="checkbox" autocomplete="off"/>
</label>
</div>Generated by 
<a href="http://www.gradle.org">Gradle 4.4.1</a> at Jul 29, 2020 9:15:27 PM</p>
</div>
</div>
</body>
</html>
