<!DOCTYPE html>
<html>
<head>
<meta http-equiv="Content-Type" content="text/html; charset=utf-8"/>
<meta http-equiv="x-ua-compatible" content="IE=edge"/>
<title>Test results - Class com.dotcms.rest.api.v1.workflow.WorkflowResourceIntegrationTest</title>
<link href="../css/base-style.css" rel="stylesheet" type="text/css"/>
<link href="../css/style.css" rel="stylesheet" type="text/css"/>
<script src="../js/report.js" type="text/javascript"></script>
</head>
<body>
<div id="content">
<h1>Class com.dotcms.rest.api.v1.workflow.WorkflowResourceIntegrationTest</h1>
<div class="breadcrumbs">
<a href="../index.html">all</a> &gt; 
<a href="../packages/com.dotcms.rest.api.v1.workflow.html">com.dotcms.rest.api.v1.workflow</a> &gt; WorkflowResourceIntegrationTest</div>
<div id="summary">
<table>
<tr>
<td>
<div class="summaryGroup">
<table>
<tr>
<td>
<div class="infoBox" id="tests">
<div class="counter">26</div>
<p>tests</p>
</div>
</td>
<td>
<div class="infoBox" id="failures">
<div class="counter">1</div>
<p>failures</p>
</div>
</td>
<td>
<div class="infoBox" id="ignored">
<div class="counter">0</div>
<p>ignored</p>
</div>
</td>
<td>
<div class="infoBox" id="duration">
<div class="counter">3m6.81s</div>
<p>duration</p>
</div>
</td>
</tr>
</table>
</div>
</td>
<td>
<div class="infoBox failures" id="successRate">
<div class="percent">96%</div>
<p>successful</p>
</div>
</td>
</tr>
</table>
</div>
<div id="tabs">
<ul class="tabLinks">
<li>
<a href="#tab0">Failed tests</a>
</li>
<li>
<a href="#tab1">Tests</a>
</li>
<li>
<a href="#tab2">Standard output</a>
</li>
</ul>
<div id="tab0" class="tab">
<h2>Failed tests</h2>
<div class="test">
<a name="testFireActionDefault_ContentWithRelationships_Success"></a>
<h3 class="failures">testFireActionDefault_ContentWithRelationships_Success</h3>
<span class="code">
<pre>com.dotmarketing.exception.DotHibernateException: Unable to close Hibernate Session 
	at com.dotmarketing.db.HibernateUtil.commitTransaction(HibernateUtil.java:1158)
	at com.dotmarketing.db.LocalTransaction.wrapReturnWithListeners(LocalTransaction.java:62)
	at com.dotcms.aspects.interceptors.WrapInTransactionMethodInterceptor.invoke(WrapInTransactionMethodInterceptor.java:23)
	at com.dotcms.aspects.aspectj.WrapInTransactionAspect.invoke(WrapInTransactionAspect.java:41)
	at com.dotcms.contenttype.business.ContentTypeAPIImpl.delete(ContentTypeAPIImpl.java:81)
	at com.dotcms.rest.api.v1.workflow.WorkflowResourceIntegrationTest.testFireActionDefault_ContentWithRelationships_Success(WorkflowResourceIntegrationTest.java:2103)
	at sun.reflect.NativeMethodAccessorImpl.invoke0(Native Method)
	at sun.reflect.NativeMethodAccessorImpl.invoke(NativeMethodAccessorImpl.java:62)
	at sun.reflect.DelegatingMethodAccessorImpl.invoke(DelegatingMethodAccessorImpl.java:43)
	at java.lang.reflect.Method.invoke(Method.java:498)
	at org.junit.runners.model.FrameworkMethod$1.runReflectiveCall(FrameworkMethod.java:50)
	at org.junit.internal.runners.model.ReflectiveCallable.run(ReflectiveCallable.java:12)
	at org.junit.runners.model.FrameworkMethod.invokeExplosively(FrameworkMethod.java:47)
	at org.junit.internal.runners.statements.InvokeMethod.evaluate(InvokeMethod.java:17)
	at org.junit.internal.runners.statements.RunBefores.evaluate(RunBefores.java:26)
	at org.junit.internal.runners.statements.RunAfters.evaluate(RunAfters.java:27)
	at org.junit.rules.TestWatcher$1.evaluate(TestWatcher.java:55)
	at org.junit.rules.RunRules.evaluate(RunRules.java:20)
	at org.junit.runners.ParentRunner.runLeaf(ParentRunner.java:325)
	at com.dotcms.junit.CustomDataProviderRunner.runChild(CustomDataProviderRunner.java:28)
	at com.dotcms.junit.CustomDataProviderRunner.runChild(CustomDataProviderRunner.java:13)
	at org.junit.runners.ParentRunner$3.run(ParentRunner.java:290)
	at org.junit.runners.ParentRunner$1.schedule(ParentRunner.java:71)
	at org.junit.runners.ParentRunner.runChildren(ParentRunner.java:288)
	at org.junit.runners.ParentRunner.access$000(ParentRunner.java:58)
	at org.junit.runners.ParentRunner$2.evaluate(ParentRunner.java:268)
	at org.junit.internal.runners.statements.RunBefores.evaluate(RunBefores.java:26)
	at org.junit.runners.ParentRunner.run(ParentRunner.java:363)
	at org.junit.runners.Suite.runChild(Suite.java:128)
	at org.junit.runners.Suite.runChild(Suite.java:27)
	at org.junit.runners.ParentRunner$3.run(ParentRunner.java:290)
	at org.junit.runners.ParentRunner$1.schedule(ParentRunner.java:71)
	at org.junit.runners.ParentRunner.runChildren(ParentRunner.java:288)
	at org.junit.runners.ParentRunner.access$000(ParentRunner.java:58)
	at org.junit.runners.ParentRunner$2.evaluate(ParentRunner.java:268)
	at org.junit.runners.ParentRunner.run(ParentRunner.java:363)
	at org.gradle.api.internal.tasks.testing.junit.JUnitTestClassExecuter.runTestClass(JUnitTestClassExecuter.java:114)
	at org.gradle.api.internal.tasks.testing.junit.JUnitTestClassExecuter.execute(JUnitTestClassExecuter.java:57)
	at org.gradle.api.internal.tasks.testing.junit.JUnitTestClassProcessor.processTestClass(JUnitTestClassProcessor.java:66)
	at org.gradle.api.internal.tasks.testing.SuiteTestClassProcessor.processTestClass(SuiteTestClassProcessor.java:51)
	at sun.reflect.NativeMethodAccessorImpl.invoke0(Native Method)
	at sun.reflect.NativeMethodAccessorImpl.invoke(NativeMethodAccessorImpl.java:62)
	at sun.reflect.DelegatingMethodAccessorImpl.invoke(DelegatingMethodAccessorImpl.java:43)
	at java.lang.reflect.Method.invoke(Method.java:498)
	at org.gradle.internal.dispatch.ReflectionDispatch.dispatch(ReflectionDispatch.java:35)
	at org.gradle.internal.dispatch.ReflectionDispatch.dispatch(ReflectionDispatch.java:24)
	at org.gradle.internal.dispatch.ContextClassLoaderDispatch.dispatch(ContextClassLoaderDispatch.java:32)
	at org.gradle.internal.dispatch.ProxyDispatchAdapter$DispatchingInvocationHandler.invoke(ProxyDispatchAdapter.java:93)
	at com.sun.proxy.$Proxy1.processTestClass(Unknown Source)
	at org.gradle.api.internal.tasks.testing.worker.TestWorker.processTestClass(TestWorker.java:108)
	at sun.reflect.NativeMethodAccessorImpl.invoke0(Native Method)
	at sun.reflect.NativeMethodAccessorImpl.invoke(NativeMethodAccessorImpl.java:62)
	at sun.reflect.DelegatingMethodAccessorImpl.invoke(DelegatingMethodAccessorImpl.java:43)
	at java.lang.reflect.Method.invoke(Method.java:498)
	at org.gradle.internal.dispatch.ReflectionDispatch.dispatch(ReflectionDispatch.java:35)
	at org.gradle.internal.dispatch.ReflectionDispatch.dispatch(ReflectionDispatch.java:24)
	at org.gradle.internal.remote.internal.hub.MessageHubBackedObjectConnection$DispatchWrapper.dispatch(MessageHubBackedObjectConnection.java:146)
	at org.gradle.internal.remote.internal.hub.MessageHubBackedObjectConnection$DispatchWrapper.dispatch(MessageHubBackedObjectConnection.java:128)
	at org.gradle.internal.remote.internal.hub.MessageHub$Handler.run(MessageHub.java:404)
	at org.gradle.internal.concurrent.ExecutorPolicy$CatchAndRecordFailures.onExecute(ExecutorPolicy.java:63)
	at org.gradle.internal.concurrent.ManagedExecutorImpl$1.run(ManagedExecutorImpl.java:46)
	at java.util.concurrent.ThreadPoolExecutor.runWorker(ThreadPoolExecutor.java:1149)
	at java.util.concurrent.ThreadPoolExecutor$Worker.run(ThreadPoolExecutor.java:624)
	at org.gradle.internal.concurrent.ThreadFactoryImpl$ManagedThreadRunnable.run(ThreadFactoryImpl.java:55)
	at java.lang.Thread.run(Thread.java:748)
Caused by: com.dotmarketing.business.DotStateException: Couldn't store job: Data truncation: Data too long for column 'job_data' at row 1
	at com.dotmarketing.db.DotRunnableThread.run(DotRunnableThread.java:56)
	at com.dotmarketing.db.HibernateUtil.finalizeCommitListeners(HibernateUtil.java:1068)
	at com.dotmarketing.db.HibernateUtil.commitTransaction(HibernateUtil.java:1152)
	... 64 more
Caused by: org.quartz.JobPersistenceException: Couldn't store job: Data truncation: Data too long for column 'job_data' at row 1 [See nested exception: com.mysql.cj.jdbc.exceptions.MysqlDataTruncation: Data truncation: Data too long for column 'job_data' at row 1]
	at org.quartz.impl.jdbcjobstore.JobStoreSupport.storeJob(JobStoreSupport.java:1132)
	at org.quartz.impl.jdbcjobstore.JobStoreSupport$4.execute(JobStoreSupport.java:1099)
	at org.quartz.impl.jdbcjobstore.JobStoreSupport$40.execute(JobStoreSupport.java:3716)
	at org.quartz.impl.jdbcjobstore.JobStoreCMT.executeInLock(JobStoreCMT.java:242)
	at org.quartz.impl.jdbcjobstore.JobStoreSupport.executeInLock(JobStoreSupport.java:3712)
	at org.quartz.impl.jdbcjobstore.JobStoreSupport.storeJob(JobStoreSupport.java:1095)
	at org.quartz.core.QuartzScheduler.addJob(QuartzScheduler.java:905)
	at org.quartz.impl.StdScheduler.addJob(StdScheduler.java:266)
	at com.dotmarketing.quartz.QuartzUtils.scheduleTask(QuartzUtils.java:475)
	at com.dotmarketing.quartz.DotStatefulJob.enqueueTrigger(DotStatefulJob.java:171)
	at com.dotmarketing.quartz.job.CleanUpFieldReferencesJob.lambda$0(CleanUpFieldReferencesJob.java:124)
	at com.rainerhahnekamp.sneakythrow.Sneaky.lambda$sneaked$7(Sneaky.java:207)
	at com.dotmarketing.db.DotRunnableThread.internalRunner(DotRunnableThread.java:99)
	at com.dotmarketing.db.LocalTransaction.wrap(LocalTransaction.java:158)
	at com.dotmarketing.db.DotRunnableThread.run(DotRunnableThread.java:53)
	... 66 more
Caused by: com.mysql.cj.jdbc.exceptions.MysqlDataTruncation: Data truncation: Data too long for column 'job_data' at row 1
	at com.mysql.cj.jdbc.exceptions.SQLExceptionsMapping.translateException(SQLExceptionsMapping.java:104)
	at com.mysql.cj.jdbc.ClientPreparedStatement.executeInternal(ClientPreparedStatement.java:953)
	at com.mysql.cj.jdbc.ClientPreparedStatement.executeUpdateInternal(ClientPreparedStatement.java:1092)
	at com.mysql.cj.jdbc.ClientPreparedStatement.executeUpdateInternal(ClientPreparedStatement.java:1040)
	at com.mysql.cj.jdbc.ClientPreparedStatement.executeLargeUpdate(ClientPreparedStatement.java:1347)
	at com.mysql.cj.jdbc.ClientPreparedStatement.executeUpdate(ClientPreparedStatement.java:1025)
	at com.zaxxer.hikari.pool.ProxyPreparedStatement.executeUpdate(ProxyPreparedStatement.java:61)
	at com.zaxxer.hikari.pool.HikariProxyPreparedStatement.executeUpdate(HikariProxyPreparedStatement.java)
	at com.dotmarketing.quartz.MySQLJDBCDelegate.updateJobDetail(MySQLJDBCDelegate.java:562)
	at org.quartz.impl.jdbcjobstore.JobStoreSupport.storeJob(JobStoreSupport.java:1124)
	... 80 more
</pre>
</span>
</div>
</div>
<div id="tab1" class="tab">
<h2>Tests</h2>
<table>
<thead>
<tr>
<th>Test</th>
<th>Duration</th>
<th>Result</th>
</tr>
</thead>
<tr>
<td class="success">Test_Create_Instance_Of_Content_With_Mandatory_Fields_Then_Send_Partial_Number_Of_Required_Fields_Issue_15340</td>
<td>0.431s</td>
<td class="success">passed</td>
</tr>
<tr>
<td class="success">Test_Create_Instance_Of_Content_With_Numeric_Fields_Verify_Message_When_Setting_Invalid_Values_Issue_15340</td>
<td>0.392s</td>
<td class="success">passed</td>
</tr>
<tr>
<td class="success">Test_Find_Bulk_Actions_Then_Fire_Bulk_Actions_On_Custom_Content_Type_Then_Verify_Workflow_Changed</td>
<td>16.944s</td>
<td class="success">passed</td>
</tr>
<tr>
<td class="success">Test_Find_Bulk_Actions_Then_Fire_Bulk_Actions_On_Custom_Content_Type_with_Errors_Then_Verify_Workflow_Did_Not_Changed</td>
<td>1.971s</td>
<td class="success">passed</td>
</tr>
<tr>
<td class="success">Test_Fire_Bulk_Actions_For_Contentlet_Id</td>
<td>2m34.44s</td>
<td class="success">passed</td>
</tr>
<tr>
<td class="success">Test_Fire_Save_Instance_Then_Fire_Update_Instance</td>
<td>0.859s</td>
<td class="success">passed</td>
</tr>
<tr>
<td class="success">Test_Fire_Save_Remove_Image_Then_Verify_Fields_Were_Cleared_Issue_15340</td>
<td>0.430s</td>
<td class="success">passed</td>
</tr>
<tr>
<td class="success">Test_Get_Bulk_Actions_For_Contentlet_Ids</td>
<td>1.983s</td>
<td class="success">passed</td>
</tr>
<tr>
<td class="success">Test_Get_Bulk_Actions_For_Query</td>
<td>2.335s</td>
<td class="success">passed</td>
</tr>
<tr>
<td class="success">Test_Set_Value_on_All_NonRequired_Fields_Then_Fire_Save_Set_Null_Then_Verify_Fields_Were_Cleared_Issue_15340</td>
<td>1.053s</td>
<td class="success">passed</td>
</tr>
<tr>
<td class="success">testAddSchemaThenFindIt</td>
<td>0.015s</td>
<td class="success">passed</td>
</tr>
<tr>
<td class="success">testCreateSchemeThenAddStepsThenAddActions</td>
<td>0.060s</td>
<td class="success">passed</td>
</tr>
<tr>
<td class="success">testCreateSchemeThenAddStepsThenDeleteSteps</td>
<td>2.563s</td>
<td class="success">passed</td>
</tr>
<tr>
<td class="success">testCreateSchemeThenFindStepsBySchemeId</td>
<td>0.046s</td>
<td class="success">passed</td>
</tr>
<tr>
<td class="success">testDeleteScheme</td>
<td>0.072s</td>
<td class="success">passed</td>
</tr>
<tr>
<td class="success">testFindActionsByStepThenDeleteThem</td>
<td>0.069s</td>
<td class="success">passed</td>
</tr>
<tr>
<td class="success">testFireActionDefault_ContentWithCategories_Success</td>
<td>0.716s</td>
<td class="success">passed</td>
</tr>
<tr>
<td class="failures">testFireActionDefault_ContentWithRelationships_Success</td>
<td>1.145s</td>
<td class="failures">failed</td>
</tr>
<tr>
<td class="success">testImportScheme</td>
<td>0.220s</td>
<td class="success">passed</td>
</tr>
<tr>
<td class="success">testReorderStep</td>
<td>0.127s</td>
<td class="success">passed</td>
</tr>
<tr>
<td class="success">testSaveActionToStepThenFindActionsBySchemeThenFindByStep</td>
<td>0.068s</td>
<td class="success">passed</td>
</tr>
<tr>
<td class="success">testUpdateAction</td>
<td>0.040s</td>
<td class="success">passed</td>
</tr>
<tr>
<td class="success">testUpdateSchema</td>
<td>0.010s</td>
<td class="success">passed</td>
</tr>
<tr>
<td class="success">testUpdateSchemaUsingDupeName</td>
<td>0.032s</td>
<td class="success">passed</td>
</tr>
<tr>
<td class="success">testUpdateStep</td>
<td>0.050s</td>
<td class="success">passed</td>
</tr>
<tr>
<td class="success">test_Fire_Save_Content_Type_Binary_File</td>
<td>0.737s</td>
<td class="success">passed</td>
</tr>
</table>
</div>
<div id="tab2" class="tab">
<h2>Standard output</h2>
<span class="code">
<pre>




</pre>
</span>
</div>
</div>
<div id="footer">
<p>
<div>
<label class="hidden" id="label-for-line-wrapping-toggle" for="line-wrapping-toggle">Wrap lines
<input id="line-wrapping-toggle" type="checkbox" autocomplete="off"/>
</label>
</div>Generated by 
<a href="http://www.gradle.org">Gradle 4.4.1</a> at Sep 18, 2020 10:01:45 PM</p>
</div>
</div>
</body>
</html>
