<!DOCTYPE html>
<html>
<head>
<meta http-equiv="Content-Type" content="text/html; charset=utf-8"/>
<meta http-equiv="x-ua-compatible" content="IE=edge"/>
<title>Test results - Class com.dotmarketing.portlets.folders.business.FolderAPITest</title>
<link href="../css/base-style.css" rel="stylesheet" type="text/css"/>
<link href="../css/style.css" rel="stylesheet" type="text/css"/>
<script src="../js/report.js" type="text/javascript"></script>
</head>
<body>
<div id="content">
<h1>Class com.dotmarketing.portlets.folders.business.FolderAPITest</h1>
<div class="breadcrumbs">
<a href="../index.html">all</a> &gt; 
<a href="../packages/com.dotmarketing.portlets.folders.business.html">com.dotmarketing.portlets.folders.business</a> &gt; FolderAPITest</div>
<div id="summary">
<table>
<tr>
<td>
<div class="summaryGroup">
<table>
<tr>
<td>
<div class="infoBox" id="tests">
<div class="counter">80</div>
<p>tests</p>
</div>
</td>
<td>
<div class="infoBox" id="failures">
<div class="counter">1</div>
<p>failures</p>
</div>
</td>
<td>
<div class="infoBox" id="ignored">
<div class="counter">0</div>
<p>ignored</p>
</div>
</td>
<td>
<div class="infoBox" id="duration">
<div class="counter">35.607s</div>
<p>duration</p>
</div>
</td>
</tr>
</table>
</div>
</td>
<td>
<div class="infoBox failures" id="successRate">
<div class="percent">98%</div>
<p>successful</p>
</div>
</td>
</tr>
</table>
</div>
<div id="tabs">
<ul class="tabLinks">
<li>
<a href="#tab0">Failed tests</a>
</li>
<li>
<a href="#tab1">Tests</a>
</li>
</ul>
<div id="tab0" class="tab">
<h2>Failed tests</h2>
<div class="test">
<a name="delete"></a>
<h3 class="failures">delete</h3>
<span class="code">
<pre>com.dotmarketing.exception.DotDataException: Timeout connecting to [elasticsearch/172.19.0.2:9200]
	at com.dotmarketing.portlets.folders.business.FolderAPIImpl.delete_aroundBody22(FolderAPIImpl.java:476)
	at com.dotmarketing.portlets.folders.business.FolderAPIImpl$AjcClosure23.run(FolderAPIImpl.java:1)
	at org.aspectj.runtime.reflect.JoinPointImpl.proceed(JoinPointImpl.java:149)
	at com.dotcms.aspects.aspectj.AspectJDelegateMethodInvocation.proceed(AspectJDelegateMethodInvocation.java:42)
	at com.dotmarketing.db.LocalTransaction.wrapReturnWithListeners(LocalTransaction.java:59)
	at com.dotcms.aspects.interceptors.WrapInTransactionMethodInterceptor.invoke(WrapInTransactionMethodInterceptor.java:23)
	at com.dotcms.aspects.aspectj.WrapInTransactionAspect.invoke(WrapInTransactionAspect.java:41)
	at com.dotmarketing.portlets.folders.business.FolderAPIImpl.delete(FolderAPIImpl.java:363)
	at com.dotmarketing.portlets.folders.business.FolderAPITest.delete(FolderAPITest.java:755)
	at sun.reflect.NativeMethodAccessorImpl.invoke0(Native Method)
	at sun.reflect.NativeMethodAccessorImpl.invoke(NativeMethodAccessorImpl.java:62)
	at sun.reflect.DelegatingMethodAccessorImpl.invoke(DelegatingMethodAccessorImpl.java:43)
	at java.lang.reflect.Method.invoke(Method.java:498)
	at org.junit.runners.model.FrameworkMethod$1.runReflectiveCall(FrameworkMethod.java:50)
	at org.junit.internal.runners.model.ReflectiveCallable.run(ReflectiveCallable.java:12)
	at org.junit.runners.model.FrameworkMethod.invokeExplosively(FrameworkMethod.java:47)
	at org.junit.internal.runners.statements.InvokeMethod.evaluate(InvokeMethod.java:17)
	at org.junit.rules.ExternalResource$1.evaluate(ExternalResource.java:48)
	at org.junit.rules.RunRules.evaluate(RunRules.java:20)
	at org.junit.rules.TestWatcher$1.evaluate(TestWatcher.java:55)
	at org.junit.rules.RunRules.evaluate(RunRules.java:20)
	at org.junit.runners.ParentRunner.runLeaf(ParentRunner.java:325)
	at com.dotcms.junit.CustomDataProviderRunner.runChild(CustomDataProviderRunner.java:28)
	at com.dotcms.junit.CustomDataProviderRunner.runChild(CustomDataProviderRunner.java:13)
	at org.junit.runners.ParentRunner$3.run(ParentRunner.java:290)
	at org.junit.runners.ParentRunner$1.schedule(ParentRunner.java:71)
	at org.junit.runners.ParentRunner.runChildren(ParentRunner.java:288)
	at org.junit.runners.ParentRunner.access$000(ParentRunner.java:58)
	at org.junit.runners.ParentRunner$2.evaluate(ParentRunner.java:268)
	at org.junit.internal.runners.statements.RunBefores.evaluate(RunBefores.java:26)
	at org.junit.runners.ParentRunner.run(ParentRunner.java:363)
	at org.junit.runners.Suite.runChild(Suite.java:128)
	at org.junit.runners.Suite.runChild(Suite.java:27)
	at org.junit.runners.ParentRunner$3.run(ParentRunner.java:290)
	at org.junit.runners.ParentRunner$1.schedule(ParentRunner.java:71)
	at org.junit.runners.ParentRunner.runChildren(ParentRunner.java:288)
	at org.junit.runners.ParentRunner.access$000(ParentRunner.java:58)
	at org.junit.runners.ParentRunner$2.evaluate(ParentRunner.java:268)
	at org.junit.runners.ParentRunner.run(ParentRunner.java:363)
	at org.gradle.api.internal.tasks.testing.junit.JUnitTestClassExecuter.runTestClass(JUnitTestClassExecuter.java:114)
	at org.gradle.api.internal.tasks.testing.junit.JUnitTestClassExecuter.execute(JUnitTestClassExecuter.java:57)
	at org.gradle.api.internal.tasks.testing.junit.JUnitTestClassProcessor.processTestClass(JUnitTestClassProcessor.java:66)
	at org.gradle.api.internal.tasks.testing.SuiteTestClassProcessor.processTestClass(SuiteTestClassProcessor.java:51)
	at sun.reflect.NativeMethodAccessorImpl.invoke0(Native Method)
	at sun.reflect.NativeMethodAccessorImpl.invoke(NativeMethodAccessorImpl.java:62)
	at sun.reflect.DelegatingMethodAccessorImpl.invoke(DelegatingMethodAccessorImpl.java:43)
	at java.lang.reflect.Method.invoke(Method.java:498)
	at org.gradle.internal.dispatch.ReflectionDispatch.dispatch(ReflectionDispatch.java:35)
	at org.gradle.internal.dispatch.ReflectionDispatch.dispatch(ReflectionDispatch.java:24)
	at org.gradle.internal.dispatch.ContextClassLoaderDispatch.dispatch(ContextClassLoaderDispatch.java:32)
	at org.gradle.internal.dispatch.ProxyDispatchAdapter$DispatchingInvocationHandler.invoke(ProxyDispatchAdapter.java:93)
	at com.sun.proxy.$Proxy1.processTestClass(Unknown Source)
	at org.gradle.api.internal.tasks.testing.worker.TestWorker.processTestClass(TestWorker.java:108)
	at sun.reflect.NativeMethodAccessorImpl.invoke0(Native Method)
	at sun.reflect.NativeMethodAccessorImpl.invoke(NativeMethodAccessorImpl.java:62)
	at sun.reflect.DelegatingMethodAccessorImpl.invoke(DelegatingMethodAccessorImpl.java:43)
	at java.lang.reflect.Method.invoke(Method.java:498)
	at org.gradle.internal.dispatch.ReflectionDispatch.dispatch(ReflectionDispatch.java:35)
	at org.gradle.internal.dispatch.ReflectionDispatch.dispatch(ReflectionDispatch.java:24)
	at org.gradle.internal.remote.internal.hub.MessageHubBackedObjectConnection$DispatchWrapper.dispatch(MessageHubBackedObjectConnection.java:146)
	at org.gradle.internal.remote.internal.hub.MessageHubBackedObjectConnection$DispatchWrapper.dispatch(MessageHubBackedObjectConnection.java:128)
	at org.gradle.internal.remote.internal.hub.MessageHub$Handler.run(MessageHub.java:404)
	at org.gradle.internal.concurrent.ExecutorPolicy$CatchAndRecordFailures.onExecute(ExecutorPolicy.java:63)
	at org.gradle.internal.concurrent.ManagedExecutorImpl$1.run(ManagedExecutorImpl.java:46)
	at java.util.concurrent.ThreadPoolExecutor.runWorker(ThreadPoolExecutor.java:1149)
	at java.util.concurrent.ThreadPoolExecutor$Worker.run(ThreadPoolExecutor.java:624)
	at org.gradle.internal.concurrent.ThreadFactoryImpl$ManagedThreadRunnable.run(ThreadFactoryImpl.java:55)
	at java.lang.Thread.run(Thread.java:748)
Caused by: com.dotmarketing.business.DotStateException: Timeout connecting to [elasticsearch/172.19.0.2:9200]
	at com.dotmarketing.portlets.folders.business.FolderAPIImpl._deleteChildrenAssetsFromFolder(FolderAPIImpl.java:532)
	at com.dotmarketing.portlets.folders.business.FolderAPIImpl.delete_aroundBody22(FolderAPIImpl.java:421)
	... 67 more
Caused by: java.net.ConnectException: Timeout connecting to [elasticsearch/172.19.0.2:9200]
	at org.elasticsearch.client.RestClient.extractAndWrapCause(RestClient.java:788)
	at org.elasticsearch.client.RestClient.performRequest(RestClient.java:218)
	at org.elasticsearch.client.RestClient.performRequest(RestClient.java:205)
	at org.elasticsearch.client.RestHighLevelClient.internalPerformRequest(RestHighLevelClient.java:1454)
	at org.elasticsearch.client.RestHighLevelClient.performRequest(RestHighLevelClient.java:1424)
	at org.elasticsearch.client.RestHighLevelClient.performRequestAndParseEntity(RestHighLevelClient.java:1394)
	at org.elasticsearch.client.RestHighLevelClient.bulk(RestHighLevelClient.java:492)
	at com.dotcms.content.elasticsearch.business.ContentletIndexAPIImpl.lambda$16(ContentletIndexAPIImpl.java:1118)
	at com.rainerhahnekamp.sneakythrow.Sneaky.lambda$sneaked$8(Sneaky.java:223)
	at com.rainerhahnekamp.sneakythrow.Sneaky.sneak(Sneaky.java:73)
	at com.dotcms.content.elasticsearch.business.ContentletIndexAPIImpl.removeContentAndProcessDependencies(ContentletIndexAPIImpl.java:1117)
	at com.dotcms.content.elasticsearch.business.ContentletIndexAPIImpl.handleRemoveIndexNotDefer(ContentletIndexAPIImpl.java:1038)
	at com.dotcms.content.elasticsearch.business.ContentletIndexAPIImpl.removeContentFromIndex(ContentletIndexAPIImpl.java:1023)
	at com.dotcms.content.elasticsearch.business.ContentletIndexAPIImpl.removeContentFromIndex_aroundBody18(ContentletIndexAPIImpl.java:1164)
	at com.dotcms.content.elasticsearch.business.ContentletIndexAPIImpl$AjcClosure19.run(ContentletIndexAPIImpl.java:1)
	at org.aspectj.runtime.reflect.JoinPointImpl.proceed(JoinPointImpl.java:149)
	at com.dotcms.aspects.aspectj.AspectJDelegateMethodInvocation.proceed(AspectJDelegateMethodInvocation.java:42)
	at com.dotcms.aspects.interceptors.CloseDBIfOpenedMethodInterceptor.invoke(CloseDBIfOpenedMethodInterceptor.java:29)
	at com.dotcms.aspects.aspectj.CloseDBIfOpenedAspect.invoke(CloseDBIfOpenedAspect.java:41)
	at com.dotcms.content.elasticsearch.business.ContentletIndexAPIImpl.removeContentFromIndex(ContentletIndexAPIImpl.java:1155)
	at com.dotcms.content.elasticsearch.business.ContentletIndexAPIImpl.removeContentFromIndex(ContentletIndexAPIImpl.java:980)
	at com.dotcms.content.elasticsearch.business.ESContentFactoryImpl.delete(ESContentFactoryImpl.java:638)
	at com.dotcms.content.elasticsearch.business.ESContentFactoryImpl.delete(ESContentFactoryImpl.java:568)
	at com.dotcms.content.elasticsearch.business.ESContentletAPIImpl.destroyContentlets(ESContentletAPIImpl.java:2234)
	at com.dotcms.content.elasticsearch.business.ESContentletAPIImpl.internalDestroy(ESContentletAPIImpl.java:2112)
	at com.dotcms.content.elasticsearch.business.ESContentletAPIImpl.destroy_aroundBody80(ESContentletAPIImpl.java:2078)
	at com.dotcms.content.elasticsearch.business.ESContentletAPIImpl$AjcClosure81.run(ESContentletAPIImpl.java:1)
	at org.aspectj.runtime.reflect.JoinPointImpl.proceed(JoinPointImpl.java:149)
	at com.dotcms.aspects.aspectj.AspectJDelegateMethodInvocation.proceed(AspectJDelegateMethodInvocation.java:42)
	at com.dotmarketing.db.LocalTransaction.wrapReturnWithListeners(LocalTransaction.java:59)
	at com.dotcms.aspects.interceptors.WrapInTransactionMethodInterceptor.invoke(WrapInTransactionMethodInterceptor.java:23)
	at com.dotcms.aspects.aspectj.WrapInTransactionAspect.invoke(WrapInTransactionAspect.java:41)
	at com.dotcms.content.elasticsearch.business.ESContentletAPIImpl.destroy(ESContentletAPIImpl.java:2051)
	at com.dotmarketing.portlets.contentlet.business.ContentletAPIInterceptor.destroy(ContentletAPIInterceptor.java:535)
	at com.dotmarketing.portlets.folders.business.FolderAPIImpl._deleteChildrenAssetsFromFolder(FolderAPIImpl.java:502)
	... 68 more
Caused by: java.net.ConnectException: Timeout connecting to [elasticsearch/172.19.0.2:9200]
	at org.apache.http.nio.pool.RouteSpecificPool.timeout(RouteSpecificPool.java:169)
	at org.apache.http.nio.pool.AbstractNIOConnPool.requestTimeout(AbstractNIOConnPool.java:628)
	at org.apache.http.nio.pool.AbstractNIOConnPool$InternalSessionRequestCallback.timeout(AbstractNIOConnPool.java:894)
	at org.apache.http.impl.nio.reactor.SessionRequestImpl.timeout(SessionRequestImpl.java:183)
	at org.apache.http.impl.nio.reactor.DefaultConnectingIOReactor.processTimeouts(DefaultConnectingIOReactor.java:210)
	at org.apache.http.impl.nio.reactor.DefaultConnectingIOReactor.processEvents(DefaultConnectingIOReactor.java:155)
	at org.apache.http.impl.nio.reactor.AbstractMultiworkerIOReactor.execute(AbstractMultiworkerIOReactor.java:351)
	at org.apache.http.impl.nio.conn.PoolingNHttpClientConnectionManager.execute(PoolingNHttpClientConnectionManager.java:221)
	at org.apache.http.impl.nio.client.CloseableHttpAsyncClientBase$1.run(CloseableHttpAsyncClientBase.java:64)
	... 1 more
</pre>
</span>
</div>
</div>
<div id="tab1" class="tab">
<h2>Tests</h2>
<table>
<thead>
<tr>
<th>Test</th>
<th>Duration</th>
<th>Result</th>
</tr>
</thead>
<tr>
<td class="success">copy</td>
<td>9.054s</td>
<td class="success">passed</td>
</tr>
<tr>
<td class="failures">delete</td>
<td>2.621s</td>
<td class="failures">failed</td>
</tr>
<tr>
<td class="success">deleteFolderWithContentTypeInIt</td>
<td>0.059s</td>
<td class="success">passed</td>
</tr>
<tr>
<td class="success">move</td>
<td>5.600s</td>
<td class="success">passed</td>
</tr>
<tr>
<td class="success">move_to_existing_destination</td>
<td>5.475s</td>
<td class="success">passed</td>
</tr>
<tr>
<td class="success">renameFolder</td>
<td>0.045s</td>
<td class="success">passed</td>
</tr>
<tr>
<td class="success">testCopyToHost_BlacklistedName_ShouldFail[0: META-INF]</td>
<td>0.800s</td>
<td class="success">passed</td>
</tr>
<tr>
<td class="success">testCopyToHost_BlacklistedName_ShouldFail[10: portal]</td>
<td>1.107s</td>
<td class="success">passed</td>
</tr>
<tr>
<td class="success">testCopyToHost_BlacklistedName_ShouldFail[1: assets]</td>
<td>1.031s</td>
<td class="success">passed</td>
</tr>
<tr>
<td class="success">testCopyToHost_BlacklistedName_ShouldFail[2: custom_elements]</td>
<td>1.010s</td>
<td class="success">passed</td>
</tr>
<tr>
<td class="success">testCopyToHost_BlacklistedName_ShouldFail[3: email_backups]</td>
<td>1.030s</td>
<td class="success">passed</td>
</tr>
<tr>
<td class="success">testCopyToHost_BlacklistedName_ShouldFail[4: dotcms]</td>
<td>1.041s</td>
<td class="success">passed</td>
</tr>
<tr>
<td class="success">testCopyToHost_BlacklistedName_ShouldFail[5: dotAdmin]</td>
<td>1.143s</td>
<td class="success">passed</td>
</tr>
<tr>
<td class="success">testCopyToHost_BlacklistedName_ShouldFail[6: html]</td>
<td>0.883s</td>
<td class="success">passed</td>
</tr>
<tr>
<td class="success">testCopyToHost_BlacklistedName_ShouldFail[7: DOTSASS]</td>
<td>1.045s</td>
<td class="success">passed</td>
</tr>
<tr>
<td class="success">testCopyToHost_BlacklistedName_ShouldFail[8: DOTLESS]</td>
<td>0.996s</td>
<td class="success">passed</td>
</tr>
<tr>
<td class="success">testCopyToHost_BlacklistedName_ShouldFail[9: WEB-INF]</td>
<td>1.031s</td>
<td class="success">passed</td>
</tr>
<tr>
<td class="success">testCreateFolders_AtRootLevel_BlacklistedName_ShouldFail[0: META-INF]</td>
<td>0.003s</td>
<td class="success">passed</td>
</tr>
<tr>
<td class="success">testCreateFolders_AtRootLevel_BlacklistedName_ShouldFail[10: portal]</td>
<td>0.002s</td>
<td class="success">passed</td>
</tr>
<tr>
<td class="success">testCreateFolders_AtRootLevel_BlacklistedName_ShouldFail[1: assets]</td>
<td>0.002s</td>
<td class="success">passed</td>
</tr>
<tr>
<td class="success">testCreateFolders_AtRootLevel_BlacklistedName_ShouldFail[2: custom_elements]</td>
<td>0.002s</td>
<td class="success">passed</td>
</tr>
<tr>
<td class="success">testCreateFolders_AtRootLevel_BlacklistedName_ShouldFail[3: email_backups]</td>
<td>0.010s</td>
<td class="success">passed</td>
</tr>
<tr>
<td class="success">testCreateFolders_AtRootLevel_BlacklistedName_ShouldFail[4: dotcms]</td>
<td>0.002s</td>
<td class="success">passed</td>
</tr>
<tr>
<td class="success">testCreateFolders_AtRootLevel_BlacklistedName_ShouldFail[5: dotAdmin]</td>
<td>0.003s</td>
<td class="success">passed</td>
</tr>
<tr>
<td class="success">testCreateFolders_AtRootLevel_BlacklistedName_ShouldFail[6: html]</td>
<td>0.002s</td>
<td class="success">passed</td>
</tr>
<tr>
<td class="success">testCreateFolders_AtRootLevel_BlacklistedName_ShouldFail[7: DOTSASS]</td>
<td>0.002s</td>
<td class="success">passed</td>
</tr>
<tr>
<td class="success">testCreateFolders_AtRootLevel_BlacklistedName_ShouldFail[8: DOTLESS]</td>
<td>0.002s</td>
<td class="success">passed</td>
</tr>
<tr>
<td class="success">testCreateFolders_AtRootLevel_BlacklistedName_ShouldFail[9: WEB-INF]</td>
<td>0.005s</td>
<td class="success">passed</td>
</tr>
<tr>
<td class="success">testFindFolderByPath</td>
<td>0.040s</td>
<td class="success">passed</td>
</tr>
<tr>
<td class="success">testFindFoldersByHost</td>
<td>0.002s</td>
<td class="success">passed</td>
</tr>
<tr>
<td class="success">testFindSubFolders</td>
<td>0.079s</td>
<td class="success">passed</td>
</tr>
<tr>
<td class="success">testFindSubFoldersByHost</td>
<td>0.002s</td>
<td class="success">passed</td>
</tr>
<tr>
<td class="success">testFindSubFoldersTitleSort</td>
<td>0.103s</td>
<td class="success">passed</td>
</tr>
<tr>
<td class="success">testFindThemes</td>
<td>0.014s</td>
<td class="success">passed</td>
</tr>
<tr>
<td class="success">testGetLinks</td>
<td>0.513s</td>
<td class="success">passed</td>
</tr>
<tr>
<td class="success">testRename_BlacklistedName_NotAtRootLevel_ShouldSucceed[0: META-INF]</td>
<td>0.053s</td>
<td class="success">passed</td>
</tr>
<tr>
<td class="success">testRename_BlacklistedName_NotAtRootLevel_ShouldSucceed[10: portal]</td>
<td>0.019s</td>
<td class="success">passed</td>
</tr>
<tr>
<td class="success">testRename_BlacklistedName_NotAtRootLevel_ShouldSucceed[1: assets]</td>
<td>0.021s</td>
<td class="success">passed</td>
</tr>
<tr>
<td class="success">testRename_BlacklistedName_NotAtRootLevel_ShouldSucceed[2: custom_elements]</td>
<td>0.018s</td>
<td class="success">passed</td>
</tr>
<tr>
<td class="success">testRename_BlacklistedName_NotAtRootLevel_ShouldSucceed[3: email_backups]</td>
<td>0.022s</td>
<td class="success">passed</td>
</tr>
<tr>
<td class="success">testRename_BlacklistedName_NotAtRootLevel_ShouldSucceed[4: dotcms]</td>
<td>0.018s</td>
<td class="success">passed</td>
</tr>
<tr>
<td class="success">testRename_BlacklistedName_NotAtRootLevel_ShouldSucceed[5: dotAdmin]</td>
<td>0.018s</td>
<td class="success">passed</td>
</tr>
<tr>
<td class="success">testRename_BlacklistedName_NotAtRootLevel_ShouldSucceed[6: html]</td>
<td>0.020s</td>
<td class="success">passed</td>
</tr>
<tr>
<td class="success">testRename_BlacklistedName_NotAtRootLevel_ShouldSucceed[7: DOTSASS]</td>
<td>0.021s</td>
<td class="success">passed</td>
</tr>
<tr>
<td class="success">testRename_BlacklistedName_NotAtRootLevel_ShouldSucceed[8: DOTLESS]</td>
<td>0.039s</td>
<td class="success">passed</td>
</tr>
<tr>
<td class="success">testRename_BlacklistedName_NotAtRootLevel_ShouldSucceed[9: WEB-INF]</td>
<td>0.019s</td>
<td class="success">passed</td>
</tr>
<tr>
<td class="success">testRename_BlacklistedName_ShouldFail[0: META-INF]</td>
<td>0.028s</td>
<td class="success">passed</td>
</tr>
<tr>
<td class="success">testRename_BlacklistedName_ShouldFail[10: portal]</td>
<td>0.036s</td>
<td class="success">passed</td>
</tr>
<tr>
<td class="success">testRename_BlacklistedName_ShouldFail[1: assets]</td>
<td>0.021s</td>
<td class="success">passed</td>
</tr>
<tr>
<td class="success">testRename_BlacklistedName_ShouldFail[2: custom_elements]</td>
<td>0.027s</td>
<td class="success">passed</td>
</tr>
<tr>
<td class="success">testRename_BlacklistedName_ShouldFail[3: email_backups]</td>
<td>0.022s</td>
<td class="success">passed</td>
</tr>
<tr>
<td class="success">testRename_BlacklistedName_ShouldFail[4: dotcms]</td>
<td>0.019s</td>
<td class="success">passed</td>
</tr>
<tr>
<td class="success">testRename_BlacklistedName_ShouldFail[5: dotAdmin]</td>
<td>0.021s</td>
<td class="success">passed</td>
</tr>
<tr>
<td class="success">testRename_BlacklistedName_ShouldFail[6: html]</td>
<td>0.020s</td>
<td class="success">passed</td>
</tr>
<tr>
<td class="success">testRename_BlacklistedName_ShouldFail[7: DOTSASS]</td>
<td>0.026s</td>
<td class="success">passed</td>
</tr>
<tr>
<td class="success">testRename_BlacklistedName_ShouldFail[8: DOTLESS]</td>
<td>0.025s</td>
<td class="success">passed</td>
</tr>
<tr>
<td class="success">testRename_BlacklistedName_ShouldFail[9: WEB-INF]</td>
<td>0.022s</td>
<td class="success">passed</td>
</tr>
<tr>
<td class="success">testSave_BlacklistedName_NotAtRootLevel_ShouldSucceed[0: META-INF]</td>
<td>0.016s</td>
<td class="success">passed</td>
</tr>
<tr>
<td class="success">testSave_BlacklistedName_NotAtRootLevel_ShouldSucceed[10: portal]</td>
<td>0.013s</td>
<td class="success">passed</td>
</tr>
<tr>
<td class="success">testSave_BlacklistedName_NotAtRootLevel_ShouldSucceed[1: assets]</td>
<td>0.012s</td>
<td class="success">passed</td>
</tr>
<tr>
<td class="success">testSave_BlacklistedName_NotAtRootLevel_ShouldSucceed[2: custom_elements]</td>
<td>0.013s</td>
<td class="success">passed</td>
</tr>
<tr>
<td class="success">testSave_BlacklistedName_NotAtRootLevel_ShouldSucceed[3: email_backups]</td>
<td>0.013s</td>
<td class="success">passed</td>
</tr>
<tr>
<td class="success">testSave_BlacklistedName_NotAtRootLevel_ShouldSucceed[4: dotcms]</td>
<td>0.015s</td>
<td class="success">passed</td>
</tr>
<tr>
<td class="success">testSave_BlacklistedName_NotAtRootLevel_ShouldSucceed[5: dotAdmin]</td>
<td>0.015s</td>
<td class="success">passed</td>
</tr>
<tr>
<td class="success">testSave_BlacklistedName_NotAtRootLevel_ShouldSucceed[6: html]</td>
<td>0.016s</td>
<td class="success">passed</td>
</tr>
<tr>
<td class="success">testSave_BlacklistedName_NotAtRootLevel_ShouldSucceed[7: DOTSASS]</td>
<td>0.011s</td>
<td class="success">passed</td>
</tr>
<tr>
<td class="success">testSave_BlacklistedName_NotAtRootLevel_ShouldSucceed[8: DOTLESS]</td>
<td>0.012s</td>
<td class="success">passed</td>
</tr>
<tr>
<td class="success">testSave_BlacklistedName_NotAtRootLevel_ShouldSucceed[9: WEB-INF]</td>
<td>0.014s</td>
<td class="success">passed</td>
</tr>
<tr>
<td class="success">testSave_BlacklistedName_ShouldFail[0: META-INF]</td>
<td>0.013s</td>
<td class="success">passed</td>
</tr>
<tr>
<td class="success">testSave_BlacklistedName_ShouldFail[10: portal]</td>
<td>0.017s</td>
<td class="success">passed</td>
</tr>
<tr>
<td class="success">testSave_BlacklistedName_ShouldFail[1: assets]</td>
<td>0.013s</td>
<td class="success">passed</td>
</tr>
<tr>
<td class="success">testSave_BlacklistedName_ShouldFail[2: custom_elements]</td>
<td>0.013s</td>
<td class="success">passed</td>
</tr>
<tr>
<td class="success">testSave_BlacklistedName_ShouldFail[3: email_backups]</td>
<td>0.014s</td>
<td class="success">passed</td>
</tr>
<tr>
<td class="success">testSave_BlacklistedName_ShouldFail[4: dotcms]</td>
<td>0.011s</td>
<td class="success">passed</td>
</tr>
<tr>
<td class="success">testSave_BlacklistedName_ShouldFail[5: dotAdmin]</td>
<td>0.015s</td>
<td class="success">passed</td>
</tr>
<tr>
<td class="success">testSave_BlacklistedName_ShouldFail[6: html]</td>
<td>0.013s</td>
<td class="success">passed</td>
</tr>
<tr>
<td class="success">testSave_BlacklistedName_ShouldFail[7: DOTSASS]</td>
<td>0.016s</td>
<td class="success">passed</td>
</tr>
<tr>
<td class="success">testSave_BlacklistedName_ShouldFail[8: DOTLESS]</td>
<td>0.012s</td>
<td class="success">passed</td>
</tr>
<tr>
<td class="success">testSave_BlacklistedName_ShouldFail[9: WEB-INF]</td>
<td>0.013s</td>
<td class="success">passed</td>
</tr>
<tr>
<td class="success">test_get_by_path_does_not_throw_NPE</td>
<td>0.013s</td>
<td class="success">passed</td>
</tr>
</table>
</div>
</div>
<div id="footer">
<p>
<div>
<label class="hidden" id="label-for-line-wrapping-toggle" for="line-wrapping-toggle">Wrap lines
<input id="line-wrapping-toggle" type="checkbox" autocomplete="off"/>
</label>
</div>Generated by 
<a href="http://www.gradle.org">Gradle 4.4.1</a> at Jul 7, 2020 3:05:00 PM</p>
</div>
</div>
</body>
</html>
