<!DOCTYPE html>
<html>
<head>
<meta http-equiv="Content-Type" content="text/html; charset=utf-8"/>
<meta http-equiv="x-ua-compatible" content="IE=edge"/>
<title>Test results - Class com.dotmarketing.business.PermissionAPITest</title>
<link href="../css/base-style.css" rel="stylesheet" type="text/css"/>
<link href="../css/style.css" rel="stylesheet" type="text/css"/>
<script src="../js/report.js" type="text/javascript"></script>
</head>
<body>
<div id="content">
<h1>Class com.dotmarketing.business.PermissionAPITest</h1>
<div class="breadcrumbs">
<a href="../index.html">all</a> &gt; 
<a href="../packages/com.dotmarketing.business.html">com.dotmarketing.business</a> &gt; PermissionAPITest</div>
<div id="summary">
<table>
<tr>
<td>
<div class="summaryGroup">
<table>
<tr>
<td>
<div class="infoBox" id="tests">
<div class="counter">23</div>
<p>tests</p>
</div>
</td>
<td>
<div class="infoBox" id="failures">
<div class="counter">1</div>
<p>failures</p>
</div>
</td>
<td>
<div class="infoBox" id="ignored">
<div class="counter">0</div>
<p>ignored</p>
</div>
</td>
<td>
<div class="infoBox" id="duration">
<div class="counter">26.311s</div>
<p>duration</p>
</div>
</td>
</tr>
</table>
</div>
</td>
<td>
<div class="infoBox failures" id="successRate">
<div class="percent">95%</div>
<p>successful</p>
</div>
</td>
</tr>
</table>
</div>
<div id="tabs">
<ul class="tabLinks">
<li>
<a href="#tab0">Failed tests</a>
</li>
<li>
<a href="#tab1">Tests</a>
</li>
</ul>
<div id="tab0" class="tab">
<h2>Failed tests</h2>
<div class="test">
<a name="testAnonymousUserCannotReadNonLiveContent"></a>
<h3 class="failures">testAnonymousUserCannotReadNonLiveContent</h3>
<span class="code">
<pre>com.dotmarketing.exception.DotRuntimeException: Unable to persist WorkflowScheme.
	at com.dotcms.datagen.TestDataUtils.getDocumentLikeContentType(TestDataUtils.java:1259)
	at com.dotcms.datagen.TestDataUtils.getDocumentLikeContentType(TestDataUtils.java:1168)
	at com.dotcms.datagen.TestDataUtils.getDocumentLikeContent(TestDataUtils.java:1270)
	at com.dotmarketing.business.PermissionAPITest.testAnonymousUserCannotReadNonLiveContent(PermissionAPITest.java:1011)
	at sun.reflect.NativeMethodAccessorImpl.invoke0(Native Method)
	at sun.reflect.NativeMethodAccessorImpl.invoke(NativeMethodAccessorImpl.java:62)
	at sun.reflect.DelegatingMethodAccessorImpl.invoke(DelegatingMethodAccessorImpl.java:43)
	at java.lang.reflect.Method.invoke(Method.java:498)
	at org.junit.runners.model.FrameworkMethod$1.runReflectiveCall(FrameworkMethod.java:50)
	at org.junit.internal.runners.model.ReflectiveCallable.run(ReflectiveCallable.java:12)
	at org.junit.runners.model.FrameworkMethod.invokeExplosively(FrameworkMethod.java:47)
	at org.junit.internal.runners.statements.InvokeMethod.evaluate(InvokeMethod.java:17)
	at org.junit.internal.runners.statements.RunBefores.evaluate(RunBefores.java:26)
	at org.junit.internal.runners.statements.RunAfters.evaluate(RunAfters.java:27)
	at org.junit.rules.TestWatcher$1.evaluate(TestWatcher.java:55)
	at org.junit.rules.RunRules.evaluate(RunRules.java:20)
	at org.junit.runners.ParentRunner.runLeaf(ParentRunner.java:325)
	at com.dotcms.junit.CustomDataProviderRunner.runChild(CustomDataProviderRunner.java:28)
	at com.dotcms.junit.CustomDataProviderRunner.runChild(CustomDataProviderRunner.java:13)
	at org.junit.runners.ParentRunner$3.run(ParentRunner.java:290)
	at org.junit.runners.ParentRunner$1.schedule(ParentRunner.java:71)
	at org.junit.runners.ParentRunner.runChildren(ParentRunner.java:288)
	at org.junit.runners.ParentRunner.access$000(ParentRunner.java:58)
	at org.junit.runners.ParentRunner$2.evaluate(ParentRunner.java:268)
	at org.junit.internal.runners.statements.RunBefores.evaluate(RunBefores.java:26)
	at org.junit.internal.runners.statements.RunAfters.evaluate(RunAfters.java:27)
	at org.junit.runners.ParentRunner.run(ParentRunner.java:363)
	at org.junit.runners.Suite.runChild(Suite.java:128)
	at org.junit.runners.Suite.runChild(Suite.java:27)
	at org.junit.runners.ParentRunner$3.run(ParentRunner.java:290)
	at org.junit.runners.ParentRunner$1.schedule(ParentRunner.java:71)
	at org.junit.runners.ParentRunner.runChildren(ParentRunner.java:288)
	at org.junit.runners.ParentRunner.access$000(ParentRunner.java:58)
	at org.junit.runners.ParentRunner$2.evaluate(ParentRunner.java:268)
	at org.junit.runners.ParentRunner.run(ParentRunner.java:363)
	at org.gradle.api.internal.tasks.testing.junit.JUnitTestClassExecuter.runTestClass(JUnitTestClassExecuter.java:114)
	at org.gradle.api.internal.tasks.testing.junit.JUnitTestClassExecuter.execute(JUnitTestClassExecuter.java:57)
	at org.gradle.api.internal.tasks.testing.junit.JUnitTestClassProcessor.processTestClass(JUnitTestClassProcessor.java:66)
	at org.gradle.api.internal.tasks.testing.SuiteTestClassProcessor.processTestClass(SuiteTestClassProcessor.java:51)
	at sun.reflect.NativeMethodAccessorImpl.invoke0(Native Method)
	at sun.reflect.NativeMethodAccessorImpl.invoke(NativeMethodAccessorImpl.java:62)
	at sun.reflect.DelegatingMethodAccessorImpl.invoke(DelegatingMethodAccessorImpl.java:43)
	at java.lang.reflect.Method.invoke(Method.java:498)
	at org.gradle.internal.dispatch.ReflectionDispatch.dispatch(ReflectionDispatch.java:35)
	at org.gradle.internal.dispatch.ReflectionDispatch.dispatch(ReflectionDispatch.java:24)
	at org.gradle.internal.dispatch.ContextClassLoaderDispatch.dispatch(ContextClassLoaderDispatch.java:32)
	at org.gradle.internal.dispatch.ProxyDispatchAdapter$DispatchingInvocationHandler.invoke(ProxyDispatchAdapter.java:93)
	at com.sun.proxy.$Proxy1.processTestClass(Unknown Source)
	at org.gradle.api.internal.tasks.testing.worker.TestWorker.processTestClass(TestWorker.java:108)
	at sun.reflect.NativeMethodAccessorImpl.invoke0(Native Method)
	at sun.reflect.NativeMethodAccessorImpl.invoke(NativeMethodAccessorImpl.java:62)
	at sun.reflect.DelegatingMethodAccessorImpl.invoke(DelegatingMethodAccessorImpl.java:43)
	at java.lang.reflect.Method.invoke(Method.java:498)
	at org.gradle.internal.dispatch.ReflectionDispatch.dispatch(ReflectionDispatch.java:35)
	at org.gradle.internal.dispatch.ReflectionDispatch.dispatch(ReflectionDispatch.java:24)
	at org.gradle.internal.remote.internal.hub.MessageHubBackedObjectConnection$DispatchWrapper.dispatch(MessageHubBackedObjectConnection.java:146)
	at org.gradle.internal.remote.internal.hub.MessageHubBackedObjectConnection$DispatchWrapper.dispatch(MessageHubBackedObjectConnection.java:128)
	at org.gradle.internal.remote.internal.hub.MessageHub$Handler.run(MessageHub.java:404)
	at org.gradle.internal.concurrent.ExecutorPolicy$CatchAndRecordFailures.onExecute(ExecutorPolicy.java:63)
	at org.gradle.internal.concurrent.ManagedExecutorImpl$1.run(ManagedExecutorImpl.java:46)
	at java.util.concurrent.ThreadPoolExecutor.runWorker(ThreadPoolExecutor.java:1149)
	at java.util.concurrent.ThreadPoolExecutor$Worker.run(ThreadPoolExecutor.java:624)
	at org.gradle.internal.concurrent.ThreadFactoryImpl$ManagedThreadRunnable.run(ThreadFactoryImpl.java:55)
	at java.lang.Thread.run(Thread.java:748)
Caused by: java.lang.RuntimeException: Unable to persist WorkflowScheme.
	at com.dotcms.datagen.WorkflowDataGen.persist(WorkflowDataGen.java:121)
	at com.dotcms.datagen.WorkflowDataGen.nextPersistedWithStepsAndActions(WorkflowDataGen.java:186)
	at com.dotcms.datagen.TestWorkflowUtils.getDocumentWorkflow(TestWorkflowUtils.java:86)
	at com.dotcms.datagen.TestWorkflowUtils.getDocumentWorkflow(TestWorkflowUtils.java:28)
	at com.dotcms.datagen.TestDataUtils.getDocumentLikeContentType(TestDataUtils.java:1183)
	... 63 more
Caused by: com.dotmarketing.exception.InvalidLicenseException: Workflow-Schemes-License-required
	at com.dotmarketing.portlets.workflows.business.WorkflowAPIImpl.isUserAllowToModifiedWorkflow_aroundBody4(WorkflowAPIImpl.java:347)
	at com.dotmarketing.portlets.workflows.business.WorkflowAPIImpl$AjcClosure5.run(WorkflowAPIImpl.java:1)
	at org.aspectj.runtime.reflect.JoinPointImpl.proceed(JoinPointImpl.java:149)
	at com.dotcms.aspects.aspectj.AspectJDelegateMethodInvocation.proceed(AspectJDelegateMethodInvocation.java:42)
	at com.dotcms.aspects.interceptors.CloseDBIfOpenedMethodInterceptor.invoke(CloseDBIfOpenedMethodInterceptor.java:29)
	at com.dotcms.aspects.aspectj.CloseDBIfOpenedAspect.invoke(CloseDBIfOpenedAspect.java:41)
	at com.dotmarketing.portlets.workflows.business.WorkflowAPIImpl.isUserAllowToModifiedWorkflow(WorkflowAPIImpl.java:342)
	at com.dotmarketing.portlets.workflows.business.WorkflowAPIImpl.saveScheme_aroundBody34(WorkflowAPIImpl.java:717)
	at com.dotmarketing.portlets.workflows.business.WorkflowAPIImpl$AjcClosure35.run(WorkflowAPIImpl.java:1)
	at org.aspectj.runtime.reflect.JoinPointImpl.proceed(JoinPointImpl.java:149)
	at com.dotcms.aspects.aspectj.AspectJDelegateMethodInvocation.proceed(AspectJDelegateMethodInvocation.java:42)
	at com.dotmarketing.db.LocalTransaction.wrapReturnWithListeners(LocalTransaction.java:59)
	at com.dotcms.aspects.interceptors.WrapInTransactionMethodInterceptor.invoke(WrapInTransactionMethodInterceptor.java:23)
	at com.dotcms.aspects.aspectj.WrapInTransactionAspect.invoke(WrapInTransactionAspect.java:41)
	at com.dotmarketing.portlets.workflows.business.WorkflowAPIImpl.saveScheme(WorkflowAPIImpl.java:715)
	at com.dotcms.datagen.WorkflowDataGen.persist(WorkflowDataGen.java:118)
	... 67 more
</pre>
</span>
</div>
</div>
<div id="tab1" class="tab">
<h2>Tests</h2>
<table>
<thead>
<tr>
<th>Test</th>
<th>Duration</th>
<th>Result</th>
</tr>
</thead>
<tr>
<td class="success">copyPermissions</td>
<td>0.568s</td>
<td class="success">passed</td>
</tr>
<tr>
<td class="success">doesRoleHavePermission</td>
<td>0.046s</td>
<td class="success">passed</td>
</tr>
<tr>
<td class="success">doesUserHavePermission</td>
<td>0.056s</td>
<td class="success">passed</td>
</tr>
<tr>
<td class="success">getPermissions</td>
<td>0.126s</td>
<td class="success">passed</td>
</tr>
<tr>
<td class="success">getRolesWithPermission</td>
<td>0.157s</td>
<td class="success">passed</td>
</tr>
<tr>
<td class="success">getUsersWithPermission</td>
<td>0.169s</td>
<td class="success">passed</td>
</tr>
<tr>
<td class="success">issue1073</td>
<td>0.396s</td>
<td class="success">passed</td>
</tr>
<tr>
<td class="success">issue1112</td>
<td>1.072s</td>
<td class="success">passed</td>
</tr>
<tr>
<td class="success">issue560</td>
<td>0.679s</td>
<td class="success">passed</td>
</tr>
<tr>
<td class="success">issue781</td>
<td>1.336s</td>
<td class="success">passed</td>
</tr>
<tr>
<td class="success">issue847</td>
<td>0.831s</td>
<td class="success">passed</td>
</tr>
<tr>
<td class="success">issue886</td>
<td>1.753s</td>
<td class="success">passed</td>
</tr>
<tr>
<td class="success">permissionIndividually</td>
<td>0.001s</td>
<td class="success">passed</td>
</tr>
<tr>
<td class="success">removePermissions</td>
<td>1.897s</td>
<td class="success">passed</td>
</tr>
<tr>
<td class="success">save</td>
<td>0.138s</td>
<td class="success">passed</td>
</tr>
<tr>
<td class="failures">testAnonymousUserCannotReadNonLiveContent</td>
<td>0.004s</td>
<td class="failures">failed</td>
</tr>
<tr>
<td class="success">testGetUsersCountDeleted</td>
<td>0.025s</td>
<td class="success">passed</td>
</tr>
<tr>
<td class="success">testGetUsersCountWithFilter</td>
<td>0.031s</td>
<td class="success">passed</td>
</tr>
<tr>
<td class="success">testGetUsersCountWithoutFilter</td>
<td>0.073s</td>
<td class="success">passed</td>
</tr>
<tr>
<td class="success">testGetUsersDeleted</td>
<td>0.095s</td>
<td class="success">passed</td>
</tr>
<tr>
<td class="success">testGetUsersWithFilter</td>
<td>0.026s</td>
<td class="success">passed</td>
</tr>
<tr>
<td class="success">testGetUsersWithoutFilter</td>
<td>0.029s</td>
<td class="success">passed</td>
</tr>
<tr>
<td class="success">testPermissionIndividuallyByRole</td>
<td>16.803s</td>
<td class="success">passed</td>
</tr>
</table>
</div>
</div>
<div id="footer">
<p>
<div>
<label class="hidden" id="label-for-line-wrapping-toggle" for="line-wrapping-toggle">Wrap lines
<input id="line-wrapping-toggle" type="checkbox" autocomplete="off"/>
</label>
</div>Generated by 
<a href="http://www.gradle.org">Gradle 4.4.1</a> at Jul 8, 2020 1:43:14 AM</p>
</div>
</div>
</body>
</html>
