<!DOCTYPE html>
<html>
<head>
<meta http-equiv="Content-Type" content="text/html; charset=utf-8"/>
<meta http-equiv="x-ua-compatible" content="IE=edge"/>
<title>Test results - Class com.dotcms.security.apps.AppsAPIImplTest</title>
<link href="../css/base-style.css" rel="stylesheet" type="text/css"/>
<link href="../css/style.css" rel="stylesheet" type="text/css"/>
<script src="../js/report.js" type="text/javascript"></script>
</head>
<body>
<div id="content">
<h1>Class com.dotcms.security.apps.AppsAPIImplTest</h1>
<div class="breadcrumbs">
<a href="../index.html">all</a> &gt; 
<a href="../packages/com.dotcms.security.apps.html">com.dotcms.security.apps</a> &gt; AppsAPIImplTest</div>
<div id="summary">
<table>
<tr>
<td>
<div class="summaryGroup">
<table>
<tr>
<td>
<div class="infoBox" id="tests">
<div class="counter">38</div>
<p>tests</p>
</div>
</td>
<td>
<div class="infoBox" id="failures">
<div class="counter">1</div>
<p>failures</p>
</div>
</td>
<td>
<div class="infoBox" id="ignored">
<div class="counter">0</div>
<p>ignored</p>
</div>
</td>
<td>
<div class="infoBox" id="duration">
<div class="counter">14.886s</div>
<p>duration</p>
</div>
</td>
</tr>
</table>
</div>
</td>
<td>
<div class="infoBox failures" id="successRate">
<div class="percent">97%</div>
<p>successful</p>
</div>
</td>
</tr>
</table>
</div>
<div id="tabs">
<ul class="tabLinks">
<li>
<a href="#tab0">Failed tests</a>
</li>
<li>
<a href="#tab1">Tests</a>
</li>
</ul>
<div id="tab0" class="tab">
<h2>Failed tests</h2>
<div class="test">
<a name="Test_Delete_Secrets_On_Site_Delete"></a>
<h3 class="failures">Test_Delete_Secrets_On_Site_Delete</h3>
<span class="code">
<pre>com.dotmarketing.exception.DotRuntimeException: com.dotmarketing.util.Config.getStringProperty(Ljava/lang/String;Ljava/lang/String;Z)Ljava/lang/String;
	at com.dotmarketing.portlets.contentlet.business.HostAPIImpl$1DeleteHostThread.call_aroundBody0(HostAPIImpl.java:616)
	at com.dotmarketing.portlets.contentlet.business.HostAPIImpl$1DeleteHostThread$AjcClosure1.run(HostAPIImpl.java:1)
	at org.aspectj.runtime.reflect.JoinPointImpl.proceed(JoinPointImpl.java:149)
	at com.dotcms.aspects.aspectj.AspectJDelegateMethodInvocation.proceed(AspectJDelegateMethodInvocation.java:42)
	at com.dotmarketing.db.LocalTransaction.wrapReturnWithListeners(LocalTransaction.java:59)
	at com.dotcms.aspects.interceptors.WrapInTransactionMethodInterceptor.invoke(WrapInTransactionMethodInterceptor.java:23)
	at com.dotcms.aspects.aspectj.WrapInTransactionAspect.invoke(WrapInTransactionAspect.java:41)
	at com.dotmarketing.portlets.contentlet.business.HostAPIImpl$1DeleteHostThread.call(HostAPIImpl.java:591)
	at com.dotmarketing.portlets.contentlet.business.HostAPIImpl.delete_aroundBody22(HostAPIImpl.java:766)
	at com.dotmarketing.portlets.contentlet.business.HostAPIImpl$AjcClosure23.run(HostAPIImpl.java:1)
	at org.aspectj.runtime.reflect.JoinPointImpl.proceed(JoinPointImpl.java:149)
	at com.dotcms.aspects.aspectj.AspectJDelegateMethodInvocation.proceed(AspectJDelegateMethodInvocation.java:42)
	at com.dotcms.aspects.interceptors.CloseDBIfOpenedMethodInterceptor.invoke(CloseDBIfOpenedMethodInterceptor.java:29)
	at com.dotcms.aspects.aspectj.CloseDBIfOpenedAspect.invoke(CloseDBIfOpenedAspect.java:41)
	at com.dotmarketing.portlets.contentlet.business.HostAPIImpl.delete(HostAPIImpl.java:571)
	at com.dotmarketing.portlets.contentlet.business.HostAPIImpl.delete(HostAPIImpl.java:566)
	at com.dotcms.security.apps.AppsAPIImplTest.Test_Delete_Secrets_On_Site_Delete(AppsAPIImplTest.java:722)
	at sun.reflect.NativeMethodAccessorImpl.invoke0(Native Method)
	at sun.reflect.NativeMethodAccessorImpl.invoke(NativeMethodAccessorImpl.java:62)
	at sun.reflect.DelegatingMethodAccessorImpl.invoke(DelegatingMethodAccessorImpl.java:43)
	at java.lang.reflect.Method.invoke(Method.java:498)
	at org.junit.runners.model.FrameworkMethod$1.runReflectiveCall(FrameworkMethod.java:50)
	at org.junit.internal.runners.model.ReflectiveCallable.run(ReflectiveCallable.java:12)
	at org.junit.runners.model.FrameworkMethod.invokeExplosively(FrameworkMethod.java:47)
	at org.junit.internal.runners.statements.InvokeMethod.evaluate(InvokeMethod.java:17)
	at org.junit.rules.TestWatcher$1.evaluate(TestWatcher.java:55)
	at org.junit.rules.RunRules.evaluate(RunRules.java:20)
	at org.junit.runners.ParentRunner.runLeaf(ParentRunner.java:325)
	at com.dotcms.junit.CustomDataProviderRunner.runChild(CustomDataProviderRunner.java:28)
	at com.dotcms.junit.CustomDataProviderRunner.runChild(CustomDataProviderRunner.java:13)
	at org.junit.runners.ParentRunner$3.run(ParentRunner.java:290)
	at org.junit.runners.ParentRunner$1.schedule(ParentRunner.java:71)
	at org.junit.runners.ParentRunner.runChildren(ParentRunner.java:288)
	at org.junit.runners.ParentRunner.access$000(ParentRunner.java:58)
	at org.junit.runners.ParentRunner$2.evaluate(ParentRunner.java:268)
	at org.junit.internal.runners.statements.RunBefores.evaluate(RunBefores.java:26)
	at org.junit.runners.ParentRunner.run(ParentRunner.java:363)
	at org.junit.runners.Suite.runChild(Suite.java:128)
	at org.junit.runners.Suite.runChild(Suite.java:27)
	at org.junit.runners.ParentRunner$3.run(ParentRunner.java:290)
	at org.junit.runners.ParentRunner$1.schedule(ParentRunner.java:71)
	at org.junit.runners.ParentRunner.runChildren(ParentRunner.java:288)
	at org.junit.runners.ParentRunner.access$000(ParentRunner.java:58)
	at org.junit.runners.ParentRunner$2.evaluate(ParentRunner.java:268)
	at org.junit.runners.ParentRunner.run(ParentRunner.java:363)
	at org.gradle.api.internal.tasks.testing.junit.JUnitTestClassExecuter.runTestClass(JUnitTestClassExecuter.java:114)
	at org.gradle.api.internal.tasks.testing.junit.JUnitTestClassExecuter.execute(JUnitTestClassExecuter.java:57)
	at org.gradle.api.internal.tasks.testing.junit.JUnitTestClassProcessor.processTestClass(JUnitTestClassProcessor.java:66)
	at org.gradle.api.internal.tasks.testing.SuiteTestClassProcessor.processTestClass(SuiteTestClassProcessor.java:51)
	at sun.reflect.NativeMethodAccessorImpl.invoke0(Native Method)
	at sun.reflect.NativeMethodAccessorImpl.invoke(NativeMethodAccessorImpl.java:62)
	at sun.reflect.DelegatingMethodAccessorImpl.invoke(DelegatingMethodAccessorImpl.java:43)
	at java.lang.reflect.Method.invoke(Method.java:498)
	at org.gradle.internal.dispatch.ReflectionDispatch.dispatch(ReflectionDispatch.java:35)
	at org.gradle.internal.dispatch.ReflectionDispatch.dispatch(ReflectionDispatch.java:24)
	at org.gradle.internal.dispatch.ContextClassLoaderDispatch.dispatch(ContextClassLoaderDispatch.java:32)
	at org.gradle.internal.dispatch.ProxyDispatchAdapter$DispatchingInvocationHandler.invoke(ProxyDispatchAdapter.java:93)
	at com.sun.proxy.$Proxy1.processTestClass(Unknown Source)
	at org.gradle.api.internal.tasks.testing.worker.TestWorker.processTestClass(TestWorker.java:108)
	at sun.reflect.NativeMethodAccessorImpl.invoke0(Native Method)
	at sun.reflect.NativeMethodAccessorImpl.invoke(NativeMethodAccessorImpl.java:62)
	at sun.reflect.DelegatingMethodAccessorImpl.invoke(DelegatingMethodAccessorImpl.java:43)
	at java.lang.reflect.Method.invoke(Method.java:498)
	at org.gradle.internal.dispatch.ReflectionDispatch.dispatch(ReflectionDispatch.java:35)
	at org.gradle.internal.dispatch.ReflectionDispatch.dispatch(ReflectionDispatch.java:24)
	at org.gradle.internal.remote.internal.hub.MessageHubBackedObjectConnection$DispatchWrapper.dispatch(MessageHubBackedObjectConnection.java:146)
	at org.gradle.internal.remote.internal.hub.MessageHubBackedObjectConnection$DispatchWrapper.dispatch(MessageHubBackedObjectConnection.java:128)
	at org.gradle.internal.remote.internal.hub.MessageHub$Handler.run(MessageHub.java:404)
	at org.gradle.internal.concurrent.ExecutorPolicy$CatchAndRecordFailures.onExecute(ExecutorPolicy.java:63)
	at org.gradle.internal.concurrent.ManagedExecutorImpl$1.run(ManagedExecutorImpl.java:46)
	at java.util.concurrent.ThreadPoolExecutor.runWorker(ThreadPoolExecutor.java:1149)
	at java.util.concurrent.ThreadPoolExecutor$Worker.run(ThreadPoolExecutor.java:624)
	at org.gradle.internal.concurrent.ThreadFactoryImpl$ManagedThreadRunnable.run(ThreadFactoryImpl.java:55)
	at java.lang.Thread.run(Thread.java:748)
Caused by: com.dotmarketing.exception.DotDataException: com.dotmarketing.util.Config.getStringProperty(Ljava/lang/String;Ljava/lang/String;Z)Ljava/lang/String;
	at com.dotmarketing.db.LocalTransaction.throwException(LocalTransaction.java:228)
	at com.dotmarketing.db.LocalTransaction.wrapReturnWithListeners(LocalTransaction.java:71)
	at com.dotcms.aspects.interceptors.WrapInTransactionMethodInterceptor.invoke(WrapInTransactionMethodInterceptor.java:23)
	at com.dotcms.aspects.aspectj.WrapInTransactionAspect.invoke(WrapInTransactionAspect.java:41)
	at com.dotcms.content.elasticsearch.business.ESContentletAPIImpl.delete(ESContentletAPIImpl.java:1959)
	at com.dotcms.content.elasticsearch.business.ESContentletAPIImpl.delete(ESContentletAPIImpl.java:1882)
	at com.dotmarketing.portlets.contentlet.business.ContentletAPIInterceptor.delete(ContentletAPIInterceptor.java:484)
	at com.dotmarketing.portlets.contentlet.business.HostAPIImpl$1DeleteHostThread.deleteHost(HostAPIImpl.java:748)
	at com.dotmarketing.portlets.contentlet.business.HostAPIImpl$1DeleteHostThread.call_aroundBody0(HostAPIImpl.java:594)
	... 73 more
Caused by: java.lang.NoSuchMethodError: com.dotmarketing.util.Config.getStringProperty(Ljava/lang/String;Ljava/lang/String;Z)Ljava/lang/String;
	at com.dotcms.enterprise.rules.g.e(SourceFile:1092)
	at com.dotcms.enterprise.rules.g.f(SourceFile:1203)
	at com.dotcms.enterprise.rules.g.&lt;init&gt;(SourceFile:143)
	at com.dotcms.enterprise.RulesAPIProxy.c(SourceFile:47)
	at com.dotcms.enterprise.RulesAPIProxy.deleteRulesByParent(SourceFile:152)
	at com.dotcms.content.elasticsearch.business.ESContentletAPIImpl.destroyContentlets(ESContentletAPIImpl.java:2219)
	at com.dotcms.content.elasticsearch.business.ESContentletAPIImpl.deleteContentlet(ESContentletAPIImpl.java:2452)
	at com.dotcms.content.elasticsearch.business.ESContentletAPIImpl.deleteContentlets(ESContentletAPIImpl.java:2417)
	at com.dotcms.content.elasticsearch.business.ESContentletAPIImpl.delete_aroundBody78(ESContentletAPIImpl.java:1962)
	at com.dotcms.content.elasticsearch.business.ESContentletAPIImpl$AjcClosure79.run(ESContentletAPIImpl.java:1)
	at org.aspectj.runtime.reflect.JoinPointImpl.proceed(JoinPointImpl.java:149)
	at com.dotcms.aspects.aspectj.AspectJDelegateMethodInvocation.proceed(AspectJDelegateMethodInvocation.java:42)
	at com.dotmarketing.db.LocalTransaction.wrapReturnWithListeners(LocalTransaction.java:59)
	... 80 more
</pre>
</span>
</div>
</div>
<div id="tab1" class="tab">
<h2>Tests</h2>
<table>
<thead>
<tr>
<th>Test</th>
<th>Duration</th>
<th>Result</th>
</tr>
</thead>
<tr>
<td class="success">Test_Add_System_File_Retrieve_Descriptors_Verify_</td>
<td>0.081s</td>
<td class="success">passed</td>
</tr>
<tr>
<td class="success">Test_App_Descriptor_Validation_Exception_Free[0: {&quot;key&quot;:&quot;key1_1596202535833&quot;,&quot;name&quot;:&quot;any-name&quot;,&quot;description&quot;:&quot;desc&quot;,&quot;iconUrl&quot;:&quot;icon&quot;,&quot;allowExtraParameters&quot;:true,&quot;params&quot;:{p1=com.dotcms.security.apps.ParamDescriptor@32cf7d9b}}]</td>
<td>0.016s</td>
<td class="success">passed</td>
</tr>
<tr>
<td class="success">Test_App_Descriptor_Validation_Exception_Free[1: {&quot;key&quot;:&quot;key2_1596202535833&quot;,&quot;name&quot;:&quot;any-name&quot;,&quot;description&quot;:&quot;desc&quot;,&quot;iconUrl&quot;:&quot;icon&quot;,&quot;allowExtraParameters&quot;:true,&quot;params&quot;:{p1=com.dotcms.security.apps.ParamDescriptor@32cf7d9b}}]</td>
<td>0.007s</td>
<td class="success">passed</td>
</tr>
<tr>
<td class="success">Test_App_Descriptor_Validation_Exception_Free[2: {&quot;key&quot;:&quot;key3_1596202535833&quot;,&quot;name&quot;:&quot;any-name&quot;,&quot;description&quot;:&quot;desc&quot;,&quot;iconUrl&quot;:&quot;icon&quot;,&quot;allowExtraParameters&quot;:false,&quot;params&quot;:{p1=com.dotcms.security.apps.ParamDescriptor@4a40fdc7}}]</td>
<td>0.002s</td>
<td class="success">passed</td>
</tr>
<tr>
<td class="success">Test_App_Descriptor_Validation_Exception_Free[3: {&quot;key&quot;:&quot;key4_1596202535833&quot;,&quot;name&quot;:&quot;any-name&quot;,&quot;description&quot;:&quot;desc&quot;,&quot;iconUrl&quot;:&quot;icon&quot;,&quot;allowExtraParameters&quot;:false,&quot;params&quot;:{p1=com.dotcms.security.apps.ParamDescriptor@3d3b101c}}]</td>
<td>0.006s</td>
<td class="success">passed</td>
</tr>
<tr>
<td class="success">Test_App_Descriptor_Validation_Expect_Validation_Exceptions[0: {&quot;key&quot;:&quot;any-key&quot;,&quot;name&quot;:&quot;&quot;,&quot;description&quot;:&quot;&quot;,&quot;iconUrl&quot;:&quot;&quot;,&quot;allowExtraParameters&quot;:false,&quot;params&quot;:{}}]</td>
<td>0.016s</td>
<td class="success">passed</td>
</tr>
<tr>
<td class="success">Test_App_Descriptor_Validation_Expect_Validation_Exceptions[10: {&quot;key&quot;:&quot;any-key&quot;,&quot;name&quot;:&quot;any-name&quot;,&quot;description&quot;:&quot;desc&quot;,&quot;iconUrl&quot;:&quot;icon&quot;,&quot;allowExtraParameters&quot;:false,&quot;params&quot;:{p1=com.dotcms.security.apps.ParamDescriptor@f527fe1c}}]</td>
<td>0.009s</td>
<td class="success">passed</td>
</tr>
<tr>
<td class="success">Test_App_Descriptor_Validation_Expect_Validation_Exceptions[11: {&quot;key&quot;:&quot;any-key&quot;,&quot;name&quot;:&quot;any-name&quot;,&quot;description&quot;:&quot;desc&quot;,&quot;iconUrl&quot;:&quot;icon&quot;,&quot;allowExtraParameters&quot;:false,&quot;params&quot;:{p1=com.dotcms.security.apps.ParamDescriptor@83f7a8c2}}]</td>
<td>0.006s</td>
<td class="success">passed</td>
</tr>
<tr>
<td class="success">Test_App_Descriptor_Validation_Expect_Validation_Exceptions[12: {&quot;key&quot;:&quot;any-key&quot;,&quot;name&quot;:&quot;any-name&quot;,&quot;description&quot;:&quot;desc&quot;,&quot;iconUrl&quot;:&quot;icon&quot;,&quot;allowExtraParameters&quot;:false,&quot;params&quot;:{p1=com.dotcms.security.apps.ParamDescriptor@3d3a7a51}}]</td>
<td>0.007s</td>
<td class="success">passed</td>
</tr>
<tr>
<td class="success">Test_App_Descriptor_Validation_Expect_Validation_Exceptions[13: {&quot;key&quot;:&quot;any-key&quot;,&quot;name&quot;:&quot;any-name&quot;,&quot;description&quot;:&quot;desc&quot;,&quot;iconUrl&quot;:&quot;icon&quot;,&quot;allowExtraParameters&quot;:false,&quot;params&quot;:{p1=com.dotcms.security.apps.ParamDescriptor@3d3b101c}}]</td>
<td>0.007s</td>
<td class="success">passed</td>
</tr>
<tr>
<td class="success">Test_App_Descriptor_Validation_Expect_Validation_Exceptions[1: {&quot;key&quot;:&quot;any-key&quot;,&quot;name&quot;:&quot;any-name&quot;,&quot;description&quot;:&quot;&quot;,&quot;iconUrl&quot;:&quot;&quot;,&quot;allowExtraParameters&quot;:false,&quot;params&quot;:{}}]</td>
<td>0.002s</td>
<td class="success">passed</td>
</tr>
<tr>
<td class="success">Test_App_Descriptor_Validation_Expect_Validation_Exceptions[2: {&quot;key&quot;:&quot;any-key&quot;,&quot;name&quot;:&quot;any-name&quot;,&quot;description&quot;:&quot;desc&quot;,&quot;iconUrl&quot;:&quot;&quot;,&quot;allowExtraParameters&quot;:false,&quot;params&quot;:{}}]</td>
<td>0.016s</td>
<td class="success">passed</td>
</tr>
<tr>
<td class="success">Test_App_Descriptor_Validation_Expect_Validation_Exceptions[3: {&quot;key&quot;:&quot;any-key&quot;,&quot;name&quot;:&quot;any-name&quot;,&quot;description&quot;:&quot;desc&quot;,&quot;iconUrl&quot;:&quot;icon&quot;,&quot;allowExtraParameters&quot;:false,&quot;params&quot;:{}}]</td>
<td>0.008s</td>
<td class="success">passed</td>
</tr>
<tr>
<td class="success">Test_App_Descriptor_Validation_Expect_Validation_Exceptions[4: {&quot;key&quot;:&quot;FnVIKcmF9bBPou7OZShgjBXgb3pNBqBzTzQQcpYDFuJj0rRlvHmt8buYQnGfk&quot;,&quot;name&quot;:&quot;any-name&quot;,&quot;description&quot;:&quot;desc&quot;,&quot;iconUrl&quot;:&quot;icon&quot;,&quot;allowExtraParameters&quot;:false,&quot;params&quot;:{}}]</td>
<td>0.002s</td>
<td class="success">passed</td>
</tr>
<tr>
<td class="success">Test_App_Descriptor_Validation_Expect_Validation_Exceptions[5: {&quot;key&quot;:&quot;any-key&quot;,&quot;name&quot;:&quot;IcBx5vAwM7tn12YvGQ6OHomQyrgI0FTDn6FhqQhl1ghDX3mC7rt6UGfUIYJzu&quot;,&quot;description&quot;:&quot;desc&quot;,&quot;iconUrl&quot;:&quot;icon&quot;,&quot;allowExtraParameters&quot;:false,&quot;params&quot;:{}}]</td>
<td>0.005s</td>
<td class="success">passed</td>
</tr>
<tr>
<td class="success">Test_App_Descriptor_Validation_Expect_Validation_Exceptions[6: {&quot;key&quot;:&quot;any-key&quot;,&quot;name&quot;:&quot;any-name&quot;,&quot;description&quot;:&quot;desc&quot;,&quot;iconUrl&quot;:&quot;icon&quot;,&quot;allowExtraParameters&quot;:false,&quot;params&quot;:{p1=com.dotcms.security.apps.ParamDescriptor@10970}}]</td>
<td>0.015s</td>
<td class="success">passed</td>
</tr>
<tr>
<td class="success">Test_App_Descriptor_Validation_Expect_Validation_Exceptions[7: {&quot;key&quot;:&quot;any-key&quot;,&quot;name&quot;:&quot;any-name&quot;,&quot;description&quot;:&quot;desc&quot;,&quot;iconUrl&quot;:&quot;icon&quot;,&quot;allowExtraParameters&quot;:false,&quot;params&quot;:{p1=com.dotcms.security.apps.ParamDescriptor@7dd1b2ff}}]</td>
<td>0.008s</td>
<td class="success">passed</td>
</tr>
<tr>
<td class="success">Test_App_Descriptor_Validation_Expect_Validation_Exceptions[8: {&quot;key&quot;:&quot;any-key&quot;,&quot;name&quot;:&quot;any-name&quot;,&quot;description&quot;:&quot;desc&quot;,&quot;iconUrl&quot;:&quot;icon&quot;,&quot;allowExtraParameters&quot;:false,&quot;params&quot;:{p1=com.dotcms.security.apps.ParamDescriptor@3305d956}}]</td>
<td>0.006s</td>
<td class="success">passed</td>
</tr>
<tr>
<td class="success">Test_App_Descriptor_Validation_Expect_Validation_Exceptions[9: {&quot;key&quot;:&quot;any-key&quot;,&quot;name&quot;:&quot;any-name&quot;,&quot;description&quot;:&quot;desc&quot;,&quot;iconUrl&quot;:&quot;icon&quot;,&quot;allowExtraParameters&quot;:false,&quot;params&quot;:{p1=com.dotcms.security.apps.ParamDescriptor@3305d956}}]</td>
<td>0.009s</td>
<td class="success">passed</td>
</tr>
<tr>
<td class="failures">Test_Delete_Secrets_On_Site_Delete</td>
<td>1.445s</td>
<td class="failures">failed</td>
</tr>
<tr>
<td class="success">Test_File_Comparison_Is_Case_Sensitive</td>
<td>0.036s</td>
<td class="success">passed</td>
</tr>
<tr>
<td class="success">Test_Get_Apps_With_Non_Valid_License</td>
<td>0.001s</td>
<td class="success">passed</td>
</tr>
<tr>
<td class="success">Test_Get_Descriptor_With_Non_Valid_License</td>
<td>0.001s</td>
<td class="success">passed</td>
</tr>
<tr>
<td class="success">Test_Get_Secret_With_Non_Valid_License</td>
<td>0.002s</td>
<td class="success">passed</td>
</tr>
<tr>
<td class="success">Test_Get_Secret_fallbackOnSystemHost_With_Non_Valid_License</td>
<td>0s</td>
<td class="success">passed</td>
</tr>
<tr>
<td class="success">Test_Lookup_Fallback</td>
<td>0.963s</td>
<td class="success">passed</td>
</tr>
<tr>
<td class="success">Test_Non_Admin_User_Read_Attempt</td>
<td>0.011s</td>
<td class="success">passed</td>
</tr>
<tr>
<td class="success">Test_Non_Admin_User_With_Portlet_Read_Attempt</td>
<td>0.144s</td>
<td class="success">passed</td>
</tr>
<tr>
<td class="success">Test_Save_Secret_Expect_Event_Notification</td>
<td>2.899s</td>
<td class="success">passed</td>
</tr>
<tr>
<td class="success">Test_Save_Secrets_Then_Delete_Single_Secret_Entry_Then_Add_It_Again_With_New_Value_Then_Verify</td>
<td>1.089s</td>
<td class="success">passed</td>
</tr>
<tr>
<td class="success">Test_Save_Secrets_Then_Replace_Secret</td>
<td>1.256s</td>
<td class="success">passed</td>
</tr>
<tr>
<td class="success">Test_Save_Secrets_Then_Update_Single_Secret_Verify_Updated_Value</td>
<td>1.493s</td>
<td class="success">passed</td>
</tr>
<tr>
<td class="success">Test_Secret_Destroy_Method</td>
<td>0.002s</td>
<td class="success">passed</td>
</tr>
<tr>
<td class="success">Test_Secret_Integrity_Check_Expect_No_Warning</td>
<td>1.035s</td>
<td class="success">passed</td>
</tr>
<tr>
<td class="success">Test_Secret_Integrity_Check_Expect_Warning</td>
<td>0.820s</td>
<td class="success">passed</td>
</tr>
<tr>
<td class="success">Test_Store_Json_On_Different_Sites_Then_Pull_Sites_By_Host_Verify_Match</td>
<td>2.184s</td>
<td class="success">passed</td>
</tr>
<tr>
<td class="success">Test_Store_Json_Then_Recover_Decrypted_Then_Delete_Then_Verify_Its_Gone</td>
<td>1.126s</td>
<td class="success">passed</td>
</tr>
<tr>
<td class="success">Test_System_File_Has_Precedence</td>
<td>0.151s</td>
<td class="success">passed</td>
</tr>
</table>
</div>
</div>
<div id="footer">
<p>
<div>
<label class="hidden" id="label-for-line-wrapping-toggle" for="line-wrapping-toggle">Wrap lines
<input id="line-wrapping-toggle" type="checkbox" autocomplete="off"/>
</label>
</div>Generated by 
<a href="http://www.gradle.org">Gradle 4.4.1</a> at Jul 31, 2020 3:00:29 PM</p>
</div>
</div>
</body>
</html>
