<!DOCTYPE html>
<html>
<head>
<meta http-equiv="Content-Type" content="text/html; charset=utf-8"/>
<meta http-equiv="x-ua-compatible" content="IE=edge"/>
<title>Test results - Class com.dotmarketing.portlets.contentlet.business.HostAPITest</title>
<link href="../css/base-style.css" rel="stylesheet" type="text/css"/>
<link href="../css/style.css" rel="stylesheet" type="text/css"/>
<script src="../js/report.js" type="text/javascript"></script>
</head>
<body>
<div id="content">
<h1>Class com.dotmarketing.portlets.contentlet.business.HostAPITest</h1>
<div class="breadcrumbs">
<a href="../index.html">all</a> &gt; 
<a href="../packages/com.dotmarketing.portlets.contentlet.business.html">com.dotmarketing.portlets.contentlet.business</a> &gt; HostAPITest</div>
<div id="summary">
<table>
<tr>
<td>
<div class="summaryGroup">
<table>
<tr>
<td>
<div class="infoBox" id="tests">
<div class="counter">30</div>
<p>tests</p>
</div>
</td>
<td>
<div class="infoBox" id="failures">
<div class="counter">1</div>
<p>failures</p>
</div>
</td>
<td>
<div class="infoBox" id="ignored">
<div class="counter">0</div>
<p>ignored</p>
</div>
</td>
<td>
<div class="infoBox" id="duration">
<div class="counter">1m30.50s</div>
<p>duration</p>
</div>
</td>
</tr>
</table>
</div>
</td>
<td>
<div class="infoBox failures" id="successRate">
<div class="percent">96%</div>
<p>successful</p>
</div>
</td>
</tr>
</table>
</div>
<div id="tabs">
<ul class="tabLinks">
<li>
<a href="#tab0">Failed tests</a>
</li>
<li>
<a href="#tab1">Tests</a>
</li>
</ul>
<div id="tab0" class="tab">
<h2>Failed tests</h2>
<div class="test">
<a name="testDeleteHost"></a>
<h3 class="failures">testDeleteHost</h3>
<span class="code">
<pre>java.util.concurrent.ExecutionException: com.dotmarketing.exception.DotRuntimeException: ORA-02292: integrity constraint (ORACLE.FKFC4EF025FB51EB) violated - child record found
{
  &quot;SQL&quot;: [&quot;delete from inode where inode = ?&quot;],
  &quot;maxRows&quot;: [-1],
  &quot;offest&quot;: [0],
  &quot;params&quot;: &quot;e97829eb-1877-4369-8f7b-1d05282611b0&quot;
}
	at java.util.concurrent.FutureTask.report(FutureTask.java:122)
	at java.util.concurrent.FutureTask.get(FutureTask.java:192)
	at com.dotmarketing.portlets.contentlet.business.HostAPITest.deleteHost(HostAPITest.java:534)
	at com.dotmarketing.portlets.contentlet.business.HostAPITest.testDeleteHost(HostAPITest.java:202)
	at sun.reflect.NativeMethodAccessorImpl.invoke0(Native Method)
	at sun.reflect.NativeMethodAccessorImpl.invoke(NativeMethodAccessorImpl.java:62)
	at sun.reflect.DelegatingMethodAccessorImpl.invoke(DelegatingMethodAccessorImpl.java:43)
	at java.lang.reflect.Method.invoke(Method.java:498)
	at org.junit.runners.model.FrameworkMethod$1.runReflectiveCall(FrameworkMethod.java:50)
	at org.junit.internal.runners.model.ReflectiveCallable.run(ReflectiveCallable.java:12)
	at org.junit.runners.model.FrameworkMethod.invokeExplosively(FrameworkMethod.java:47)
	at org.junit.internal.runners.statements.InvokeMethod.evaluate(InvokeMethod.java:17)
	at org.junit.internal.runners.statements.RunBefores.evaluate(RunBefores.java:26)
	at org.junit.internal.runners.statements.RunAfters.evaluate(RunAfters.java:27)
	at org.junit.rules.TestWatcher$1.evaluate(TestWatcher.java:55)
	at org.junit.rules.RunRules.evaluate(RunRules.java:20)
	at org.junit.runners.ParentRunner.runLeaf(ParentRunner.java:325)
	at com.dotcms.junit.CustomDataProviderRunner.runChild(CustomDataProviderRunner.java:28)
	at com.dotcms.junit.CustomDataProviderRunner.runChild(CustomDataProviderRunner.java:13)
	at org.junit.runners.ParentRunner$3.run(ParentRunner.java:290)
	at org.junit.runners.ParentRunner$1.schedule(ParentRunner.java:71)
	at org.junit.runners.ParentRunner.runChildren(ParentRunner.java:288)
	at org.junit.runners.ParentRunner.access$000(ParentRunner.java:58)
	at org.junit.runners.ParentRunner$2.evaluate(ParentRunner.java:268)
	at org.junit.internal.runners.statements.RunBefores.evaluate(RunBefores.java:26)
	at org.junit.runners.ParentRunner.run(ParentRunner.java:363)
	at org.junit.runners.Suite.runChild(Suite.java:128)
	at org.junit.runners.Suite.runChild(Suite.java:27)
	at org.junit.runners.ParentRunner$3.run(ParentRunner.java:290)
	at org.junit.runners.ParentRunner$1.schedule(ParentRunner.java:71)
	at org.junit.runners.ParentRunner.runChildren(ParentRunner.java:288)
	at org.junit.runners.ParentRunner.access$000(ParentRunner.java:58)
	at org.junit.runners.ParentRunner$2.evaluate(ParentRunner.java:268)
	at org.junit.runners.ParentRunner.run(ParentRunner.java:363)
	at org.gradle.api.internal.tasks.testing.junit.JUnitTestClassExecuter.runTestClass(JUnitTestClassExecuter.java:114)
	at org.gradle.api.internal.tasks.testing.junit.JUnitTestClassExecuter.execute(JUnitTestClassExecuter.java:57)
	at org.gradle.api.internal.tasks.testing.junit.JUnitTestClassProcessor.processTestClass(JUnitTestClassProcessor.java:66)
	at org.gradle.api.internal.tasks.testing.SuiteTestClassProcessor.processTestClass(SuiteTestClassProcessor.java:51)
	at sun.reflect.NativeMethodAccessorImpl.invoke0(Native Method)
	at sun.reflect.NativeMethodAccessorImpl.invoke(NativeMethodAccessorImpl.java:62)
	at sun.reflect.DelegatingMethodAccessorImpl.invoke(DelegatingMethodAccessorImpl.java:43)
	at java.lang.reflect.Method.invoke(Method.java:498)
	at org.gradle.internal.dispatch.ReflectionDispatch.dispatch(ReflectionDispatch.java:35)
	at org.gradle.internal.dispatch.ReflectionDispatch.dispatch(ReflectionDispatch.java:24)
	at org.gradle.internal.dispatch.ContextClassLoaderDispatch.dispatch(ContextClassLoaderDispatch.java:32)
	at org.gradle.internal.dispatch.ProxyDispatchAdapter$DispatchingInvocationHandler.invoke(ProxyDispatchAdapter.java:93)
	at com.sun.proxy.$Proxy1.processTestClass(Unknown Source)
	at org.gradle.api.internal.tasks.testing.worker.TestWorker.processTestClass(TestWorker.java:108)
	at sun.reflect.NativeMethodAccessorImpl.invoke0(Native Method)
	at sun.reflect.NativeMethodAccessorImpl.invoke(NativeMethodAccessorImpl.java:62)
	at sun.reflect.DelegatingMethodAccessorImpl.invoke(DelegatingMethodAccessorImpl.java:43)
	at java.lang.reflect.Method.invoke(Method.java:498)
	at org.gradle.internal.dispatch.ReflectionDispatch.dispatch(ReflectionDispatch.java:35)
	at org.gradle.internal.dispatch.ReflectionDispatch.dispatch(ReflectionDispatch.java:24)
	at org.gradle.internal.remote.internal.hub.MessageHubBackedObjectConnection$DispatchWrapper.dispatch(MessageHubBackedObjectConnection.java:146)
	at org.gradle.internal.remote.internal.hub.MessageHubBackedObjectConnection$DispatchWrapper.dispatch(MessageHubBackedObjectConnection.java:128)
	at org.gradle.internal.remote.internal.hub.MessageHub$Handler.run(MessageHub.java:404)
	at org.gradle.internal.concurrent.ExecutorPolicy$CatchAndRecordFailures.onExecute(ExecutorPolicy.java:63)
	at org.gradle.internal.concurrent.ManagedExecutorImpl$1.run(ManagedExecutorImpl.java:46)
	at java.util.concurrent.ThreadPoolExecutor.runWorker(ThreadPoolExecutor.java:1149)
	at java.util.concurrent.ThreadPoolExecutor$Worker.run(ThreadPoolExecutor.java:624)
	at org.gradle.internal.concurrent.ThreadFactoryImpl$ManagedThreadRunnable.run(ThreadFactoryImpl.java:55)
	at java.lang.Thread.run(Thread.java:748)
Caused by: com.dotmarketing.exception.DotRuntimeException: ORA-02292: integrity constraint (ORACLE.FKFC4EF025FB51EB) violated - child record found
{
  &quot;SQL&quot;: [&quot;delete from inode where inode = ?&quot;],
  &quot;maxRows&quot;: [-1],
  &quot;offest&quot;: [0],
  &quot;params&quot;: &quot;e97829eb-1877-4369-8f7b-1d05282611b0&quot;
}
	at com.dotmarketing.portlets.contentlet.business.HostAPIImpl$1DeleteHostThread.call_aroundBody0(HostAPIImpl.java:616)
	at com.dotmarketing.portlets.contentlet.business.HostAPIImpl$1DeleteHostThread$AjcClosure1.run(HostAPIImpl.java:1)
	at org.aspectj.runtime.reflect.JoinPointImpl.proceed(JoinPointImpl.java:149)
	at com.dotcms.aspects.aspectj.AspectJDelegateMethodInvocation.proceed(AspectJDelegateMethodInvocation.java:42)
	at com.dotmarketing.db.LocalTransaction.wrapReturnWithListeners(LocalTransaction.java:59)
	at com.dotcms.aspects.interceptors.WrapInTransactionMethodInterceptor.invoke(WrapInTransactionMethodInterceptor.java:23)
	at com.dotcms.aspects.aspectj.WrapInTransactionAspect.invoke(WrapInTransactionAspect.java:41)
	at com.dotmarketing.portlets.contentlet.business.HostAPIImpl$1DeleteHostThread.call(HostAPIImpl.java:591)
	at com.dotmarketing.portlets.contentlet.business.HostAPIImpl$1DeleteHostThread.call(HostAPIImpl.java:1)
	at java.util.concurrent.FutureTask.run(FutureTask.java:266)
	at java.util.concurrent.ThreadPoolExecutor.runWorker(ThreadPoolExecutor.java:1149)
	at java.util.concurrent.ThreadPoolExecutor$Worker.run(ThreadPoolExecutor.java:624)
	... 1 more
Caused by: com.dotmarketing.exception.DotRuntimeException: ORA-02292: integrity constraint (ORACLE.FKFC4EF025FB51EB) violated - child record found
{
  &quot;SQL&quot;: [&quot;delete from inode where inode = ?&quot;],
  &quot;maxRows&quot;: [-1],
  &quot;offest&quot;: [0],
  &quot;params&quot;: &quot;e97829eb-1877-4369-8f7b-1d05282611b0&quot;
}
	at com.dotmarketing.db.LocalTransaction.wrapNoException(LocalTransaction.java:184)
	at com.dotcms.content.elasticsearch.business.ESContentletAPIImpl.deleteByHost_aroundBody76(ESContentletAPIImpl.java:1932)
	at com.dotcms.content.elasticsearch.business.ESContentletAPIImpl$AjcClosure77.run(ESContentletAPIImpl.java:1)
	at org.aspectj.runtime.reflect.JoinPointImpl.proceed(JoinPointImpl.java:149)
	at com.dotcms.aspects.aspectj.AspectJDelegateMethodInvocation.proceed(AspectJDelegateMethodInvocation.java:42)
	at com.dotmarketing.db.LocalTransaction.wrapReturnWithListeners(LocalTransaction.java:59)
	at com.dotcms.aspects.interceptors.WrapInTransactionMethodInterceptor.invoke(WrapInTransactionMethodInterceptor.java:23)
	at com.dotcms.aspects.aspectj.WrapInTransactionAspect.invoke(WrapInTransactionAspect.java:41)
	at com.dotcms.content.elasticsearch.business.ESContentletAPIImpl.deleteByHost(ESContentletAPIImpl.java:1916)
	at com.dotmarketing.portlets.contentlet.business.ContentletAPIInterceptor.deleteByHost(ContentletAPIInterceptor.java:554)
	at com.dotmarketing.portlets.contentlet.business.HostAPIImpl$1DeleteHostThread.deleteHost(HostAPIImpl.java:656)
	at com.dotmarketing.portlets.contentlet.business.HostAPIImpl$1DeleteHostThread.call_aroundBody0(HostAPIImpl.java:594)
	... 12 more
Caused by: com.dotmarketing.exception.DotDataException: ORA-02292: integrity constraint (ORACLE.FKFC4EF025FB51EB) violated - child record found
{
  &quot;SQL&quot;: [&quot;delete from inode where inode = ?&quot;],
  &quot;maxRows&quot;: [-1],
  &quot;offest&quot;: [0],
  &quot;params&quot;: &quot;e97829eb-1877-4369-8f7b-1d05282611b0&quot;
}
	at com.dotmarketing.common.db.DotConnect.loadResult(DotConnect.java:273)
	at com.dotcms.content.elasticsearch.business.ESContentFactoryImpl.checkOrphanInode(ESContentFactoryImpl.java:665)
	at com.dotcms.content.elasticsearch.business.ESContentFactoryImpl.delete(ESContentFactoryImpl.java:639)
	at com.dotcms.content.elasticsearch.business.ESContentFactoryImpl.delete(ESContentFactoryImpl.java:574)
	at com.dotcms.content.elasticsearch.business.ESContentletAPIImpl.destroyContentlets(ESContentletAPIImpl.java:2241)
	at com.dotcms.content.elasticsearch.business.ESContentletAPIImpl.internalDestroy(ESContentletAPIImpl.java:2119)
	at com.dotcms.content.elasticsearch.business.ESContentletAPIImpl.destroy_aroundBody80(ESContentletAPIImpl.java:2085)
	at com.dotcms.content.elasticsearch.business.ESContentletAPIImpl$AjcClosure81.run(ESContentletAPIImpl.java:1)
	at org.aspectj.runtime.reflect.JoinPointImpl.proceed(JoinPointImpl.java:149)
	at com.dotcms.aspects.aspectj.AspectJDelegateMethodInvocation.proceed(AspectJDelegateMethodInvocation.java:42)
	at com.dotmarketing.db.LocalTransaction.wrapReturnWithListeners(LocalTransaction.java:59)
	at com.dotcms.aspects.interceptors.WrapInTransactionMethodInterceptor.invoke(WrapInTransactionMethodInterceptor.java:23)
	at com.dotcms.aspects.aspectj.WrapInTransactionAspect.invoke(WrapInTransactionAspect.java:41)
	at com.dotcms.content.elasticsearch.business.ESContentletAPIImpl.destroy(ESContentletAPIImpl.java:2058)
	at com.dotcms.content.elasticsearch.business.ESContentletAPIImpl.lambda$15(ESContentletAPIImpl.java:1938)
	at com.dotmarketing.db.LocalTransaction.wrap(LocalTransaction.java:158)
	at com.dotmarketing.db.LocalTransaction.wrapNoException(LocalTransaction.java:181)
	... 23 more
Caused by: java.sql.SQLIntegrityConstraintViolationException: ORA-02292: integrity constraint (ORACLE.FKFC4EF025FB51EB) violated - child record found

	at oracle.jdbc.driver.T4CTTIoer11.processError(T4CTTIoer11.java:509)
	at oracle.jdbc.driver.T4CTTIoer11.processError(T4CTTIoer11.java:461)
	at oracle.jdbc.driver.T4C8Oall.processError(T4C8Oall.java:1104)
	at oracle.jdbc.driver.T4CTTIfun.receive(T4CTTIfun.java:550)
	at oracle.jdbc.driver.T4CTTIfun.doRPC(T4CTTIfun.java:268)
	at oracle.jdbc.driver.T4C8Oall.doOALL(T4C8Oall.java:655)
	at oracle.jdbc.driver.T4CPreparedStatement.doOall8(T4CPreparedStatement.java:270)
	at oracle.jdbc.driver.T4CPreparedStatement.doOall8(T4CPreparedStatement.java:91)
	at oracle.jdbc.driver.T4CPreparedStatement.executeForRows(T4CPreparedStatement.java:970)
	at oracle.jdbc.driver.OracleStatement.doExecuteWithTimeout(OracleStatement.java:1205)
	at oracle.jdbc.driver.OraclePreparedStatement.executeInternal(OraclePreparedStatement.java:3666)
	at oracle.jdbc.driver.T4CPreparedStatement.executeInternal(T4CPreparedStatement.java:1426)
	at oracle.jdbc.driver.OraclePreparedStatement.execute(OraclePreparedStatement.java:3778)
	at oracle.jdbc.driver.OraclePreparedStatementWrapper.execute(OraclePreparedStatementWrapper.java:1081)
	at com.zaxxer.hikari.pool.ProxyPreparedStatement.execute(ProxyPreparedStatement.java:44)
	at com.zaxxer.hikari.pool.HikariProxyPreparedStatement.execute(HikariProxyPreparedStatement.java)
	at com.dotmarketing.common.db.DotConnect.executeQuery(DotConnect.java:619)
	at com.dotmarketing.common.db.DotConnect.executeQuery(DotConnect.java:532)
	at com.dotmarketing.common.db.DotConnect.loadResult(DotConnect.java:271)
	... 39 more
Caused by: Error : 2292, Position : 0, Sql = delete from inode where inode = :1 , OriginalSql = delete from inode where inode = ?, Error Msg = ORA-02292: integrity constraint (ORACLE.FKFC4EF025FB51EB) violated - child record found

	at oracle.jdbc.driver.T4CTTIoer11.processError(T4CTTIoer11.java:513)
	... 57 more
</pre>
</span>
</div>
</div>
<div id="tab1" class="tab">
<h2>Tests</h2>
<table>
<thead>
<tr>
<th>Test</th>
<th>Duration</th>
<th>Result</th>
</tr>
</thead>
<tr>
<td class="success">delete_host_with_content_type</td>
<td>0.921s</td>
<td class="success">passed</td>
</tr>
<tr>
<td class="success">delete_host_with_content_type</td>
<td>0.866s</td>
<td class="success">passed</td>
</tr>
<tr>
<td class="success">delete_host_with_default_type_content_type</td>
<td>1.277s</td>
<td class="success">passed</td>
</tr>
<tr>
<td class="success">delete_host_with_default_type_content_type</td>
<td>2.060s</td>
<td class="success">passed</td>
</tr>
<tr>
<td class="success">delete_host_with_system_content_type</td>
<td>1.001s</td>
<td class="success">passed</td>
</tr>
<tr>
<td class="success">delete_host_with_system_content_type</td>
<td>0.585s</td>
<td class="success">passed</td>
</tr>
<tr>
<td class="success">givenSearch_whenNewHost_thenFindsNewHost</td>
<td>2.200s</td>
<td class="success">passed</td>
</tr>
<tr>
<td class="success">givenSearch_whenNewHost_thenFindsNewHost</td>
<td>2.125s</td>
<td class="success">passed</td>
</tr>
<tr>
<td class="success">makeDefault</td>
<td>3.256s</td>
<td class="success">passed</td>
</tr>
<tr>
<td class="success">makeDefault</td>
<td>4.881s</td>
<td class="success">passed</td>
</tr>
<tr>
<td class="success">shouldReturnExistingHost</td>
<td>1.713s</td>
<td class="success">passed</td>
</tr>
<tr>
<td class="success">shouldReturnExistingHost</td>
<td>1.604s</td>
<td class="success">passed</td>
</tr>
<tr>
<td class="success">shouldReturnHostByAlias</td>
<td>3.755s</td>
<td class="success">passed</td>
</tr>
<tr>
<td class="success">shouldReturnHostByAlias</td>
<td>3.616s</td>
<td class="success">passed</td>
</tr>
<tr>
<td class="success">shouldReturnHostWhenRespectFrontendRolesIsTrue</td>
<td>1.189s</td>
<td class="success">passed</td>
</tr>
<tr>
<td class="success">shouldReturnHostWhenRespectFrontendRolesIsTrue</td>
<td>0.718s</td>
<td class="success">passed</td>
</tr>
<tr>
<td class="success">shouldReturnNull</td>
<td>0.016s</td>
<td class="success">passed</td>
</tr>
<tr>
<td class="success">shouldReturnNull</td>
<td>0.015s</td>
<td class="success">passed</td>
</tr>
<tr>
<td class="success">shouldStoreDefaultHostIntoCache</td>
<td>0.012s</td>
<td class="success">passed</td>
</tr>
<tr>
<td class="success">shouldStoreDefaultHostIntoCache</td>
<td>0.015s</td>
<td class="success">passed</td>
</tr>
<tr>
<td class="success">shouldThrowDotSecurityExceptionWhenUserNotHavePermission</td>
<td>1.509s</td>
<td class="success">passed</td>
</tr>
<tr>
<td class="success">shouldThrowDotSecurityExceptionWhenUserNotHavePermission</td>
<td>0.636s</td>
<td class="success">passed</td>
</tr>
<tr>
<td class="success">testDeleteHost</td>
<td>18.965s</td>
<td class="success">passed</td>
</tr>
<tr>
<td class="failures">testDeleteHost</td>
<td>22.347s</td>
<td class="failures">failed</td>
</tr>
<tr>
<td class="success">testDeleteHostCleanUpTemplates</td>
<td>1.534s</td>
<td class="success">passed</td>
</tr>
<tr>
<td class="success">testDeleteHostCleanUpTemplates</td>
<td>1.433s</td>
<td class="success">passed</td>
</tr>
<tr>
<td class="success">whenBothAliasStartByProd</td>
<td>4.178s</td>
<td class="success">passed</td>
</tr>
<tr>
<td class="success">whenBothAliasStartByProd</td>
<td>4.164s</td>
<td class="success">passed</td>
</tr>
<tr>
<td class="success">whenHostHasMultipleAliasshouldReturnHostByAlias</td>
<td>2.006s</td>
<td class="success">passed</td>
</tr>
<tr>
<td class="success">whenHostHasMultipleAliasshouldReturnHostByAlias</td>
<td>1.901s</td>
<td class="success">passed</td>
</tr>
</table>
</div>
</div>
<div id="footer">
<p>
<div>
<label class="hidden" id="label-for-line-wrapping-toggle" for="line-wrapping-toggle">Wrap lines
<input id="line-wrapping-toggle" type="checkbox" autocomplete="off"/>
</label>
</div>Generated by 
<a href="http://www.gradle.org">Gradle 4.4.1</a> at Jul 30, 2020 11:51:33 PM</p>
</div>
</div>
</body>
</html>
