<!DOCTYPE html>
<html>
<head>
<meta http-equiv="Content-Type" content="text/html; charset=utf-8"/>
<meta http-equiv="x-ua-compatible" content="IE=edge"/>
<title>Test results - Class com.dotcms.contenttype.business.FieldAPITest</title>
<link href="../css/base-style.css" rel="stylesheet" type="text/css"/>
<link href="../css/style.css" rel="stylesheet" type="text/css"/>
<script src="../js/report.js" type="text/javascript"></script>
</head>
<body>
<div id="content">
<h1>Class com.dotcms.contenttype.business.FieldAPITest</h1>
<div class="breadcrumbs">
<a href="../index.html">all</a> &gt; 
<a href="../packages/com.dotcms.contenttype.business.html">com.dotcms.contenttype.business</a> &gt; FieldAPITest</div>
<div id="summary">
<table>
<tr>
<td>
<div class="summaryGroup">
<table>
<tr>
<td>
<div class="infoBox" id="tests">
<div class="counter">92</div>
<p>tests</p>
</div>
</td>
<td>
<div class="infoBox" id="failures">
<div class="counter">3</div>
<p>failures</p>
</div>
</td>
<td>
<div class="infoBox" id="ignored">
<div class="counter">0</div>
<p>ignored</p>
</div>
</td>
<td>
<div class="infoBox" id="duration">
<div class="counter">20.759s</div>
<p>duration</p>
</div>
</td>
</tr>
</table>
</div>
</td>
<td>
<div class="infoBox failures" id="successRate">
<div class="percent">96%</div>
<p>successful</p>
</div>
</td>
</tr>
</table>
</div>
<div id="tabs">
<ul class="tabLinks">
<li>
<a href="#tab0">Failed tests</a>
</li>
<li>
<a href="#tab1">Tests</a>
</li>
</ul>
<div id="tab0" class="tab">
<h2>Failed tests</h2>
<div class="test">
<a name="testSaveRelationshipField_when_newFieldIsSetToAnExistingRelationship_SaveShouldSucceed"></a>
<h3 class="failures">testSaveRelationshipField_when_newFieldIsSetToAnExistingRelationship_SaveShouldSucceed</h3>
<span class="code">
<pre>com.dotmarketing.exception.DotHibernateException: Unable to close Hibernate Session 
	at com.dotmarketing.db.HibernateUtil.commitTransaction(HibernateUtil.java:1158)
	at com.dotmarketing.db.LocalTransaction.wrapReturnWithListeners(LocalTransaction.java:62)
	at com.dotcms.aspects.interceptors.WrapInTransactionMethodInterceptor.invoke(WrapInTransactionMethodInterceptor.java:23)
	at com.dotcms.aspects.aspectj.WrapInTransactionAspect.invoke(WrapInTransactionAspect.java:41)
	at com.dotcms.contenttype.business.ContentTypeAPIImpl.delete(ContentTypeAPIImpl.java:81)
	at com.dotcms.contenttype.business.FieldAPITest.testSaveRelationshipField_when_newFieldIsSetToAnExistingRelationship_SaveShouldSucceed(FieldAPITest.java:331)
	at sun.reflect.NativeMethodAccessorImpl.invoke0(Native Method)
	at sun.reflect.NativeMethodAccessorImpl.invoke(NativeMethodAccessorImpl.java:62)
	at sun.reflect.DelegatingMethodAccessorImpl.invoke(DelegatingMethodAccessorImpl.java:43)
	at java.lang.reflect.Method.invoke(Method.java:498)
	at org.junit.runners.model.FrameworkMethod$1.runReflectiveCall(FrameworkMethod.java:50)
	at org.junit.internal.runners.model.ReflectiveCallable.run(ReflectiveCallable.java:12)
	at org.junit.runners.model.FrameworkMethod.invokeExplosively(FrameworkMethod.java:47)
	at org.junit.internal.runners.statements.InvokeMethod.evaluate(InvokeMethod.java:17)
	at org.junit.internal.runners.statements.RunBefores.evaluate(RunBefores.java:26)
	at org.junit.internal.runners.statements.RunAfters.evaluate(RunAfters.java:27)
	at org.junit.rules.TestWatcher$1.evaluate(TestWatcher.java:55)
	at org.junit.rules.RunRules.evaluate(RunRules.java:20)
	at org.junit.runners.ParentRunner.runLeaf(ParentRunner.java:325)
	at com.dotcms.junit.CustomDataProviderRunner.runChild(CustomDataProviderRunner.java:28)
	at com.dotcms.junit.CustomDataProviderRunner.runChild(CustomDataProviderRunner.java:13)
	at org.junit.runners.ParentRunner$3.run(ParentRunner.java:290)
	at org.junit.runners.ParentRunner$1.schedule(ParentRunner.java:71)
	at org.junit.runners.ParentRunner.runChildren(ParentRunner.java:288)
	at org.junit.runners.ParentRunner.access$000(ParentRunner.java:58)
	at org.junit.runners.ParentRunner$2.evaluate(ParentRunner.java:268)
	at org.junit.internal.runners.statements.RunBefores.evaluate(RunBefores.java:26)
	at org.junit.runners.ParentRunner.run(ParentRunner.java:363)
	at org.junit.runners.Suite.runChild(Suite.java:128)
	at org.junit.runners.Suite.runChild(Suite.java:27)
	at org.junit.runners.ParentRunner$3.run(ParentRunner.java:290)
	at org.junit.runners.ParentRunner$1.schedule(ParentRunner.java:71)
	at org.junit.runners.ParentRunner.runChildren(ParentRunner.java:288)
	at org.junit.runners.ParentRunner.access$000(ParentRunner.java:58)
	at org.junit.runners.ParentRunner$2.evaluate(ParentRunner.java:268)
	at org.junit.runners.ParentRunner.run(ParentRunner.java:363)
	at org.gradle.api.internal.tasks.testing.junit.JUnitTestClassExecuter.runTestClass(JUnitTestClassExecuter.java:114)
	at org.gradle.api.internal.tasks.testing.junit.JUnitTestClassExecuter.execute(JUnitTestClassExecuter.java:57)
	at org.gradle.api.internal.tasks.testing.junit.JUnitTestClassProcessor.processTestClass(JUnitTestClassProcessor.java:66)
	at org.gradle.api.internal.tasks.testing.SuiteTestClassProcessor.processTestClass(SuiteTestClassProcessor.java:51)
	at sun.reflect.NativeMethodAccessorImpl.invoke0(Native Method)
	at sun.reflect.NativeMethodAccessorImpl.invoke(NativeMethodAccessorImpl.java:62)
	at sun.reflect.DelegatingMethodAccessorImpl.invoke(DelegatingMethodAccessorImpl.java:43)
	at java.lang.reflect.Method.invoke(Method.java:498)
	at org.gradle.internal.dispatch.ReflectionDispatch.dispatch(ReflectionDispatch.java:35)
	at org.gradle.internal.dispatch.ReflectionDispatch.dispatch(ReflectionDispatch.java:24)
	at org.gradle.internal.dispatch.ContextClassLoaderDispatch.dispatch(ContextClassLoaderDispatch.java:32)
	at org.gradle.internal.dispatch.ProxyDispatchAdapter$DispatchingInvocationHandler.invoke(ProxyDispatchAdapter.java:93)
	at com.sun.proxy.$Proxy1.processTestClass(Unknown Source)
	at org.gradle.api.internal.tasks.testing.worker.TestWorker.processTestClass(TestWorker.java:108)
	at sun.reflect.NativeMethodAccessorImpl.invoke0(Native Method)
	at sun.reflect.NativeMethodAccessorImpl.invoke(NativeMethodAccessorImpl.java:62)
	at sun.reflect.DelegatingMethodAccessorImpl.invoke(DelegatingMethodAccessorImpl.java:43)
	at java.lang.reflect.Method.invoke(Method.java:498)
	at org.gradle.internal.dispatch.ReflectionDispatch.dispatch(ReflectionDispatch.java:35)
	at org.gradle.internal.dispatch.ReflectionDispatch.dispatch(ReflectionDispatch.java:24)
	at org.gradle.internal.remote.internal.hub.MessageHubBackedObjectConnection$DispatchWrapper.dispatch(MessageHubBackedObjectConnection.java:146)
	at org.gradle.internal.remote.internal.hub.MessageHubBackedObjectConnection$DispatchWrapper.dispatch(MessageHubBackedObjectConnection.java:128)
	at org.gradle.internal.remote.internal.hub.MessageHub$Handler.run(MessageHub.java:404)
	at org.gradle.internal.concurrent.ExecutorPolicy$CatchAndRecordFailures.onExecute(ExecutorPolicy.java:63)
	at org.gradle.internal.concurrent.ManagedExecutorImpl$1.run(ManagedExecutorImpl.java:46)
	at java.util.concurrent.ThreadPoolExecutor.runWorker(ThreadPoolExecutor.java:1149)
	at java.util.concurrent.ThreadPoolExecutor$Worker.run(ThreadPoolExecutor.java:624)
	at org.gradle.internal.concurrent.ThreadFactoryImpl$ManagedThreadRunnable.run(ThreadFactoryImpl.java:55)
	at java.lang.Thread.run(Thread.java:748)
Caused by: com.dotmarketing.business.DotStateException: Based on configured schedule, the given trigger will never fire.
	at com.dotmarketing.db.DotRunnableThread.run(DotRunnableThread.java:56)
	at com.dotmarketing.db.HibernateUtil.finalizeCommitListeners(HibernateUtil.java:1068)
	at com.dotmarketing.db.HibernateUtil.commitTransaction(HibernateUtil.java:1152)
	... 64 more
Caused by: org.quartz.SchedulerException: Based on configured schedule, the given trigger will never fire.
	at org.quartz.core.QuartzScheduler.rescheduleJob(QuartzScheduler.java:1011)
	at org.quartz.impl.StdScheduler.rescheduleJob(StdScheduler.java:302)
	at com.dotmarketing.quartz.QuartzUtils.scheduleTask(QuartzUtils.java:485)
	at com.dotmarketing.quartz.DotStatefulJob.enqueueTrigger(DotStatefulJob.java:170)
	at com.dotmarketing.quartz.job.CleanUpFieldReferencesJob.lambda$0(CleanUpFieldReferencesJob.java:124)
	at com.rainerhahnekamp.sneakythrow.Sneaky.lambda$sneaked$7(Sneaky.java:207)
	at com.dotmarketing.db.DotRunnableThread.internalRunner(DotRunnableThread.java:99)
	at com.dotmarketing.db.LocalTransaction.wrap(LocalTransaction.java:158)
	at com.dotmarketing.db.DotRunnableThread.run(DotRunnableThread.java:53)
	... 66 more
</pre>
</span>
</div>
<div class="test">
<a name="testUpdateParentFieldInARelationship_shouldSucceed"></a>
<h3 class="failures">testUpdateParentFieldInARelationship_shouldSucceed</h3>
<span class="code">
<pre>com.dotmarketing.exception.DotHibernateException: Unable to close Hibernate Session 
	at com.dotmarketing.db.HibernateUtil.commitTransaction(HibernateUtil.java:1158)
	at com.dotmarketing.db.LocalTransaction.wrapReturnWithListeners(LocalTransaction.java:62)
	at com.dotcms.aspects.interceptors.WrapInTransactionMethodInterceptor.invoke(WrapInTransactionMethodInterceptor.java:23)
	at com.dotcms.aspects.aspectj.WrapInTransactionAspect.invoke(WrapInTransactionAspect.java:41)
	at com.dotcms.contenttype.business.ContentTypeAPIImpl.delete(ContentTypeAPIImpl.java:81)
	at com.dotcms.contenttype.business.FieldAPITest.testUpdateParentFieldInARelationship_shouldSucceed(FieldAPITest.java:763)
	at sun.reflect.NativeMethodAccessorImpl.invoke0(Native Method)
	at sun.reflect.NativeMethodAccessorImpl.invoke(NativeMethodAccessorImpl.java:62)
	at sun.reflect.DelegatingMethodAccessorImpl.invoke(DelegatingMethodAccessorImpl.java:43)
	at java.lang.reflect.Method.invoke(Method.java:498)
	at org.junit.runners.model.FrameworkMethod$1.runReflectiveCall(FrameworkMethod.java:50)
	at org.junit.internal.runners.model.ReflectiveCallable.run(ReflectiveCallable.java:12)
	at org.junit.runners.model.FrameworkMethod.invokeExplosively(FrameworkMethod.java:47)
	at org.junit.internal.runners.statements.InvokeMethod.evaluate(InvokeMethod.java:17)
	at org.junit.internal.runners.statements.RunBefores.evaluate(RunBefores.java:26)
	at org.junit.internal.runners.statements.RunAfters.evaluate(RunAfters.java:27)
	at org.junit.rules.TestWatcher$1.evaluate(TestWatcher.java:55)
	at org.junit.rules.RunRules.evaluate(RunRules.java:20)
	at org.junit.runners.ParentRunner.runLeaf(ParentRunner.java:325)
	at com.dotcms.junit.CustomDataProviderRunner.runChild(CustomDataProviderRunner.java:28)
	at com.dotcms.junit.CustomDataProviderRunner.runChild(CustomDataProviderRunner.java:13)
	at org.junit.runners.ParentRunner$3.run(ParentRunner.java:290)
	at org.junit.runners.ParentRunner$1.schedule(ParentRunner.java:71)
	at org.junit.runners.ParentRunner.runChildren(ParentRunner.java:288)
	at org.junit.runners.ParentRunner.access$000(ParentRunner.java:58)
	at org.junit.runners.ParentRunner$2.evaluate(ParentRunner.java:268)
	at org.junit.internal.runners.statements.RunBefores.evaluate(RunBefores.java:26)
	at org.junit.runners.ParentRunner.run(ParentRunner.java:363)
	at org.junit.runners.Suite.runChild(Suite.java:128)
	at org.junit.runners.Suite.runChild(Suite.java:27)
	at org.junit.runners.ParentRunner$3.run(ParentRunner.java:290)
	at org.junit.runners.ParentRunner$1.schedule(ParentRunner.java:71)
	at org.junit.runners.ParentRunner.runChildren(ParentRunner.java:288)
	at org.junit.runners.ParentRunner.access$000(ParentRunner.java:58)
	at org.junit.runners.ParentRunner$2.evaluate(ParentRunner.java:268)
	at org.junit.runners.ParentRunner.run(ParentRunner.java:363)
	at org.gradle.api.internal.tasks.testing.junit.JUnitTestClassExecuter.runTestClass(JUnitTestClassExecuter.java:114)
	at org.gradle.api.internal.tasks.testing.junit.JUnitTestClassExecuter.execute(JUnitTestClassExecuter.java:57)
	at org.gradle.api.internal.tasks.testing.junit.JUnitTestClassProcessor.processTestClass(JUnitTestClassProcessor.java:66)
	at org.gradle.api.internal.tasks.testing.SuiteTestClassProcessor.processTestClass(SuiteTestClassProcessor.java:51)
	at sun.reflect.NativeMethodAccessorImpl.invoke0(Native Method)
	at sun.reflect.NativeMethodAccessorImpl.invoke(NativeMethodAccessorImpl.java:62)
	at sun.reflect.DelegatingMethodAccessorImpl.invoke(DelegatingMethodAccessorImpl.java:43)
	at java.lang.reflect.Method.invoke(Method.java:498)
	at org.gradle.internal.dispatch.ReflectionDispatch.dispatch(ReflectionDispatch.java:35)
	at org.gradle.internal.dispatch.ReflectionDispatch.dispatch(ReflectionDispatch.java:24)
	at org.gradle.internal.dispatch.ContextClassLoaderDispatch.dispatch(ContextClassLoaderDispatch.java:32)
	at org.gradle.internal.dispatch.ProxyDispatchAdapter$DispatchingInvocationHandler.invoke(ProxyDispatchAdapter.java:93)
	at com.sun.proxy.$Proxy1.processTestClass(Unknown Source)
	at org.gradle.api.internal.tasks.testing.worker.TestWorker.processTestClass(TestWorker.java:108)
	at sun.reflect.NativeMethodAccessorImpl.invoke0(Native Method)
	at sun.reflect.NativeMethodAccessorImpl.invoke(NativeMethodAccessorImpl.java:62)
	at sun.reflect.DelegatingMethodAccessorImpl.invoke(DelegatingMethodAccessorImpl.java:43)
	at java.lang.reflect.Method.invoke(Method.java:498)
	at org.gradle.internal.dispatch.ReflectionDispatch.dispatch(ReflectionDispatch.java:35)
	at org.gradle.internal.dispatch.ReflectionDispatch.dispatch(ReflectionDispatch.java:24)
	at org.gradle.internal.remote.internal.hub.MessageHubBackedObjectConnection$DispatchWrapper.dispatch(MessageHubBackedObjectConnection.java:146)
	at org.gradle.internal.remote.internal.hub.MessageHubBackedObjectConnection$DispatchWrapper.dispatch(MessageHubBackedObjectConnection.java:128)
	at org.gradle.internal.remote.internal.hub.MessageHub$Handler.run(MessageHub.java:404)
	at org.gradle.internal.concurrent.ExecutorPolicy$CatchAndRecordFailures.onExecute(ExecutorPolicy.java:63)
	at org.gradle.internal.concurrent.ManagedExecutorImpl$1.run(ManagedExecutorImpl.java:46)
	at java.util.concurrent.ThreadPoolExecutor.runWorker(ThreadPoolExecutor.java:1149)
	at java.util.concurrent.ThreadPoolExecutor$Worker.run(ThreadPoolExecutor.java:624)
	at org.gradle.internal.concurrent.ThreadFactoryImpl$ManagedThreadRunnable.run(ThreadFactoryImpl.java:55)
	at java.lang.Thread.run(Thread.java:748)
Caused by: com.dotmarketing.business.DotStateException: Based on configured schedule, the given trigger will never fire.
	at com.dotmarketing.db.DotRunnableThread.run(DotRunnableThread.java:56)
	at com.dotmarketing.db.HibernateUtil.finalizeCommitListeners(HibernateUtil.java:1068)
	at com.dotmarketing.db.HibernateUtil.commitTransaction(HibernateUtil.java:1152)
	... 64 more
Caused by: org.quartz.SchedulerException: Based on configured schedule, the given trigger will never fire.
	at org.quartz.core.QuartzScheduler.rescheduleJob(QuartzScheduler.java:1011)
	at org.quartz.impl.StdScheduler.rescheduleJob(StdScheduler.java:302)
	at com.dotmarketing.quartz.QuartzUtils.scheduleTask(QuartzUtils.java:485)
	at com.dotmarketing.quartz.DotStatefulJob.enqueueTrigger(DotStatefulJob.java:170)
	at com.dotmarketing.quartz.job.CleanUpFieldReferencesJob.lambda$0(CleanUpFieldReferencesJob.java:124)
	at com.rainerhahnekamp.sneakythrow.Sneaky.lambda$sneaked$7(Sneaky.java:207)
	at com.dotmarketing.db.DotRunnableThread.internalRunner(DotRunnableThread.java:99)
	at com.dotmarketing.db.LocalTransaction.wrap(LocalTransaction.java:158)
	at com.dotmarketing.db.DotRunnableThread.run(DotRunnableThread.java:53)
	... 66 more
</pre>
</span>
</div>
<div class="test">
<a name="test_GivenBothSidedRelationshipField_WhenRemovingParentField_RelationshipShouldBeGettable"></a>
<h3 class="failures">test_GivenBothSidedRelationshipField_WhenRemovingParentField_RelationshipShouldBeGettable</h3>
<span class="code">
<pre>com.dotmarketing.exception.DotHibernateException: Unable to close Hibernate Session 
	at com.dotmarketing.db.HibernateUtil.commitTransaction(HibernateUtil.java:1158)
	at com.dotmarketing.db.LocalTransaction.wrapReturnWithListeners(LocalTransaction.java:62)
	at com.dotcms.aspects.interceptors.WrapInTransactionMethodInterceptor.invoke(WrapInTransactionMethodInterceptor.java:23)
	at com.dotcms.aspects.aspectj.WrapInTransactionAspect.invoke(WrapInTransactionAspect.java:41)
	at com.dotcms.contenttype.business.ContentTypeAPIImpl.delete(ContentTypeAPIImpl.java:81)
	at com.dotcms.contenttype.business.FieldAPITest.test_GivenBothSidedRelationshipField_WhenRemovingParentField_RelationshipShouldBeGettable(FieldAPITest.java:526)
	at sun.reflect.NativeMethodAccessorImpl.invoke0(Native Method)
	at sun.reflect.NativeMethodAccessorImpl.invoke(NativeMethodAccessorImpl.java:62)
	at sun.reflect.DelegatingMethodAccessorImpl.invoke(DelegatingMethodAccessorImpl.java:43)
	at java.lang.reflect.Method.invoke(Method.java:498)
	at org.junit.runners.model.FrameworkMethod$1.runReflectiveCall(FrameworkMethod.java:50)
	at org.junit.internal.runners.model.ReflectiveCallable.run(ReflectiveCallable.java:12)
	at org.junit.runners.model.FrameworkMethod.invokeExplosively(FrameworkMethod.java:47)
	at org.junit.internal.runners.statements.InvokeMethod.evaluate(InvokeMethod.java:17)
	at org.junit.internal.runners.statements.RunBefores.evaluate(RunBefores.java:26)
	at org.junit.internal.runners.statements.RunAfters.evaluate(RunAfters.java:27)
	at org.junit.rules.TestWatcher$1.evaluate(TestWatcher.java:55)
	at org.junit.rules.RunRules.evaluate(RunRules.java:20)
	at org.junit.runners.ParentRunner.runLeaf(ParentRunner.java:325)
	at com.dotcms.junit.CustomDataProviderRunner.runChild(CustomDataProviderRunner.java:28)
	at com.dotcms.junit.CustomDataProviderRunner.runChild(CustomDataProviderRunner.java:13)
	at org.junit.runners.ParentRunner$3.run(ParentRunner.java:290)
	at org.junit.runners.ParentRunner$1.schedule(ParentRunner.java:71)
	at org.junit.runners.ParentRunner.runChildren(ParentRunner.java:288)
	at org.junit.runners.ParentRunner.access$000(ParentRunner.java:58)
	at org.junit.runners.ParentRunner$2.evaluate(ParentRunner.java:268)
	at org.junit.internal.runners.statements.RunBefores.evaluate(RunBefores.java:26)
	at org.junit.runners.ParentRunner.run(ParentRunner.java:363)
	at org.junit.runners.Suite.runChild(Suite.java:128)
	at org.junit.runners.Suite.runChild(Suite.java:27)
	at org.junit.runners.ParentRunner$3.run(ParentRunner.java:290)
	at org.junit.runners.ParentRunner$1.schedule(ParentRunner.java:71)
	at org.junit.runners.ParentRunner.runChildren(ParentRunner.java:288)
	at org.junit.runners.ParentRunner.access$000(ParentRunner.java:58)
	at org.junit.runners.ParentRunner$2.evaluate(ParentRunner.java:268)
	at org.junit.runners.ParentRunner.run(ParentRunner.java:363)
	at org.gradle.api.internal.tasks.testing.junit.JUnitTestClassExecuter.runTestClass(JUnitTestClassExecuter.java:114)
	at org.gradle.api.internal.tasks.testing.junit.JUnitTestClassExecuter.execute(JUnitTestClassExecuter.java:57)
	at org.gradle.api.internal.tasks.testing.junit.JUnitTestClassProcessor.processTestClass(JUnitTestClassProcessor.java:66)
	at org.gradle.api.internal.tasks.testing.SuiteTestClassProcessor.processTestClass(SuiteTestClassProcessor.java:51)
	at sun.reflect.NativeMethodAccessorImpl.invoke0(Native Method)
	at sun.reflect.NativeMethodAccessorImpl.invoke(NativeMethodAccessorImpl.java:62)
	at sun.reflect.DelegatingMethodAccessorImpl.invoke(DelegatingMethodAccessorImpl.java:43)
	at java.lang.reflect.Method.invoke(Method.java:498)
	at org.gradle.internal.dispatch.ReflectionDispatch.dispatch(ReflectionDispatch.java:35)
	at org.gradle.internal.dispatch.ReflectionDispatch.dispatch(ReflectionDispatch.java:24)
	at org.gradle.internal.dispatch.ContextClassLoaderDispatch.dispatch(ContextClassLoaderDispatch.java:32)
	at org.gradle.internal.dispatch.ProxyDispatchAdapter$DispatchingInvocationHandler.invoke(ProxyDispatchAdapter.java:93)
	at com.sun.proxy.$Proxy1.processTestClass(Unknown Source)
	at org.gradle.api.internal.tasks.testing.worker.TestWorker.processTestClass(TestWorker.java:108)
	at sun.reflect.NativeMethodAccessorImpl.invoke0(Native Method)
	at sun.reflect.NativeMethodAccessorImpl.invoke(NativeMethodAccessorImpl.java:62)
	at sun.reflect.DelegatingMethodAccessorImpl.invoke(DelegatingMethodAccessorImpl.java:43)
	at java.lang.reflect.Method.invoke(Method.java:498)
	at org.gradle.internal.dispatch.ReflectionDispatch.dispatch(ReflectionDispatch.java:35)
	at org.gradle.internal.dispatch.ReflectionDispatch.dispatch(ReflectionDispatch.java:24)
	at org.gradle.internal.remote.internal.hub.MessageHubBackedObjectConnection$DispatchWrapper.dispatch(MessageHubBackedObjectConnection.java:146)
	at org.gradle.internal.remote.internal.hub.MessageHubBackedObjectConnection$DispatchWrapper.dispatch(MessageHubBackedObjectConnection.java:128)
	at org.gradle.internal.remote.internal.hub.MessageHub$Handler.run(MessageHub.java:404)
	at org.gradle.internal.concurrent.ExecutorPolicy$CatchAndRecordFailures.onExecute(ExecutorPolicy.java:63)
	at org.gradle.internal.concurrent.ManagedExecutorImpl$1.run(ManagedExecutorImpl.java:46)
	at java.util.concurrent.ThreadPoolExecutor.runWorker(ThreadPoolExecutor.java:1149)
	at java.util.concurrent.ThreadPoolExecutor$Worker.run(ThreadPoolExecutor.java:624)
	at org.gradle.internal.concurrent.ThreadFactoryImpl$ManagedThreadRunnable.run(ThreadFactoryImpl.java:55)
	at java.lang.Thread.run(Thread.java:748)
Caused by: com.dotmarketing.business.DotStateException: Based on configured schedule, the given trigger will never fire.
	at com.dotmarketing.db.DotRunnableThread.run(DotRunnableThread.java:56)
	at com.dotmarketing.db.HibernateUtil.finalizeCommitListeners(HibernateUtil.java:1068)
	at com.dotmarketing.db.HibernateUtil.commitTransaction(HibernateUtil.java:1152)
	... 64 more
Caused by: org.quartz.SchedulerException: Based on configured schedule, the given trigger will never fire.
	at org.quartz.core.QuartzScheduler.rescheduleJob(QuartzScheduler.java:1011)
	at org.quartz.impl.StdScheduler.rescheduleJob(StdScheduler.java:302)
	at com.dotmarketing.quartz.QuartzUtils.scheduleTask(QuartzUtils.java:485)
	at com.dotmarketing.quartz.DotStatefulJob.enqueueTrigger(DotStatefulJob.java:170)
	at com.dotmarketing.quartz.job.CleanUpFieldReferencesJob.lambda$0(CleanUpFieldReferencesJob.java:124)
	at com.rainerhahnekamp.sneakythrow.Sneaky.lambda$sneaked$7(Sneaky.java:207)
	at com.dotmarketing.db.DotRunnableThread.internalRunner(DotRunnableThread.java:99)
	at com.dotmarketing.db.LocalTransaction.wrap(LocalTransaction.java:158)
	at com.dotmarketing.db.DotRunnableThread.run(DotRunnableThread.java:53)
	... 66 more
</pre>
</span>
</div>
</div>
<div id="tab1" class="tab">
<h2>Tests</h2>
<table>
<thead>
<tr>
<th>Test</th>
<th>Duration</th>
<th>Result</th>
</tr>
</thead>
<tr>
<td class="success">getFieldVariablesForField</td>
<td>0.262s</td>
<td class="success">passed</td>
</tr>
<tr>
<td class="success">testSaveFieldVariable_KeyWithSpecialChars_ShouldSucceed[0: __myKey]</td>
<td>0.137s</td>
<td class="success">passed</td>
</tr>
<tr>
<td class="success">testSaveFieldVariable_KeyWithSpecialChars_ShouldSucceed[1: dottype.]</td>
<td>0.120s</td>
<td class="success">passed</td>
</tr>
<tr>
<td class="success">testSaveFieldVariable_KeyWithSpecialChars_ShouldSucceed[2: dot:type]</td>
<td>0.119s</td>
<td class="success">passed</td>
</tr>
<tr>
<td class="success">testSaveFieldVariable_KeyWithSpecialChars_ShouldSucceed[3: dot-type]</td>
<td>0.133s</td>
<td class="success">passed</td>
</tr>
<tr>
<td class="success">testSaveFieldVariable_KeyWithSpecialChars_ShouldSucceed[4: *dottype*]</td>
<td>0.134s</td>
<td class="success">passed</td>
</tr>
<tr>
<td class="success">testSaveFieldVariable_KeyWithSpecialChars_ShouldSucceed[5: $my^^&amp;key%]</td>
<td>0.127s</td>
<td class="success">passed</td>
</tr>
<tr>
<td class="success">testSaveOneSidedManyToOneRelationshipField_returns_newRelationshipObject</td>
<td>0.363s</td>
<td class="success">passed</td>
</tr>
<tr>
<td class="success">testSaveOneSidedRelationshipField_returns_newRelationshipObject</td>
<td>0.350s</td>
<td class="success">passed</td>
</tr>
<tr>
<td class="success">testSaveOneSidedRelationship_when_theChildContentTypeIsRelatedWithAnotherContentType_ShouldSucceed</td>
<td>1.109s</td>
<td class="success">passed</td>
</tr>
<tr>
<td class="success">testSaveRelationshipFieldBothSidesRequired_ShouldSucceed</td>
<td>0.503s</td>
<td class="success">passed</td>
</tr>
<tr>
<td class="failures">testSaveRelationshipField_when_newFieldIsSetToAnExistingRelationship_SaveShouldSucceed</td>
<td>1.080s</td>
<td class="failures">failed</td>
</tr>
<tr>
<td class="success">testSaveRelationshipField_when_replacingChildInABothSidedRelationship_ShouldThrowException</td>
<td>0.575s</td>
<td class="success">passed</td>
</tr>
<tr>
<td class="success">testSaveRelationshipField_when_replacingParentInABothSidedRelationship_ShouldThrowException</td>
<td>0.593s</td>
<td class="success">passed</td>
</tr>
<tr>
<td class="success">testSaveRelationshipWithDuplicateFieldsShouldThrowAnException[0: com.dotcms.contenttype.business.FieldAPITest$UniqueConstraintTestCase@3ce69c69]</td>
<td>0.352s</td>
<td class="success">passed</td>
</tr>
<tr>
<td class="success">testSaveRelationshipWithDuplicateFieldsShouldThrowAnException[1: com.dotcms.contenttype.business.FieldAPITest$UniqueConstraintTestCase@1fc3d2b3]</td>
<td>0.295s</td>
<td class="success">passed</td>
</tr>
<tr>
<td class="success">testSaveRelationshipWithDuplicateFieldsShouldThrowAnException[2: com.dotcms.contenttype.business.FieldAPITest$UniqueConstraintTestCase@14c3de90]</td>
<td>0.369s</td>
<td class="success">passed</td>
</tr>
<tr>
<td class="success">testSaveRelationshipWithDuplicateFieldsShouldThrowAnException[3: com.dotcms.contenttype.business.FieldAPITest$UniqueConstraintTestCase@3e9904d6]</td>
<td>0.272s</td>
<td class="success">passed</td>
</tr>
<tr>
<td class="success">testSaveRelationshipWithDuplicateFieldsShouldThrowAnException[4: com.dotcms.contenttype.business.FieldAPITest$UniqueConstraintTestCase@3614c2b8]</td>
<td>0.355s</td>
<td class="success">passed</td>
</tr>
<tr>
<td class="success">testSaveRelationshipWithDuplicateFieldsShouldThrowAnException[5: com.dotcms.contenttype.business.FieldAPITest$UniqueConstraintTestCase@3743d883]</td>
<td>0.356s</td>
<td class="success">passed</td>
</tr>
<tr>
<td class="success">testSave_InvalidName_ShouldThrowException[0: 123]</td>
<td>0.105s</td>
<td class="success">passed</td>
</tr>
<tr>
<td class="success">testSave_InvalidName_ShouldThrowException[1: 123abc]</td>
<td>0.112s</td>
<td class="success">passed</td>
</tr>
<tr>
<td class="success">testSave_InvalidName_ShouldThrowException[2: _123a]</td>
<td>0.104s</td>
<td class="success">passed</td>
</tr>
<tr>
<td class="success">testSave_InvalidName_ShouldThrowException[3: asd123asd]</td>
<td>0.113s</td>
<td class="success">passed</td>
</tr>
<tr>
<td class="success">testSave_InvalidName_ShouldThrowException[4: Asfsdf]</td>
<td>0.113s</td>
<td class="success">passed</td>
</tr>
<tr>
<td class="success">testSave_InvalidName_ShouldThrowException[5: aa123]</td>
<td>0.111s</td>
<td class="success">passed</td>
</tr>
<tr>
<td class="success">testSave_InvalidName_ShouldThrowException[6: This is a field]</td>
<td>0.109s</td>
<td class="success">passed</td>
</tr>
<tr>
<td class="success">testSave_InvalidName_ShouldThrowException[7: Field &amp;&amp; ,,,..**==} name~~~__]</td>
<td>0.103s</td>
<td class="success">passed</td>
</tr>
<tr>
<td class="success">testSave_InvalidName_ShouldThrowException[8: __]</td>
<td>0.110s</td>
<td class="success">passed</td>
</tr>
<tr>
<td class="success">testSave_InvalidVariable_ShouldThrowException[0: (123, true)]</td>
<td>0.097s</td>
<td class="success">passed</td>
</tr>
<tr>
<td class="success">testSave_InvalidVariable_ShouldThrowException[1: (_123, true)]</td>
<td>0.101s</td>
<td class="success">passed</td>
</tr>
<tr>
<td class="success">testSave_InvalidVariable_ShouldThrowException[2: (_123a, true)]</td>
<td>0.104s</td>
<td class="success">passed</td>
</tr>
<tr>
<td class="success">testSave_InvalidVariable_ShouldThrowException[3: (asd123asd, false)]</td>
<td>0.106s</td>
<td class="success">passed</td>
</tr>
<tr>
<td class="success">testSave_InvalidVariable_ShouldThrowException[4: (Asfsdf, false)]</td>
<td>0.105s</td>
<td class="success">passed</td>
</tr>
<tr>
<td class="success">testSave_InvalidVariable_ShouldThrowException[5: (aa123, false)]</td>
<td>0.119s</td>
<td class="success">passed</td>
</tr>
<tr>
<td class="success">testSave_UpdateExistingFieldWithDifferentContentType_ShouldThrowException</td>
<td>0.099s</td>
<td class="success">passed</td>
</tr>
<tr>
<td class="success">testUpdateOneSidedRelationshipField_shouldSucceed</td>
<td>0.361s</td>
<td class="success">passed</td>
</tr>
<tr>
<td class="failures">testUpdateParentFieldInARelationship_shouldSucceed</td>
<td>1.137s</td>
<td class="failures">failed</td>
</tr>
<tr>
<td class="success">testUpdateSelfRelatedFields_shouldNotChangeRelationNames</td>
<td>0.478s</td>
<td class="success">passed</td>
</tr>
<tr>
<td class="success">testValidateRelationshipFieldWithDash_shouldThrowAnException</td>
<td>0.108s</td>
<td class="success">passed</td>
</tr>
<tr>
<td class="success">testValidateRelationshipField_shouldThrowAnException[0: com.dotcms.contenttype.business.FieldAPITest$TestCase@86239ff]</td>
<td>0.102s</td>
<td class="success">passed</td>
</tr>
<tr>
<td class="success">testValidateRelationshipField_shouldThrowAnException[1: com.dotcms.contenttype.business.FieldAPITest$TestCase@21b0cafa]</td>
<td>0.096s</td>
<td class="success">passed</td>
</tr>
<tr>
<td class="success">testValidateRelationshipField_shouldThrowAnException[2: com.dotcms.contenttype.business.FieldAPITest$TestCase@18deb228]</td>
<td>0.108s</td>
<td class="success">passed</td>
</tr>
<tr>
<td class="success">test_GivenBothSidedRelationshipField_WhenRemovingChildField_RelationshipShouldBeGettable</td>
<td>0.558s</td>
<td class="success">passed</td>
</tr>
<tr>
<td class="failures">test_GivenBothSidedRelationshipField_WhenRemovingParentField_RelationshipShouldBeGettable</td>
<td>1.495s</td>
<td class="failures">failed</td>
</tr>
<tr>
<td class="success">test_GivenOneSidedRelationshipField_WhenRemovingField_RelationshipShouldBeWiped</td>
<td>0.405s</td>
<td class="success">passed</td>
</tr>
<tr>
<td class="success">test_SaveField_GivenGraphQLCompatibleVariable_ShouldSave: caseArchivedCompatible</td>
<td>0.132s</td>
<td class="success">passed</td>
</tr>
<tr>
<td class="success">test_SaveField_GivenGraphQLCompatibleVariable_ShouldSave: caseBaseTypeCompatible</td>
<td>0.137s</td>
<td class="success">passed</td>
</tr>
<tr>
<td class="success">test_SaveField_GivenGraphQLCompatibleVariable_ShouldSave: caseContentTypeCompatible</td>
<td>0.138s</td>
<td class="success">passed</td>
</tr>
<tr>
<td class="success">test_SaveField_GivenGraphQLCompatibleVariable_ShouldSave: caseIdentifierCompatible</td>
<td>0.142s</td>
<td class="success">passed</td>
</tr>
<tr>
<td class="success">test_SaveField_GivenGraphQLCompatibleVariable_ShouldSave: caseInodeCompatible</td>
<td>0.132s</td>
<td class="success">passed</td>
</tr>
<tr>
<td class="success">test_SaveField_GivenGraphQLCompatibleVariable_ShouldSave: caseLiveCompatible</td>
<td>0.139s</td>
<td class="success">passed</td>
</tr>
<tr>
<td class="success">test_SaveField_GivenGraphQLCompatibleVariable_ShouldSave: caseLockedCompatible</td>
<td>0.139s</td>
<td class="success">passed</td>
</tr>
<tr>
<td class="success">test_SaveField_GivenGraphQLCompatibleVariable_ShouldSave: caseModDateCompatible</td>
<td>0.133s</td>
<td class="success">passed</td>
</tr>
<tr>
<td class="success">test_SaveField_GivenGraphQLCompatibleVariable_ShouldSave: caseTitleCompatible</td>
<td>0.182s</td>
<td class="success">passed</td>
</tr>
<tr>
<td class="success">test_SaveField_GivenGraphQLCompatibleVariable_ShouldSave: caseTitleImageCompatible</td>
<td>0.135s</td>
<td class="success">passed</td>
</tr>
<tr>
<td class="success">test_SaveField_GivenGraphQLCompatibleVariable_ShouldSave: caseUrlMapCompatible</td>
<td>0.132s</td>
<td class="success">passed</td>
</tr>
<tr>
<td class="success">test_SaveField_GivenGraphQLCompatibleVariable_ShouldSave: caseWorkingCompatible</td>
<td>0.134s</td>
<td class="success">passed</td>
</tr>
<tr>
<td class="success">test_SaveField_GivenTypeName_GeneratedVariableIsDifferentThanProvidedOne: caseBaseTypeIncompatible</td>
<td>0.134s</td>
<td class="success">passed</td>
</tr>
<tr>
<td class="success">test_SaveField_GivenTypeName_GeneratedVariableIsDifferentThanProvidedOne: caseConLanguageIncompatible</td>
<td>0.131s</td>
<td class="success">passed</td>
</tr>
<tr>
<td class="success">test_SaveField_GivenTypeName_GeneratedVariableIsDifferentThanProvidedOne: caseConLanguageParentIncompatible</td>
<td>0.142s</td>
<td class="success">passed</td>
</tr>
<tr>
<td class="success">test_SaveField_GivenTypeName_GeneratedVariableIsDifferentThanProvidedOne: caseContentTypeIncompatible</td>
<td>0.131s</td>
<td class="success">passed</td>
</tr>
<tr>
<td class="success">test_SaveField_GivenTypeName_GeneratedVariableIsDifferentThanProvidedOne: caseFolderIncompatible</td>
<td>0.132s</td>
<td class="success">passed</td>
</tr>
<tr>
<td class="success">test_SaveField_GivenTypeName_GeneratedVariableIsDifferentThanProvidedOne: caseFolder_ParentIncompatible</td>
<td>0.141s</td>
<td class="success">passed</td>
</tr>
<tr>
<td class="success">test_SaveField_GivenTypeName_GeneratedVariableIsDifferentThanProvidedOne: caseHostIncompatible</td>
<td>0.154s</td>
<td class="success">passed</td>
</tr>
<tr>
<td class="success">test_SaveField_GivenTypeName_GeneratedVariableIsDifferentThanProvidedOne: caseHostParentIncompatible</td>
<td>0.146s</td>
<td class="success">passed</td>
</tr>
<tr>
<td class="success">test_SaveField_GivenTypeName_GeneratedVariableIsDifferentThanProvidedOne: caseIdentifierIncompatible</td>
<td>0.127s</td>
<td class="success">passed</td>
</tr>
<tr>
<td class="success">test_SaveField_GivenTypeName_GeneratedVariableIsDifferentThanProvidedOne: caseInodeIncompatible</td>
<td>0.129s</td>
<td class="success">passed</td>
</tr>
<tr>
<td class="success">test_SaveField_GivenTypeName_GeneratedVariableIsDifferentThanProvidedOne: caseLiveIncompatible</td>
<td>0.129s</td>
<td class="success">passed</td>
</tr>
<tr>
<td class="success">test_SaveField_GivenTypeName_GeneratedVariableIsDifferentThanProvidedOne: caseModDateIncompatible</td>
<td>0.148s</td>
<td class="success">passed</td>
</tr>
<tr>
<td class="success">test_SaveField_GivenTypeName_GeneratedVariableIsDifferentThanProvidedOne: caseModUserIncompatible</td>
<td>0.129s</td>
<td class="success">passed</td>
</tr>
<tr>
<td class="success">test_SaveField_GivenTypeName_GeneratedVariableIsDifferentThanProvidedOne: caseModUser_ParentIncompatible</td>
<td>0.143s</td>
<td class="success">passed</td>
</tr>
<tr>
<td class="success">test_SaveField_GivenTypeName_GeneratedVariableIsDifferentThanProvidedOne: caseOwnerIncompatible</td>
<td>0.138s</td>
<td class="success">passed</td>
</tr>
<tr>
<td class="success">test_SaveField_GivenTypeName_GeneratedVariableIsDifferentThanProvidedOne: caseOwner_ParentIncompatible</td>
<td>0.128s</td>
<td class="success">passed</td>
</tr>
<tr>
<td class="success">test_SaveField_GivenTypeName_GeneratedVariableIsDifferentThanProvidedOne: caseTitleImageIncompatible</td>
<td>0.141s</td>
<td class="success">passed</td>
</tr>
<tr>
<td class="success">test_SaveField_GivenTypeName_GeneratedVariableIsDifferentThanProvidedOne: caseTitleIncompatible</td>
<td>0.157s</td>
<td class="success">passed</td>
</tr>
<tr>
<td class="success">test_SaveField_GivenTypeName_GeneratedVariableIsDifferentThanProvidedOne: caseUrlMapIncompatible</td>
<td>0.130s</td>
<td class="success">passed</td>
</tr>
<tr>
<td class="success">test_SaveField_GivenTypeName_GeneratedVariableIsSameAsProvidedOne: caseArchivedCompatible</td>
<td>0.135s</td>
<td class="success">passed</td>
</tr>
<tr>
<td class="success">test_SaveField_GivenTypeName_GeneratedVariableIsSameAsProvidedOne: caseBaseTypeCompatible</td>
<td>0.131s</td>
<td class="success">passed</td>
</tr>
<tr>
<td class="success">test_SaveField_GivenTypeName_GeneratedVariableIsSameAsProvidedOne: caseContentTypeCompatible</td>
<td>0.123s</td>
<td class="success">passed</td>
</tr>
<tr>
<td class="success">test_SaveField_GivenTypeName_GeneratedVariableIsSameAsProvidedOne: caseIdentifierCompatible</td>
<td>0.140s</td>
<td class="success">passed</td>
</tr>
<tr>
<td class="success">test_SaveField_GivenTypeName_GeneratedVariableIsSameAsProvidedOne: caseInodeCompatible</td>
<td>0.124s</td>
<td class="success">passed</td>
</tr>
<tr>
<td class="success">test_SaveField_GivenTypeName_GeneratedVariableIsSameAsProvidedOne: caseLiveCompatible</td>
<td>0.141s</td>
<td class="success">passed</td>
</tr>
<tr>
<td class="success">test_SaveField_GivenTypeName_GeneratedVariableIsSameAsProvidedOne: caseLockedCompatible</td>
<td>0.128s</td>
<td class="success">passed</td>
</tr>
<tr>
<td class="success">test_SaveField_GivenTypeName_GeneratedVariableIsSameAsProvidedOne: caseModDateCompatible</td>
<td>0.131s</td>
<td class="success">passed</td>
</tr>
<tr>
<td class="success">test_SaveField_GivenTypeName_GeneratedVariableIsSameAsProvidedOne: caseTitleCompatible</td>
<td>0.139s</td>
<td class="success">passed</td>
</tr>
<tr>
<td class="success">test_SaveField_GivenTypeName_GeneratedVariableIsSameAsProvidedOne: caseTitleImageCompatible</td>
<td>0.141s</td>
<td class="success">passed</td>
</tr>
<tr>
<td class="success">test_SaveField_GivenTypeName_GeneratedVariableIsSameAsProvidedOne: caseUrlMapCompatible</td>
<td>0.141s</td>
<td class="success">passed</td>
</tr>
<tr>
<td class="success">test_SaveField_GivenTypeName_GeneratedVariableIsSameAsProvidedOne: caseWorkingCompatible</td>
<td>0.134s</td>
<td class="success">passed</td>
</tr>
<tr>
<td class="success">test_SaveNewIndexedField_ShouldAddESMapping</td>
<td>0.269s</td>
<td class="success">passed</td>
</tr>
<tr>
<td class="success">test_SaveNewNoIndexedField_ShouldNotAddESMapping</td>
<td>0.134s</td>
<td class="success">passed</td>
</tr>
<tr>
<td class="success">test_SaveNewRelationshipField_ShouldAddESMapping</td>
<td>0.300s</td>
<td class="success">passed</td>
</tr>
</table>
</div>
</div>
<div id="footer">
<p>
<div>
<label class="hidden" id="label-for-line-wrapping-toggle" for="line-wrapping-toggle">Wrap lines
<input id="line-wrapping-toggle" type="checkbox" autocomplete="off"/>
</label>
</div>Generated by 
<a href="http://www.gradle.org">Gradle 4.4.1</a> at Sep 3, 2020 4:00:18 AM</p>
</div>
</div>
</body>
</html>
