<!DOCTYPE html>
<html>
<head>
<meta http-equiv="Content-Type" content="text/html; charset=utf-8"/>
<meta http-equiv="x-ua-compatible" content="IE=edge"/>
<title>Test results - Class com.dotmarketing.portlets.folders.business.FolderAPITest</title>
<link href="../css/base-style.css" rel="stylesheet" type="text/css"/>
<link href="../css/style.css" rel="stylesheet" type="text/css"/>
<script src="../js/report.js" type="text/javascript"></script>
</head>
<body>
<div id="content">
<h1>Class com.dotmarketing.portlets.folders.business.FolderAPITest</h1>
<div class="breadcrumbs">
<a href="../index.html">all</a> &gt; 
<a href="../packages/com.dotmarketing.portlets.folders.business.html">com.dotmarketing.portlets.folders.business</a> &gt; FolderAPITest</div>
<div id="summary">
<table>
<tr>
<td>
<div class="summaryGroup">
<table>
<tr>
<td>
<div class="infoBox" id="tests">
<div class="counter">84</div>
<p>tests</p>
</div>
</td>
<td>
<div class="infoBox" id="failures">
<div class="counter">2</div>
<p>failures</p>
</div>
</td>
<td>
<div class="infoBox" id="ignored">
<div class="counter">0</div>
<p>ignored</p>
</div>
</td>
<td>
<div class="infoBox" id="duration">
<div class="counter">49.166s</div>
<p>duration</p>
</div>
</td>
</tr>
</table>
</div>
</td>
<td>
<div class="infoBox failures" id="successRate">
<div class="percent">97%</div>
<p>successful</p>
</div>
</td>
</tr>
</table>
</div>
<div id="tabs">
<ul class="tabLinks">
<li>
<a href="#tab0">Failed tests</a>
</li>
<li>
<a href="#tab1">Tests</a>
</li>
</ul>
<div id="tab0" class="tab">
<h2>Failed tests</h2>
<div class="test">
<a name="test_findFolderByPath_UserNoPermissionsOverFolder_returnDotSecurityException"></a>
<h3 class="failures">test_findFolderByPath_UserNoPermissionsOverFolder_returnDotSecurityException</h3>
<span class="code">
<pre>java.lang.AssertionError: Expected exception: com.dotmarketing.exception.DotSecurityException
	at org.junit.internal.runners.statements.ExpectException.evaluate(ExpectException.java:32)
	at org.junit.rules.ExternalResource$1.evaluate(ExternalResource.java:48)
	at org.junit.rules.RunRules.evaluate(RunRules.java:20)
	at org.junit.rules.TestWatcher$1.evaluate(TestWatcher.java:55)
	at org.junit.rules.RunRules.evaluate(RunRules.java:20)
	at org.junit.runners.ParentRunner.runLeaf(ParentRunner.java:325)
	at com.dotcms.junit.CustomDataProviderRunner.runChild(CustomDataProviderRunner.java:28)
	at com.dotcms.junit.CustomDataProviderRunner.runChild(CustomDataProviderRunner.java:13)
	at org.junit.runners.ParentRunner$3.run(ParentRunner.java:290)
	at org.junit.runners.ParentRunner$1.schedule(ParentRunner.java:71)
	at org.junit.runners.ParentRunner.runChildren(ParentRunner.java:288)
	at org.junit.runners.ParentRunner.access$000(ParentRunner.java:58)
	at org.junit.runners.ParentRunner$2.evaluate(ParentRunner.java:268)
	at org.junit.internal.runners.statements.RunBefores.evaluate(RunBefores.java:26)
	at org.junit.runners.ParentRunner.run(ParentRunner.java:363)
	at org.junit.runners.Suite.runChild(Suite.java:128)
	at org.junit.runners.Suite.runChild(Suite.java:27)
	at org.junit.runners.ParentRunner$3.run(ParentRunner.java:290)
	at org.junit.runners.ParentRunner$1.schedule(ParentRunner.java:71)
	at org.junit.runners.ParentRunner.runChildren(ParentRunner.java:288)
	at org.junit.runners.ParentRunner.access$000(ParentRunner.java:58)
	at org.junit.runners.ParentRunner$2.evaluate(ParentRunner.java:268)
	at org.junit.runners.ParentRunner.run(ParentRunner.java:363)
	at org.gradle.api.internal.tasks.testing.junit.JUnitTestClassExecuter.runTestClass(JUnitTestClassExecuter.java:114)
	at org.gradle.api.internal.tasks.testing.junit.JUnitTestClassExecuter.execute(JUnitTestClassExecuter.java:57)
	at org.gradle.api.internal.tasks.testing.junit.JUnitTestClassProcessor.processTestClass(JUnitTestClassProcessor.java:66)
	at org.gradle.api.internal.tasks.testing.SuiteTestClassProcessor.processTestClass(SuiteTestClassProcessor.java:51)
	at sun.reflect.NativeMethodAccessorImpl.invoke0(Native Method)
	at sun.reflect.NativeMethodAccessorImpl.invoke(NativeMethodAccessorImpl.java:62)
	at sun.reflect.DelegatingMethodAccessorImpl.invoke(DelegatingMethodAccessorImpl.java:43)
	at java.lang.reflect.Method.invoke(Method.java:498)
	at org.gradle.internal.dispatch.ReflectionDispatch.dispatch(ReflectionDispatch.java:35)
	at org.gradle.internal.dispatch.ReflectionDispatch.dispatch(ReflectionDispatch.java:24)
	at org.gradle.internal.dispatch.ContextClassLoaderDispatch.dispatch(ContextClassLoaderDispatch.java:32)
	at org.gradle.internal.dispatch.ProxyDispatchAdapter$DispatchingInvocationHandler.invoke(ProxyDispatchAdapter.java:93)
	at com.sun.proxy.$Proxy1.processTestClass(Unknown Source)
	at org.gradle.api.internal.tasks.testing.worker.TestWorker.processTestClass(TestWorker.java:108)
	at sun.reflect.NativeMethodAccessorImpl.invoke0(Native Method)
	at sun.reflect.NativeMethodAccessorImpl.invoke(NativeMethodAccessorImpl.java:62)
	at sun.reflect.DelegatingMethodAccessorImpl.invoke(DelegatingMethodAccessorImpl.java:43)
	at java.lang.reflect.Method.invoke(Method.java:498)
	at org.gradle.internal.dispatch.ReflectionDispatch.dispatch(ReflectionDispatch.java:35)
	at org.gradle.internal.dispatch.ReflectionDispatch.dispatch(ReflectionDispatch.java:24)
	at org.gradle.internal.remote.internal.hub.MessageHubBackedObjectConnection$DispatchWrapper.dispatch(MessageHubBackedObjectConnection.java:146)
	at org.gradle.internal.remote.internal.hub.MessageHubBackedObjectConnection$DispatchWrapper.dispatch(MessageHubBackedObjectConnection.java:128)
	at org.gradle.internal.remote.internal.hub.MessageHub$Handler.run(MessageHub.java:404)
	at org.gradle.internal.concurrent.ExecutorPolicy$CatchAndRecordFailures.onExecute(ExecutorPolicy.java:63)
	at org.gradle.internal.concurrent.ManagedExecutorImpl$1.run(ManagedExecutorImpl.java:46)
	at java.util.concurrent.ThreadPoolExecutor.runWorker(ThreadPoolExecutor.java:1149)
	at java.util.concurrent.ThreadPoolExecutor$Worker.run(ThreadPoolExecutor.java:624)
	at org.gradle.internal.concurrent.ThreadFactoryImpl$ManagedThreadRunnable.run(ThreadFactoryImpl.java:55)
	at java.lang.Thread.run(Thread.java:748)
</pre>
</span>
</div>
<div class="test">
<a name="test_findFolderByPath_UserNoPermissionsOverHost_returnDotSecurityException"></a>
<h3 class="failures">test_findFolderByPath_UserNoPermissionsOverHost_returnDotSecurityException</h3>
<span class="code">
<pre>java.lang.AssertionError: Expected exception: com.dotmarketing.exception.DotSecurityException
	at org.junit.internal.runners.statements.ExpectException.evaluate(ExpectException.java:32)
	at org.junit.rules.ExternalResource$1.evaluate(ExternalResource.java:48)
	at org.junit.rules.RunRules.evaluate(RunRules.java:20)
	at org.junit.rules.TestWatcher$1.evaluate(TestWatcher.java:55)
	at org.junit.rules.RunRules.evaluate(RunRules.java:20)
	at org.junit.runners.ParentRunner.runLeaf(ParentRunner.java:325)
	at com.dotcms.junit.CustomDataProviderRunner.runChild(CustomDataProviderRunner.java:28)
	at com.dotcms.junit.CustomDataProviderRunner.runChild(CustomDataProviderRunner.java:13)
	at org.junit.runners.ParentRunner$3.run(ParentRunner.java:290)
	at org.junit.runners.ParentRunner$1.schedule(ParentRunner.java:71)
	at org.junit.runners.ParentRunner.runChildren(ParentRunner.java:288)
	at org.junit.runners.ParentRunner.access$000(ParentRunner.java:58)
	at org.junit.runners.ParentRunner$2.evaluate(ParentRunner.java:268)
	at org.junit.internal.runners.statements.RunBefores.evaluate(RunBefores.java:26)
	at org.junit.runners.ParentRunner.run(ParentRunner.java:363)
	at org.junit.runners.Suite.runChild(Suite.java:128)
	at org.junit.runners.Suite.runChild(Suite.java:27)
	at org.junit.runners.ParentRunner$3.run(ParentRunner.java:290)
	at org.junit.runners.ParentRunner$1.schedule(ParentRunner.java:71)
	at org.junit.runners.ParentRunner.runChildren(ParentRunner.java:288)
	at org.junit.runners.ParentRunner.access$000(ParentRunner.java:58)
	at org.junit.runners.ParentRunner$2.evaluate(ParentRunner.java:268)
	at org.junit.runners.ParentRunner.run(ParentRunner.java:363)
	at org.gradle.api.internal.tasks.testing.junit.JUnitTestClassExecuter.runTestClass(JUnitTestClassExecuter.java:114)
	at org.gradle.api.internal.tasks.testing.junit.JUnitTestClassExecuter.execute(JUnitTestClassExecuter.java:57)
	at org.gradle.api.internal.tasks.testing.junit.JUnitTestClassProcessor.processTestClass(JUnitTestClassProcessor.java:66)
	at org.gradle.api.internal.tasks.testing.SuiteTestClassProcessor.processTestClass(SuiteTestClassProcessor.java:51)
	at sun.reflect.NativeMethodAccessorImpl.invoke0(Native Method)
	at sun.reflect.NativeMethodAccessorImpl.invoke(NativeMethodAccessorImpl.java:62)
	at sun.reflect.DelegatingMethodAccessorImpl.invoke(DelegatingMethodAccessorImpl.java:43)
	at java.lang.reflect.Method.invoke(Method.java:498)
	at org.gradle.internal.dispatch.ReflectionDispatch.dispatch(ReflectionDispatch.java:35)
	at org.gradle.internal.dispatch.ReflectionDispatch.dispatch(ReflectionDispatch.java:24)
	at org.gradle.internal.dispatch.ContextClassLoaderDispatch.dispatch(ContextClassLoaderDispatch.java:32)
	at org.gradle.internal.dispatch.ProxyDispatchAdapter$DispatchingInvocationHandler.invoke(ProxyDispatchAdapter.java:93)
	at com.sun.proxy.$Proxy1.processTestClass(Unknown Source)
	at org.gradle.api.internal.tasks.testing.worker.TestWorker.processTestClass(TestWorker.java:108)
	at sun.reflect.NativeMethodAccessorImpl.invoke0(Native Method)
	at sun.reflect.NativeMethodAccessorImpl.invoke(NativeMethodAccessorImpl.java:62)
	at sun.reflect.DelegatingMethodAccessorImpl.invoke(DelegatingMethodAccessorImpl.java:43)
	at java.lang.reflect.Method.invoke(Method.java:498)
	at org.gradle.internal.dispatch.ReflectionDispatch.dispatch(ReflectionDispatch.java:35)
	at org.gradle.internal.dispatch.ReflectionDispatch.dispatch(ReflectionDispatch.java:24)
	at org.gradle.internal.remote.internal.hub.MessageHubBackedObjectConnection$DispatchWrapper.dispatch(MessageHubBackedObjectConnection.java:146)
	at org.gradle.internal.remote.internal.hub.MessageHubBackedObjectConnection$DispatchWrapper.dispatch(MessageHubBackedObjectConnection.java:128)
	at org.gradle.internal.remote.internal.hub.MessageHub$Handler.run(MessageHub.java:404)
	at org.gradle.internal.concurrent.ExecutorPolicy$CatchAndRecordFailures.onExecute(ExecutorPolicy.java:63)
	at org.gradle.internal.concurrent.ManagedExecutorImpl$1.run(ManagedExecutorImpl.java:46)
	at java.util.concurrent.ThreadPoolExecutor.runWorker(ThreadPoolExecutor.java:1149)
	at java.util.concurrent.ThreadPoolExecutor$Worker.run(ThreadPoolExecutor.java:624)
	at org.gradle.internal.concurrent.ThreadFactoryImpl$ManagedThreadRunnable.run(ThreadFactoryImpl.java:55)
	at java.lang.Thread.run(Thread.java:748)
</pre>
</span>
</div>
</div>
<div id="tab1" class="tab">
<h2>Tests</h2>
<table>
<thead>
<tr>
<th>Test</th>
<th>Duration</th>
<th>Result</th>
</tr>
</thead>
<tr>
<td class="success">copy</td>
<td>10.827s</td>
<td class="success">passed</td>
</tr>
<tr>
<td class="success">delete</td>
<td>2.209s</td>
<td class="success">passed</td>
</tr>
<tr>
<td class="success">deleteFolderWithContentTypeInIt</td>
<td>0.095s</td>
<td class="success">passed</td>
</tr>
<tr>
<td class="success">move</td>
<td>7.663s</td>
<td class="success">passed</td>
</tr>
<tr>
<td class="success">move_to_existing_destination</td>
<td>7.560s</td>
<td class="success">passed</td>
</tr>
<tr>
<td class="success">renameFolder</td>
<td>0.073s</td>
<td class="success">passed</td>
</tr>
<tr>
<td class="success">testCopyToHost_BlacklistedName_ShouldFail[0: META-INF]</td>
<td>1.003s</td>
<td class="success">passed</td>
</tr>
<tr>
<td class="success">testCopyToHost_BlacklistedName_ShouldFail[10: portal]</td>
<td>1.020s</td>
<td class="success">passed</td>
</tr>
<tr>
<td class="success">testCopyToHost_BlacklistedName_ShouldFail[1: assets]</td>
<td>1.040s</td>
<td class="success">passed</td>
</tr>
<tr>
<td class="success">testCopyToHost_BlacklistedName_ShouldFail[2: custom_elements]</td>
<td>1.036s</td>
<td class="success">passed</td>
</tr>
<tr>
<td class="success">testCopyToHost_BlacklistedName_ShouldFail[3: email_backups]</td>
<td>0.999s</td>
<td class="success">passed</td>
</tr>
<tr>
<td class="success">testCopyToHost_BlacklistedName_ShouldFail[4: dotcms]</td>
<td>1.045s</td>
<td class="success">passed</td>
</tr>
<tr>
<td class="success">testCopyToHost_BlacklistedName_ShouldFail[5: dotAdmin]</td>
<td>1.183s</td>
<td class="success">passed</td>
</tr>
<tr>
<td class="success">testCopyToHost_BlacklistedName_ShouldFail[6: html]</td>
<td>0.883s</td>
<td class="success">passed</td>
</tr>
<tr>
<td class="success">testCopyToHost_BlacklistedName_ShouldFail[7: DOTSASS]</td>
<td>1.026s</td>
<td class="success">passed</td>
</tr>
<tr>
<td class="success">testCopyToHost_BlacklistedName_ShouldFail[8: DOTLESS]</td>
<td>1.023s</td>
<td class="success">passed</td>
</tr>
<tr>
<td class="success">testCopyToHost_BlacklistedName_ShouldFail[9: WEB-INF]</td>
<td>1.034s</td>
<td class="success">passed</td>
</tr>
<tr>
<td class="success">testCreateFolders_AtRootLevel_BlacklistedName_ShouldFail[0: META-INF]</td>
<td>0.005s</td>
<td class="success">passed</td>
</tr>
<tr>
<td class="success">testCreateFolders_AtRootLevel_BlacklistedName_ShouldFail[10: portal]</td>
<td>0.004s</td>
<td class="success">passed</td>
</tr>
<tr>
<td class="success">testCreateFolders_AtRootLevel_BlacklistedName_ShouldFail[1: assets]</td>
<td>0.007s</td>
<td class="success">passed</td>
</tr>
<tr>
<td class="success">testCreateFolders_AtRootLevel_BlacklistedName_ShouldFail[2: custom_elements]</td>
<td>0.008s</td>
<td class="success">passed</td>
</tr>
<tr>
<td class="success">testCreateFolders_AtRootLevel_BlacklistedName_ShouldFail[3: email_backups]</td>
<td>0.002s</td>
<td class="success">passed</td>
</tr>
<tr>
<td class="success">testCreateFolders_AtRootLevel_BlacklistedName_ShouldFail[4: dotcms]</td>
<td>0.005s</td>
<td class="success">passed</td>
</tr>
<tr>
<td class="success">testCreateFolders_AtRootLevel_BlacklistedName_ShouldFail[5: dotAdmin]</td>
<td>0.002s</td>
<td class="success">passed</td>
</tr>
<tr>
<td class="success">testCreateFolders_AtRootLevel_BlacklistedName_ShouldFail[6: html]</td>
<td>0.002s</td>
<td class="success">passed</td>
</tr>
<tr>
<td class="success">testCreateFolders_AtRootLevel_BlacklistedName_ShouldFail[7: DOTSASS]</td>
<td>0.007s</td>
<td class="success">passed</td>
</tr>
<tr>
<td class="success">testCreateFolders_AtRootLevel_BlacklistedName_ShouldFail[8: DOTLESS]</td>
<td>0.003s</td>
<td class="success">passed</td>
</tr>
<tr>
<td class="success">testCreateFolders_AtRootLevel_BlacklistedName_ShouldFail[9: WEB-INF]</td>
<td>0.006s</td>
<td class="success">passed</td>
</tr>
<tr>
<td class="success">testFindFoldersByHost</td>
<td>1.104s</td>
<td class="success">passed</td>
</tr>
<tr>
<td class="success">testFindSubFolders</td>
<td>0.053s</td>
<td class="success">passed</td>
</tr>
<tr>
<td class="success">testFindSubFoldersByHost</td>
<td>0.837s</td>
<td class="success">passed</td>
</tr>
<tr>
<td class="success">testFindSubFoldersTitleSort</td>
<td>0.064s</td>
<td class="success">passed</td>
</tr>
<tr>
<td class="success">testFindThemes</td>
<td>0.023s</td>
<td class="success">passed</td>
</tr>
<tr>
<td class="success">testGetLinks</td>
<td>0.947s</td>
<td class="success">passed</td>
</tr>
<tr>
<td class="success">testRename_BlacklistedName_NotAtRootLevel_ShouldSucceed[0: META-INF]</td>
<td>0.013s</td>
<td class="success">passed</td>
</tr>
<tr>
<td class="success">testRename_BlacklistedName_NotAtRootLevel_ShouldSucceed[10: portal]</td>
<td>0.043s</td>
<td class="success">passed</td>
</tr>
<tr>
<td class="success">testRename_BlacklistedName_NotAtRootLevel_ShouldSucceed[1: assets]</td>
<td>0.012s</td>
<td class="success">passed</td>
</tr>
<tr>
<td class="success">testRename_BlacklistedName_NotAtRootLevel_ShouldSucceed[2: custom_elements]</td>
<td>0.012s</td>
<td class="success">passed</td>
</tr>
<tr>
<td class="success">testRename_BlacklistedName_NotAtRootLevel_ShouldSucceed[3: email_backups]</td>
<td>0.015s</td>
<td class="success">passed</td>
</tr>
<tr>
<td class="success">testRename_BlacklistedName_NotAtRootLevel_ShouldSucceed[4: dotcms]</td>
<td>0.015s</td>
<td class="success">passed</td>
</tr>
<tr>
<td class="success">testRename_BlacklistedName_NotAtRootLevel_ShouldSucceed[5: dotAdmin]</td>
<td>0.011s</td>
<td class="success">passed</td>
</tr>
<tr>
<td class="success">testRename_BlacklistedName_NotAtRootLevel_ShouldSucceed[6: html]</td>
<td>0.012s</td>
<td class="success">passed</td>
</tr>
<tr>
<td class="success">testRename_BlacklistedName_NotAtRootLevel_ShouldSucceed[7: DOTSASS]</td>
<td>0.017s</td>
<td class="success">passed</td>
</tr>
<tr>
<td class="success">testRename_BlacklistedName_NotAtRootLevel_ShouldSucceed[8: DOTLESS]</td>
<td>0.013s</td>
<td class="success">passed</td>
</tr>
<tr>
<td class="success">testRename_BlacklistedName_NotAtRootLevel_ShouldSucceed[9: WEB-INF]</td>
<td>0.011s</td>
<td class="success">passed</td>
</tr>
<tr>
<td class="success">testRename_BlacklistedName_ShouldFail[0: META-INF]</td>
<td>0.015s</td>
<td class="success">passed</td>
</tr>
<tr>
<td class="success">testRename_BlacklistedName_ShouldFail[10: portal]</td>
<td>0.028s</td>
<td class="success">passed</td>
</tr>
<tr>
<td class="success">testRename_BlacklistedName_ShouldFail[1: assets]</td>
<td>0.011s</td>
<td class="success">passed</td>
</tr>
<tr>
<td class="success">testRename_BlacklistedName_ShouldFail[2: custom_elements]</td>
<td>0.025s</td>
<td class="success">passed</td>
</tr>
<tr>
<td class="success">testRename_BlacklistedName_ShouldFail[3: email_backups]</td>
<td>0.019s</td>
<td class="success">passed</td>
</tr>
<tr>
<td class="success">testRename_BlacklistedName_ShouldFail[4: dotcms]</td>
<td>0.021s</td>
<td class="success">passed</td>
</tr>
<tr>
<td class="success">testRename_BlacklistedName_ShouldFail[5: dotAdmin]</td>
<td>0.020s</td>
<td class="success">passed</td>
</tr>
<tr>
<td class="success">testRename_BlacklistedName_ShouldFail[6: html]</td>
<td>0.017s</td>
<td class="success">passed</td>
</tr>
<tr>
<td class="success">testRename_BlacklistedName_ShouldFail[7: DOTSASS]</td>
<td>0.022s</td>
<td class="success">passed</td>
</tr>
<tr>
<td class="success">testRename_BlacklistedName_ShouldFail[8: DOTLESS]</td>
<td>0.017s</td>
<td class="success">passed</td>
</tr>
<tr>
<td class="success">testRename_BlacklistedName_ShouldFail[9: WEB-INF]</td>
<td>0.019s</td>
<td class="success">passed</td>
</tr>
<tr>
<td class="success">testSave_BlacklistedName_NotAtRootLevel_ShouldSucceed[0: META-INF]</td>
<td>0.007s</td>
<td class="success">passed</td>
</tr>
<tr>
<td class="success">testSave_BlacklistedName_NotAtRootLevel_ShouldSucceed[10: portal]</td>
<td>0.007s</td>
<td class="success">passed</td>
</tr>
<tr>
<td class="success">testSave_BlacklistedName_NotAtRootLevel_ShouldSucceed[1: assets]</td>
<td>0.005s</td>
<td class="success">passed</td>
</tr>
<tr>
<td class="success">testSave_BlacklistedName_NotAtRootLevel_ShouldSucceed[2: custom_elements]</td>
<td>0.008s</td>
<td class="success">passed</td>
</tr>
<tr>
<td class="success">testSave_BlacklistedName_NotAtRootLevel_ShouldSucceed[3: email_backups]</td>
<td>0.006s</td>
<td class="success">passed</td>
</tr>
<tr>
<td class="success">testSave_BlacklistedName_NotAtRootLevel_ShouldSucceed[4: dotcms]</td>
<td>0.017s</td>
<td class="success">passed</td>
</tr>
<tr>
<td class="success">testSave_BlacklistedName_NotAtRootLevel_ShouldSucceed[5: dotAdmin]</td>
<td>0.006s</td>
<td class="success">passed</td>
</tr>
<tr>
<td class="success">testSave_BlacklistedName_NotAtRootLevel_ShouldSucceed[6: html]</td>
<td>0.006s</td>
<td class="success">passed</td>
</tr>
<tr>
<td class="success">testSave_BlacklistedName_NotAtRootLevel_ShouldSucceed[7: DOTSASS]</td>
<td>0.005s</td>
<td class="success">passed</td>
</tr>
<tr>
<td class="success">testSave_BlacklistedName_NotAtRootLevel_ShouldSucceed[8: DOTLESS]</td>
<td>0.007s</td>
<td class="success">passed</td>
</tr>
<tr>
<td class="success">testSave_BlacklistedName_NotAtRootLevel_ShouldSucceed[9: WEB-INF]</td>
<td>0.005s</td>
<td class="success">passed</td>
</tr>
<tr>
<td class="success">testSave_BlacklistedName_ShouldFail[0: META-INF]</td>
<td>0.011s</td>
<td class="success">passed</td>
</tr>
<tr>
<td class="success">testSave_BlacklistedName_ShouldFail[10: portal]</td>
<td>0.005s</td>
<td class="success">passed</td>
</tr>
<tr>
<td class="success">testSave_BlacklistedName_ShouldFail[1: assets]</td>
<td>0.007s</td>
<td class="success">passed</td>
</tr>
<tr>
<td class="success">testSave_BlacklistedName_ShouldFail[2: custom_elements]</td>
<td>0.009s</td>
<td class="success">passed</td>
</tr>
<tr>
<td class="success">testSave_BlacklistedName_ShouldFail[3: email_backups]</td>
<td>0.010s</td>
<td class="success">passed</td>
</tr>
<tr>
<td class="success">testSave_BlacklistedName_ShouldFail[4: dotcms]</td>
<td>0.015s</td>
<td class="success">passed</td>
</tr>
<tr>
<td class="success">testSave_BlacklistedName_ShouldFail[5: dotAdmin]</td>
<td>0.007s</td>
<td class="success">passed</td>
</tr>
<tr>
<td class="success">testSave_BlacklistedName_ShouldFail[6: html]</td>
<td>0.007s</td>
<td class="success">passed</td>
</tr>
<tr>
<td class="success">testSave_BlacklistedName_ShouldFail[7: DOTSASS]</td>
<td>0.006s</td>
<td class="success">passed</td>
</tr>
<tr>
<td class="success">testSave_BlacklistedName_ShouldFail[8: DOTLESS]</td>
<td>0.008s</td>
<td class="success">passed</td>
</tr>
<tr>
<td class="success">testSave_BlacklistedName_ShouldFail[9: WEB-INF]</td>
<td>0.007s</td>
<td class="success">passed</td>
</tr>
<tr>
<td class="success">test_findFolderByPath_Admin_HostisNull_returnNullFolder</td>
<td>0.001s</td>
<td class="success">passed</td>
</tr>
<tr>
<td class="success">test_findFolderByPath_Admin_PathisNull_returnNullFolder</td>
<td>0.001s</td>
<td class="success">passed</td>
</tr>
<tr>
<td class="success">test_findFolderByPath_Admin_success</td>
<td>0.722s</td>
<td class="success">passed</td>
</tr>
<tr>
<td class="failures">test_findFolderByPath_UserNoPermissionsOverFolder_returnDotSecurityException</td>
<td>1.977s</td>
<td class="failures">failed</td>
</tr>
<tr>
<td class="failures">test_findFolderByPath_UserNoPermissionsOverHost_returnDotSecurityException</td>
<td>0.993s</td>
<td class="failures">failed</td>
</tr>
<tr>
<td class="success">test_findFolderByPath_UserWithPermissionsOverFolderAndHost_success</td>
<td>2.115s</td>
<td class="success">passed</td>
</tr>
</table>
</div>
</div>
<div id="footer">
<p>
<div>
<label class="hidden" id="label-for-line-wrapping-toggle" for="line-wrapping-toggle">Wrap lines
<input id="line-wrapping-toggle" type="checkbox" autocomplete="off"/>
</label>
</div>Generated by 
<a href="http://www.gradle.org">Gradle 4.4.1</a> at Aug 28, 2020 5:10:57 AM</p>
</div>
</div>
</body>
</html>
